<?xml version="1.0" encoding="utf-8"?>
<CoverageSession xmlns:xsd="http://www.w3.org/2001/XMLSchema" xmlns:xsi="http://www.w3.org/2001/XMLSchema-instance" Version="4.7.922.0">
  <Summary numSequencePoints="222" visitedSequencePoints="222" numBranchPoints="68" visitedBranchPoints="68" sequenceCoverage="100" branchCoverage="100" maxCyclomaticComplexity="3" minCyclomaticComplexity="1" maxCrapScore="3" minCrapScore="1" visitedClasses="8" numClasses="8" visitedMethods="56" numMethods="56" />
  <Modules>
    <Module hash="D3-53-4A-0F-F8-B2-AD-8C-82-CF-89-1C-55-0B-59-89-A0-5E-DB-45">
      <Summary numSequencePoints="116" visitedSequencePoints="116" numBranchPoints="16" visitedBranchPoints="16" sequenceCoverage="100" branchCoverage="100" maxCyclomaticComplexity="1" minCyclomaticComplexity="1" maxCrapScore="2" minCrapScore="1" visitedClasses="4" numClasses="4" visitedMethods="16" numMethods="16" />
      <ModulePath>D:\VAL\UBUPassword\vyp\UBUPassword\LibClassTests\bin\Debug\fine-code-coverage\build-output\LibClassTests.dll</ModulePath>
      <ModuleTime>2022-11-09T18:30:10.8075454Z</ModuleTime>
      <ModuleName>LibClassTests</ModuleName>
      <Files>
        <File uid="1" fullPath="D:\VAL\UBUPassword\vyp\UBUPassword\LibClassTests\EntradaLogTests.cs" />
        <File uid="2" fullPath="D:\VAL\UBUPassword\vyp\UBUPassword\LibClassTests\EntradaTests.cs" />
        <File uid="3" fullPath="D:\VAL\UBUPassword\vyp\UBUPassword\LibClassTests\UsuarioTests.cs" />
        <File uid="4" fullPath="D:\VAL\UBUPassword\vyp\UBUPassword\LibClassTests\UtilsTests.cs" />
      </Files>
      <Classes>
        <Class>
          <Summary numSequencePoints="23" visitedSequencePoints="23" numBranchPoints="3" visitedBranchPoints="3" sequenceCoverage="100" branchCoverage="100" maxCyclomaticComplexity="1" minCyclomaticComplexity="1" maxCrapScore="2" minCrapScore="1" visitedClasses="1" numClasses="1" visitedMethods="3" numMethods="3" />
          <FullName>LibClass.Tests.EntradaLogTests</FullName>
          <Methods>
            <Method visited="true" cyclomaticComplexity="1" nPathComplexity="0" sequenceCoverage="100" branchCoverage="100" crapScore="1" isConstructor="false" isStatic="false" isGetter="false" isSetter="false">
              <Summary numSequencePoints="7" visitedSequencePoints="7" numBranchPoints="1" visitedBranchPoints="1" sequenceCoverage="100" branchCoverage="100" maxCyclomaticComplexity="1" minCyclomaticComplexity="1" maxCrapScore="1" minCrapScore="1" visitedClasses="0" numClasses="0" visitedMethods="1" numMethods="1" />
              <MetadataToken>100663297</MetadataToken>
              <Name>System.Void LibClass.Tests.EntradaLogTests::Initialize()</Name>
              <FileRef uid="1" />
              <SequencePoints>
                <SequencePoint vc="2" uspid="1" ordinal="0" offset="0" sl="17" sc="9" el="17" ec="10" bec="0" bev="0" fileid="1" />
                <SequencePoint vc="2" uspid="2" ordinal="1" offset="1" sl="18" sc="13" el="18" ec="34" bec="0" bev="0" fileid="1" />
                <SequencePoint vc="2" uspid="3" ordinal="2" offset="12" sl="19" sc="13" el="19" ec="96" bec="0" bev="0" fileid="1" />
                <SequencePoint vc="2" uspid="4" ordinal="3" offset="45" sl="20" sc="13" el="20" ec="75" bec="0" bev="0" fileid="1" />
                <SequencePoint vc="2" uspid="5" ordinal="4" offset="78" sl="21" sc="13" el="21" ec="51" bec="0" bev="0" fileid="1" />
                <SequencePoint vc="2" uspid="6" ordinal="5" offset="102" sl="22" sc="13" el="22" ec="56" bec="0" bev="0" fileid="1" />
                <SequencePoint vc="2" uspid="7" ordinal="6" offset="132" sl="23" sc="9" el="23" ec="10" bec="0" bev="0" fileid="1" />
              </SequencePoints>
              <BranchPoints />
              <MethodPoint xsi:type="SequencePoint" vc="2" uspid="1" ordinal="0" offset="0" sl="17" sc="9" el="17" ec="10" bec="0" bev="0" fileid="1" />
            </Method>
            <Method visited="true" cyclomaticComplexity="1" nPathComplexity="0" sequenceCoverage="100" branchCoverage="100" crapScore="1" isConstructor="false" isStatic="false" isGetter="false" isSetter="false">
              <Summary numSequencePoints="12" visitedSequencePoints="12" numBranchPoints="1" visitedBranchPoints="1" sequenceCoverage="100" branchCoverage="100" maxCyclomaticComplexity="1" minCyclomaticComplexity="1" maxCrapScore="1" minCrapScore="1" visitedClasses="0" numClasses="0" visitedMethods="1" numMethods="1" />
              <MetadataToken>100663298</MetadataToken>
              <Name>System.Void LibClass.Tests.EntradaLogTests::GetTest()</Name>
              <FileRef uid="1" />
              <SequencePoints>
                <SequencePoint vc="1" uspid="8" ordinal="0" offset="0" sl="27" sc="9" el="27" ec="10" bec="0" bev="0" fileid="1" />
                <SequencePoint vc="1" uspid="9" ordinal="1" offset="1" sl="38" sc="13" el="38" ec="39" bec="0" bev="0" fileid="1" />
                <SequencePoint vc="1" uspid="10" ordinal="2" offset="13" sl="39" sc="13" el="39" ec="44" bec="0" bev="0" fileid="1" />
                <SequencePoint vc="1" uspid="11" ordinal="3" offset="31" sl="40" sc="13" el="40" ec="51" bec="0" bev="0" fileid="1" />
                <SequencePoint vc="1" uspid="12" ordinal="4" offset="54" sl="41" sc="13" el="41" ec="49" bec="0" bev="0" fileid="1" />
                <SequencePoint vc="1" uspid="13" ordinal="5" offset="77" sl="42" sc="13" el="42" ec="44" bec="0" bev="0" fileid="1" />
                <SequencePoint vc="1" uspid="14" ordinal="6" offset="94" sl="53" sc="13" el="53" ec="41" bec="0" bev="0" fileid="1" />
                <SequencePoint vc="1" uspid="15" ordinal="7" offset="106" sl="54" sc="13" el="54" ec="46" bec="0" bev="0" fileid="1" />
                <SequencePoint vc="1" uspid="16" ordinal="8" offset="124" sl="55" sc="13" el="55" ec="53" bec="0" bev="0" fileid="1" />
                <SequencePoint vc="1" uspid="17" ordinal="9" offset="147" sl="56" sc="13" el="56" ec="51" bec="0" bev="0" fileid="1" />
                <SequencePoint vc="1" uspid="18" ordinal="10" offset="170" sl="57" sc="13" el="57" ec="51" bec="0" bev="0" fileid="1" />
                <SequencePoint vc="1" uspid="19" ordinal="11" offset="193" sl="58" sc="9" el="58" ec="10" bec="0" bev="0" fileid="1" />
              </SequencePoints>
              <BranchPoints />
              <MethodPoint xsi:type="SequencePoint" vc="1" uspid="8" ordinal="0" offset="0" sl="27" sc="9" el="27" ec="10" bec="0" bev="0" fileid="1" />
            </Method>
            <Method visited="true" cyclomaticComplexity="1" nPathComplexity="0" sequenceCoverage="100" branchCoverage="100" crapScore="1" isConstructor="false" isStatic="false" isGetter="false" isSetter="false">
              <Summary numSequencePoints="4" visitedSequencePoints="4" numBranchPoints="1" visitedBranchPoints="1" sequenceCoverage="100" branchCoverage="100" maxCyclomaticComplexity="1" minCyclomaticComplexity="1" maxCrapScore="1" minCrapScore="1" visitedClasses="0" numClasses="0" visitedMethods="1" numMethods="1" />
              <MetadataToken>100663299</MetadataToken>
              <Name>System.Void LibClass.Tests.EntradaLogTests::FormatoTest()</Name>
              <FileRef uid="1" />
              <SequencePoints>
                <SequencePoint vc="1" uspid="20" ordinal="0" offset="0" sl="62" sc="9" el="62" ec="10" bec="0" bev="0" fileid="1" />
                <SequencePoint vc="1" uspid="21" ordinal="1" offset="1" sl="71" sc="13" el="71" ec="117" bec="0" bev="0" fileid="1" />
                <SequencePoint vc="1" uspid="22" ordinal="2" offset="61" sl="81" sc="13" el="81" ec="120" bec="0" bev="0" fileid="1" />
                <SequencePoint vc="1" uspid="23" ordinal="3" offset="115" sl="82" sc="9" el="82" ec="10" bec="0" bev="0" fileid="1" />
              </SequencePoints>
              <BranchPoints />
              <MethodPoint xsi:type="SequencePoint" vc="1" uspid="20" ordinal="0" offset="0" sl="62" sc="9" el="62" ec="10" bec="0" bev="0" fileid="1" />
            </Method>
            <Method visited="false" cyclomaticComplexity="1" nPathComplexity="0" sequenceCoverage="0" branchCoverage="0" crapScore="2" isConstructor="true" isStatic="false" isGetter="false" isSetter="false">
              <Summary numSequencePoints="0" visitedSequencePoints="0" numBranchPoints="0" visitedBranchPoints="0" sequenceCoverage="0" branchCoverage="0" maxCyclomaticComplexity="1" minCyclomaticComplexity="1" maxCrapScore="2" minCrapScore="2" visitedClasses="0" numClasses="0" visitedMethods="0" numMethods="0" />
              <MetadataToken>100663300</MetadataToken>
              <Name>System.Void LibClass.Tests.EntradaLogTests::.ctor()</Name>
              <SequencePoints />
              <BranchPoints />
              <MethodPoint vc="0" uspid="24" ordinal="0" offset="0" />
            </Method>
          </Methods>
        </Class>
        <Class>
          <Summary numSequencePoints="42" visitedSequencePoints="42" numBranchPoints="5" visitedBranchPoints="5" sequenceCoverage="100" branchCoverage="100" maxCyclomaticComplexity="1" minCyclomaticComplexity="1" maxCrapScore="2" minCrapScore="1" visitedClasses="1" numClasses="1" visitedMethods="5" numMethods="5" />
          <FullName>LibClass.Tests.EntradaTests</FullName>
          <Methods>
            <Method visited="true" cyclomaticComplexity="1" nPathComplexity="0" sequenceCoverage="100" branchCoverage="100" crapScore="1" isConstructor="false" isStatic="false" isGetter="false" isSetter="false">
              <Summary numSequencePoints="4" visitedSequencePoints="4" numBranchPoints="1" visitedBranchPoints="1" sequenceCoverage="100" branchCoverage="100" maxCyclomaticComplexity="1" minCyclomaticComplexity="1" maxCrapScore="1" minCrapScore="1" visitedClasses="0" numClasses="0" visitedMethods="1" numMethods="1" />
              <MetadataToken>100663301</MetadataToken>
              <Name>System.Void LibClass.Tests.EntradaTests::Initialize()</Name>
              <FileRef uid="2" />
              <SequencePoints>
                <SequencePoint vc="4" uspid="25" ordinal="0" offset="0" sl="13" sc="9" el="13" ec="10" bec="0" bev="0" fileid="2" />
                <SequencePoint vc="4" uspid="26" ordinal="1" offset="1" sl="14" sc="13" el="14" ec="93" bec="0" bev="0" fileid="2" />
                <SequencePoint vc="4" uspid="27" ordinal="2" offset="34" sl="15" sc="13" el="15" ec="106" bec="0" bev="0" fileid="2" />
                <SequencePoint vc="4" uspid="28" ordinal="3" offset="67" sl="16" sc="9" el="16" ec="10" bec="0" bev="0" fileid="2" />
              </SequencePoints>
              <BranchPoints />
              <MethodPoint xsi:type="SequencePoint" vc="4" uspid="25" ordinal="0" offset="0" sl="13" sc="9" el="13" ec="10" bec="0" bev="0" fileid="2" />
            </Method>
            <Method visited="true" cyclomaticComplexity="1" nPathComplexity="0" sequenceCoverage="100" branchCoverage="100" crapScore="1" isConstructor="false" isStatic="false" isGetter="false" isSetter="false">
              <Summary numSequencePoints="18" visitedSequencePoints="18" numBranchPoints="1" visitedBranchPoints="1" sequenceCoverage="100" branchCoverage="100" maxCyclomaticComplexity="1" minCyclomaticComplexity="1" maxCrapScore="1" minCrapScore="1" visitedClasses="0" numClasses="0" visitedMethods="1" numMethods="1" />
              <MetadataToken>100663302</MetadataToken>
              <Name>System.Void LibClass.Tests.EntradaTests::EntradaTest()</Name>
              <FileRef uid="2" />
              <SequencePoints>
                <SequencePoint vc="1" uspid="29" ordinal="0" offset="0" sl="21" sc="9" el="21" ec="10" bec="0" bev="0" fileid="2" />
                <SequencePoint vc="1" uspid="30" ordinal="1" offset="1" sl="32" sc="13" el="32" ec="39" bec="0" bev="0" fileid="2" />
                <SequencePoint vc="1" uspid="31" ordinal="2" offset="13" sl="34" sc="13" el="34" ec="44" bec="0" bev="0" fileid="2" />
                <SequencePoint vc="1" uspid="32" ordinal="3" offset="31" sl="35" sc="13" el="35" ec="51" bec="0" bev="0" fileid="2" />
                <SequencePoint vc="1" uspid="33" ordinal="4" offset="54" sl="36" sc="13" el="36" ec="63" bec="0" bev="0" fileid="2" />
                <SequencePoint vc="1" uspid="34" ordinal="5" offset="76" sl="37" sc="13" el="37" ec="59" bec="0" bev="0" fileid="2" />
                <SequencePoint vc="1" uspid="35" ordinal="6" offset="98" sl="38" sc="13" el="38" ec="79" bec="0" bev="0" fileid="2" />
                <SequencePoint vc="1" uspid="36" ordinal="7" offset="120" sl="48" sc="13" el="48" ec="108" bec="0" bev="0" fileid="2" />
                <SequencePoint vc="1" uspid="37" ordinal="8" offset="148" sl="49" sc="13" el="49" ec="40" bec="0" bev="0" fileid="2" />
                <SequencePoint vc="1" uspid="38" ordinal="9" offset="161" sl="50" sc="13" el="50" ec="46" bec="0" bev="0" fileid="2" />
                <SequencePoint vc="1" uspid="39" ordinal="10" offset="179" sl="51" sc="13" el="51" ec="48" bec="0" bev="0" fileid="2" />
                <SequencePoint vc="1" uspid="40" ordinal="11" offset="196" sl="52" sc="13" el="52" ec="69" bec="0" bev="0" fileid="2" />
                <SequencePoint vc="1" uspid="41" ordinal="12" offset="213" sl="54" sc="13" el="54" ec="44" bec="0" bev="0" fileid="2" />
                <SequencePoint vc="1" uspid="42" ordinal="13" offset="231" sl="55" sc="13" el="55" ec="56" bec="0" bev="0" fileid="2" />
                <SequencePoint vc="1" uspid="43" ordinal="14" offset="249" sl="56" sc="13" el="56" ec="61" bec="0" bev="0" fileid="2" />
                <SequencePoint vc="1" uspid="44" ordinal="15" offset="271" sl="57" sc="13" el="57" ec="64" bec="0" bev="0" fileid="2" />
                <SequencePoint vc="1" uspid="45" ordinal="16" offset="293" sl="58" sc="13" el="58" ec="85" bec="0" bev="0" fileid="2" />
                <SequencePoint vc="1" uspid="46" ordinal="17" offset="315" sl="59" sc="9" el="59" ec="10" bec="0" bev="0" fileid="2" />
              </SequencePoints>
              <BranchPoints />
              <MethodPoint xsi:type="SequencePoint" vc="1" uspid="29" ordinal="0" offset="0" sl="21" sc="9" el="21" ec="10" bec="0" bev="0" fileid="2" />
            </Method>
            <Method visited="true" cyclomaticComplexity="1" nPathComplexity="0" sequenceCoverage="100" branchCoverage="100" crapScore="1" isConstructor="false" isStatic="false" isGetter="false" isSetter="false">
              <Summary numSequencePoints="6" visitedSequencePoints="6" numBranchPoints="1" visitedBranchPoints="1" sequenceCoverage="100" branchCoverage="100" maxCyclomaticComplexity="1" minCyclomaticComplexity="1" maxCrapScore="1" minCrapScore="1" visitedClasses="0" numClasses="0" visitedMethods="1" numMethods="1" />
              <MetadataToken>100663303</MetadataToken>
              <Name>System.Void LibClass.Tests.EntradaTests::AccesoDueño()</Name>
              <FileRef uid="2" />
              <SequencePoints>
                <SequencePoint vc="1" uspid="47" ordinal="0" offset="0" sl="63" sc="9" el="63" ec="10" bec="0" bev="0" fileid="2" />
                <SequencePoint vc="1" uspid="48" ordinal="1" offset="1" sl="75" sc="13" el="75" ec="58" bec="0" bev="0" fileid="2" />
                <SequencePoint vc="1" uspid="49" ordinal="2" offset="24" sl="76" sc="13" el="76" ec="54" bec="0" bev="0" fileid="2" />
                <SequencePoint vc="1" uspid="50" ordinal="3" offset="47" sl="78" sc="13" el="78" ec="57" bec="0" bev="0" fileid="2" />
                <SequencePoint vc="1" uspid="51" ordinal="4" offset="70" sl="79" sc="13" el="79" ec="58" bec="0" bev="0" fileid="2" />
                <SequencePoint vc="1" uspid="52" ordinal="5" offset="93" sl="80" sc="9" el="80" ec="10" bec="0" bev="0" fileid="2" />
              </SequencePoints>
              <BranchPoints />
              <MethodPoint xsi:type="SequencePoint" vc="1" uspid="47" ordinal="0" offset="0" sl="63" sc="9" el="63" ec="10" bec="0" bev="0" fileid="2" />
            </Method>
            <Method visited="true" cyclomaticComplexity="1" nPathComplexity="0" sequenceCoverage="100" branchCoverage="100" crapScore="1" isConstructor="false" isStatic="false" isGetter="false" isSetter="false">
              <Summary numSequencePoints="11" visitedSequencePoints="11" numBranchPoints="1" visitedBranchPoints="1" sequenceCoverage="100" branchCoverage="100" maxCyclomaticComplexity="1" minCyclomaticComplexity="1" maxCrapScore="1" minCrapScore="1" visitedClasses="0" numClasses="0" visitedMethods="1" numMethods="1" />
              <MetadataToken>100663304</MetadataToken>
              <Name>System.Void LibClass.Tests.EntradaTests::AccesoUsuario()</Name>
              <FileRef uid="2" />
              <SequencePoints>
                <SequencePoint vc="1" uspid="53" ordinal="0" offset="0" sl="84" sc="9" el="84" ec="10" bec="0" bev="0" fileid="2" />
                <SequencePoint vc="1" uspid="54" ordinal="1" offset="1" sl="85" sc="13" el="85" ec="106" bec="0" bev="0" fileid="2" />
                <SequencePoint vc="1" uspid="55" ordinal="2" offset="29" sl="95" sc="13" el="95" ec="61" bec="0" bev="0" fileid="2" />
                <SequencePoint vc="1" uspid="56" ordinal="3" offset="47" sl="96" sc="13" el="96" ec="59" bec="0" bev="0" fileid="2" />
                <SequencePoint vc="1" uspid="57" ordinal="4" offset="65" sl="107" sc="13" el="107" ec="55" bec="0" bev="0" fileid="2" />
                <SequencePoint vc="1" uspid="58" ordinal="5" offset="83" sl="108" sc="13" el="108" ec="60" bec="0" bev="0" fileid="2" />
                <SequencePoint vc="1" uspid="59" ordinal="6" offset="101" sl="109" sc="13" el="109" ec="56" bec="0" bev="0" fileid="2" />
                <SequencePoint vc="1" uspid="60" ordinal="7" offset="119" sl="121" sc="13" el="121" ec="58" bec="0" bev="0" fileid="2" />
                <SequencePoint vc="1" uspid="61" ordinal="8" offset="137" sl="122" sc="13" el="122" ec="61" bec="0" bev="0" fileid="2" />
                <SequencePoint vc="1" uspid="62" ordinal="9" offset="155" sl="123" sc="13" el="123" ec="59" bec="0" bev="0" fileid="2" />
                <SequencePoint vc="1" uspid="63" ordinal="10" offset="173" sl="124" sc="9" el="124" ec="10" bec="0" bev="0" fileid="2" />
              </SequencePoints>
              <BranchPoints />
              <MethodPoint xsi:type="SequencePoint" vc="1" uspid="53" ordinal="0" offset="0" sl="84" sc="9" el="84" ec="10" bec="0" bev="0" fileid="2" />
            </Method>
            <Method visited="true" cyclomaticComplexity="1" nPathComplexity="0" sequenceCoverage="100" branchCoverage="100" crapScore="1" isConstructor="false" isStatic="false" isGetter="false" isSetter="false">
              <Summary numSequencePoints="3" visitedSequencePoints="3" numBranchPoints="1" visitedBranchPoints="1" sequenceCoverage="100" branchCoverage="100" maxCyclomaticComplexity="1" minCyclomaticComplexity="1" maxCrapScore="1" minCrapScore="1" visitedClasses="0" numClasses="0" visitedMethods="1" numMethods="1" />
              <MetadataToken>100663305</MetadataToken>
              <Name>System.Void LibClass.Tests.EntradaTests::FormatoTest()</Name>
              <FileRef uid="2" />
              <SequencePoints>
                <SequencePoint vc="1" uspid="64" ordinal="0" offset="0" sl="128" sc="9" el="128" ec="10" bec="0" bev="0" fileid="2" />
                <SequencePoint vc="1" uspid="65" ordinal="1" offset="1" sl="137" sc="13" el="137" ec="167" bec="0" bev="0" fileid="2" />
                <SequencePoint vc="1" uspid="66" ordinal="2" offset="34" sl="138" sc="9" el="138" ec="10" bec="0" bev="0" fileid="2" />
              </SequencePoints>
              <BranchPoints />
              <MethodPoint xsi:type="SequencePoint" vc="1" uspid="64" ordinal="0" offset="0" sl="128" sc="9" el="128" ec="10" bec="0" bev="0" fileid="2" />
            </Method>
            <Method visited="false" cyclomaticComplexity="1" nPathComplexity="0" sequenceCoverage="0" branchCoverage="0" crapScore="2" isConstructor="true" isStatic="false" isGetter="false" isSetter="false">
              <Summary numSequencePoints="0" visitedSequencePoints="0" numBranchPoints="0" visitedBranchPoints="0" sequenceCoverage="0" branchCoverage="0" maxCyclomaticComplexity="1" minCyclomaticComplexity="1" maxCrapScore="2" minCrapScore="2" visitedClasses="0" numClasses="0" visitedMethods="0" numMethods="0" />
              <MetadataToken>100663306</MetadataToken>
              <Name>System.Void LibClass.Tests.EntradaTests::.ctor()</Name>
              <SequencePoints />
              <BranchPoints />
              <MethodPoint vc="0" uspid="67" ordinal="0" offset="0" />
            </Method>
          </Methods>
        </Class>
        <Class>
          <Summary numSequencePoints="42" visitedSequencePoints="42" numBranchPoints="6" visitedBranchPoints="6" sequenceCoverage="100" branchCoverage="100" maxCyclomaticComplexity="1" minCyclomaticComplexity="1" maxCrapScore="2" minCrapScore="1" visitedClasses="1" numClasses="1" visitedMethods="6" numMethods="6" />
          <FullName>LibClass.Tests.UsuarioTests</FullName>
          <Methods>
            <Method visited="true" cyclomaticComplexity="1" nPathComplexity="0" sequenceCoverage="100" branchCoverage="100" crapScore="1" isConstructor="false" isStatic="false" isGetter="false" isSetter="false">
              <Summary numSequencePoints="3" visitedSequencePoints="3" numBranchPoints="1" visitedBranchPoints="1" sequenceCoverage="100" branchCoverage="100" maxCyclomaticComplexity="1" minCyclomaticComplexity="1" maxCrapScore="1" minCrapScore="1" visitedClasses="0" numClasses="0" visitedMethods="1" numMethods="1" />
              <MetadataToken>100663307</MetadataToken>
              <Name>System.Void LibClass.Tests.UsuarioTests::Initialize()</Name>
              <FileRef uid="3" />
              <SequencePoints>
                <SequencePoint vc="5" uspid="68" ordinal="0" offset="0" sl="13" sc="9" el="13" ec="10" bec="0" bev="0" fileid="3" />
                <SequencePoint vc="5" uspid="69" ordinal="1" offset="1" sl="14" sc="13" el="14" ec="98" bec="0" bev="0" fileid="3" />
                <SequencePoint vc="5" uspid="70" ordinal="2" offset="34" sl="15" sc="9" el="15" ec="10" bec="0" bev="0" fileid="3" />
              </SequencePoints>
              <BranchPoints />
              <MethodPoint xsi:type="SequencePoint" vc="5" uspid="68" ordinal="0" offset="0" sl="13" sc="9" el="13" ec="10" bec="0" bev="0" fileid="3" />
            </Method>
            <Method visited="true" cyclomaticComplexity="1" nPathComplexity="0" sequenceCoverage="100" branchCoverage="100" crapScore="1" isConstructor="false" isStatic="false" isGetter="false" isSetter="false">
              <Summary numSequencePoints="20" visitedSequencePoints="20" numBranchPoints="1" visitedBranchPoints="1" sequenceCoverage="100" branchCoverage="100" maxCyclomaticComplexity="1" minCyclomaticComplexity="1" maxCrapScore="1" minCrapScore="1" visitedClasses="0" numClasses="0" visitedMethods="1" numMethods="1" />
              <MetadataToken>100663308</MetadataToken>
              <Name>System.Void LibClass.Tests.UsuarioTests::UsuarioTest()</Name>
              <FileRef uid="3" />
              <SequencePoints>
                <SequencePoint vc="1" uspid="71" ordinal="0" offset="0" sl="19" sc="9" el="19" ec="10" bec="0" bev="0" fileid="3" />
                <SequencePoint vc="1" uspid="72" ordinal="1" offset="1" sl="31" sc="13" el="31" ec="39" bec="0" bev="0" fileid="3" />
                <SequencePoint vc="1" uspid="73" ordinal="2" offset="13" sl="32" sc="13" el="32" ec="44" bec="0" bev="0" fileid="3" />
                <SequencePoint vc="1" uspid="74" ordinal="3" offset="31" sl="33" sc="13" el="33" ec="55" bec="0" bev="0" fileid="3" />
                <SequencePoint vc="1" uspid="75" ordinal="4" offset="53" sl="34" sc="13" el="34" ec="60" bec="0" bev="0" fileid="3" />
                <SequencePoint vc="1" uspid="76" ordinal="5" offset="75" sl="35" sc="13" el="35" ec="63" bec="0" bev="0" fileid="3" />
                <SequencePoint vc="1" uspid="77" ordinal="6" offset="97" sl="36" sc="13" el="36" ec="54" bec="0" bev="0" fileid="3" />
                <SequencePoint vc="1" uspid="78" ordinal="7" offset="115" sl="37" sc="13" el="37" ec="67" bec="0" bev="0" fileid="3" />
                <SequencePoint vc="1" uspid="79" ordinal="8" offset="137" sl="47" sc="13" el="47" ec="44" bec="0" bev="0" fileid="3" />
                <SequencePoint vc="1" uspid="80" ordinal="9" offset="154" sl="48" sc="13" el="48" ec="49" bec="0" bev="0" fileid="3" />
                <SequencePoint vc="1" uspid="81" ordinal="10" offset="171" sl="49" sc="13" el="49" ec="52" bec="0" bev="0" fileid="3" />
                <SequencePoint vc="1" uspid="82" ordinal="11" offset="188" sl="50" sc="13" el="50" ec="37" bec="0" bev="0" fileid="3" />
                <SequencePoint vc="1" uspid="83" ordinal="12" offset="201" sl="51" sc="13" el="51" ec="70" bec="0" bev="0" fileid="3" />
                <SequencePoint vc="1" uspid="84" ordinal="13" offset="228" sl="53" sc="13" el="53" ec="44" bec="0" bev="0" fileid="3" />
                <SequencePoint vc="1" uspid="85" ordinal="14" offset="246" sl="54" sc="13" el="54" ec="60" bec="0" bev="0" fileid="3" />
                <SequencePoint vc="1" uspid="86" ordinal="15" offset="268" sl="55" sc="13" el="55" ec="65" bec="0" bev="0" fileid="3" />
                <SequencePoint vc="1" uspid="87" ordinal="16" offset="290" sl="56" sc="13" el="56" ec="68" bec="0" bev="0" fileid="3" />
                <SequencePoint vc="1" uspid="88" ordinal="17" offset="312" sl="57" sc="13" el="57" ec="53" bec="0" bev="0" fileid="3" />
                <SequencePoint vc="1" uspid="89" ordinal="18" offset="330" sl="58" sc="13" el="58" ec="86" bec="0" bev="0" fileid="3" />
                <SequencePoint vc="1" uspid="90" ordinal="19" offset="362" sl="59" sc="9" el="59" ec="10" bec="0" bev="0" fileid="3" />
              </SequencePoints>
              <BranchPoints />
              <MethodPoint xsi:type="SequencePoint" vc="1" uspid="71" ordinal="0" offset="0" sl="19" sc="9" el="19" ec="10" bec="0" bev="0" fileid="3" />
            </Method>
            <Method visited="true" cyclomaticComplexity="1" nPathComplexity="0" sequenceCoverage="100" branchCoverage="100" crapScore="1" isConstructor="false" isStatic="false" isGetter="false" isSetter="false">
              <Summary numSequencePoints="4" visitedSequencePoints="4" numBranchPoints="1" visitedBranchPoints="1" sequenceCoverage="100" branchCoverage="100" maxCyclomaticComplexity="1" minCyclomaticComplexity="1" maxCrapScore="1" minCrapScore="1" visitedClasses="0" numClasses="0" visitedMethods="1" numMethods="1" />
              <MetadataToken>100663309</MetadataToken>
              <Name>System.Void LibClass.Tests.UsuarioTests::ComprobarContraseña()</Name>
              <FileRef uid="3" />
              <SequencePoints>
                <SequencePoint vc="1" uspid="91" ordinal="0" offset="0" sl="63" sc="9" el="63" ec="10" bec="0" bev="0" fileid="3" />
                <SequencePoint vc="1" uspid="92" ordinal="1" offset="1" sl="73" sc="13" el="73" ec="68" bec="0" bev="0" fileid="3" />
                <SequencePoint vc="1" uspid="93" ordinal="2" offset="23" sl="85" sc="13" el="85" ec="70" bec="0" bev="0" fileid="3" />
                <SequencePoint vc="1" uspid="94" ordinal="3" offset="45" sl="86" sc="9" el="86" ec="10" bec="0" bev="0" fileid="3" />
              </SequencePoints>
              <BranchPoints />
              <MethodPoint xsi:type="SequencePoint" vc="1" uspid="91" ordinal="0" offset="0" sl="63" sc="9" el="63" ec="10" bec="0" bev="0" fileid="3" />
            </Method>
            <Method visited="true" cyclomaticComplexity="1" nPathComplexity="0" sequenceCoverage="100" branchCoverage="100" crapScore="1" isConstructor="false" isStatic="false" isGetter="false" isSetter="false">
              <Summary numSequencePoints="5" visitedSequencePoints="5" numBranchPoints="1" visitedBranchPoints="1" sequenceCoverage="100" branchCoverage="100" maxCyclomaticComplexity="1" minCyclomaticComplexity="1" maxCrapScore="1" minCrapScore="1" visitedClasses="0" numClasses="0" visitedMethods="1" numMethods="1" />
              <MetadataToken>100663310</MetadataToken>
              <Name>System.Void LibClass.Tests.UsuarioTests::CambiarContraseña()</Name>
              <FileRef uid="3" />
              <SequencePoints>
                <SequencePoint vc="1" uspid="95" ordinal="0" offset="0" sl="90" sc="9" el="90" ec="10" bec="0" bev="0" fileid="3" />
                <SequencePoint vc="1" uspid="96" ordinal="1" offset="1" sl="100" sc="13" el="100" ec="83" bec="0" bev="0" fileid="3" />
                <SequencePoint vc="1" uspid="97" ordinal="2" offset="28" sl="115" sc="13" el="115" ec="83" bec="0" bev="0" fileid="3" />
                <SequencePoint vc="1" uspid="98" ordinal="3" offset="55" sl="116" sc="13" el="116" ec="73" bec="0" bev="0" fileid="3" />
                <SequencePoint vc="1" uspid="99" ordinal="4" offset="77" sl="117" sc="9" el="117" ec="10" bec="0" bev="0" fileid="3" />
              </SequencePoints>
              <BranchPoints />
              <MethodPoint xsi:type="SequencePoint" vc="1" uspid="95" ordinal="0" offset="0" sl="90" sc="9" el="90" ec="10" bec="0" bev="0" fileid="3" />
            </Method>
            <Method visited="true" cyclomaticComplexity="1" nPathComplexity="0" sequenceCoverage="100" branchCoverage="100" crapScore="1" isConstructor="false" isStatic="false" isGetter="false" isSetter="false">
              <Summary numSequencePoints="7" visitedSequencePoints="7" numBranchPoints="1" visitedBranchPoints="1" sequenceCoverage="100" branchCoverage="100" maxCyclomaticComplexity="1" minCyclomaticComplexity="1" maxCrapScore="1" minCrapScore="1" visitedClasses="0" numClasses="0" visitedMethods="1" numMethods="1" />
              <MetadataToken>100663311</MetadataToken>
              <Name>System.Void LibClass.Tests.UsuarioTests::CaducidadTest()</Name>
              <FileRef uid="3" />
              <SequencePoints>
                <SequencePoint vc="1" uspid="100" ordinal="0" offset="0" sl="121" sc="9" el="121" ec="10" bec="0" bev="0" fileid="3" />
                <SequencePoint vc="1" uspid="101" ordinal="1" offset="1" sl="131" sc="13" el="131" ec="58" bec="0" bev="0" fileid="3" />
                <SequencePoint vc="1" uspid="102" ordinal="2" offset="18" sl="143" sc="13" el="143" ec="64" bec="0" bev="0" fileid="3" />
                <SequencePoint vc="1" uspid="103" ordinal="3" offset="52" sl="144" sc="13" el="144" ec="58" bec="0" bev="0" fileid="3" />
                <SequencePoint vc="1" uspid="104" ordinal="4" offset="69" sl="156" sc="13" el="156" ec="64" bec="0" bev="0" fileid="3" />
                <SequencePoint vc="1" uspid="105" ordinal="5" offset="103" sl="157" sc="13" el="157" ec="57" bec="0" bev="0" fileid="3" />
                <SequencePoint vc="1" uspid="106" ordinal="6" offset="120" sl="158" sc="9" el="158" ec="10" bec="0" bev="0" fileid="3" />
              </SequencePoints>
              <BranchPoints />
              <MethodPoint xsi:type="SequencePoint" vc="1" uspid="100" ordinal="0" offset="0" sl="121" sc="9" el="121" ec="10" bec="0" bev="0" fileid="3" />
            </Method>
            <Method visited="true" cyclomaticComplexity="1" nPathComplexity="0" sequenceCoverage="100" branchCoverage="100" crapScore="1" isConstructor="false" isStatic="false" isGetter="false" isSetter="false">
              <Summary numSequencePoints="3" visitedSequencePoints="3" numBranchPoints="1" visitedBranchPoints="1" sequenceCoverage="100" branchCoverage="100" maxCyclomaticComplexity="1" minCyclomaticComplexity="1" maxCrapScore="1" minCrapScore="1" visitedClasses="0" numClasses="0" visitedMethods="1" numMethods="1" />
              <MetadataToken>100663312</MetadataToken>
              <Name>System.Void LibClass.Tests.UsuarioTests::FormatoTest()</Name>
              <FileRef uid="3" />
              <SequencePoints>
                <SequencePoint vc="1" uspid="107" ordinal="0" offset="0" sl="164" sc="9" el="164" ec="10" bec="0" bev="0" fileid="3" />
                <SequencePoint vc="1" uspid="108" ordinal="1" offset="1" sl="173" sc="13" el="173" ec="87" bec="0" bev="0" fileid="3" />
                <SequencePoint vc="1" uspid="109" ordinal="2" offset="23" sl="174" sc="9" el="174" ec="10" bec="0" bev="0" fileid="3" />
              </SequencePoints>
              <BranchPoints />
              <MethodPoint xsi:type="SequencePoint" vc="1" uspid="107" ordinal="0" offset="0" sl="164" sc="9" el="164" ec="10" bec="0" bev="0" fileid="3" />
            </Method>
            <Method visited="false" cyclomaticComplexity="1" nPathComplexity="0" sequenceCoverage="0" branchCoverage="0" crapScore="2" isConstructor="true" isStatic="false" isGetter="false" isSetter="false">
              <Summary numSequencePoints="0" visitedSequencePoints="0" numBranchPoints="0" visitedBranchPoints="0" sequenceCoverage="0" branchCoverage="0" maxCyclomaticComplexity="1" minCyclomaticComplexity="1" maxCrapScore="2" minCrapScore="2" visitedClasses="0" numClasses="0" visitedMethods="0" numMethods="0" />
              <MetadataToken>100663313</MetadataToken>
              <Name>System.Void LibClass.Tests.UsuarioTests::.ctor()</Name>
              <SequencePoints />
              <BranchPoints />
              <MethodPoint vc="0" uspid="110" ordinal="0" offset="0" />
            </Method>
          </Methods>
        </Class>
        <Class>
          <Summary numSequencePoints="9" visitedSequencePoints="9" numBranchPoints="2" visitedBranchPoints="2" sequenceCoverage="100" branchCoverage="100" maxCyclomaticComplexity="1" minCyclomaticComplexity="1" maxCrapScore="2" minCrapScore="1" visitedClasses="1" numClasses="1" visitedMethods="2" numMethods="2" />
          <FullName>LibClass.Tests.UtilsTests</FullName>
          <Methods>
            <Method visited="true" cyclomaticComplexity="1" nPathComplexity="0" sequenceCoverage="100" branchCoverage="100" crapScore="1" isConstructor="false" isStatic="false" isGetter="false" isSetter="false">
              <Summary numSequencePoints="5" visitedSequencePoints="5" numBranchPoints="1" visitedBranchPoints="1" sequenceCoverage="100" branchCoverage="100" maxCyclomaticComplexity="1" minCyclomaticComplexity="1" maxCrapScore="1" minCrapScore="1" visitedClasses="0" numClasses="0" visitedMethods="1" numMethods="1" />
              <MetadataToken>100663314</MetadataToken>
              <Name>System.Void LibClass.Tests.UtilsTests::PasswordCorrectoTest()</Name>
              <FileRef uid="4" />
              <SequencePoints>
                <SequencePoint vc="1" uspid="111" ordinal="0" offset="0" sl="16" sc="9" el="16" ec="10" bec="0" bev="0" fileid="4" />
                <SequencePoint vc="1" uspid="112" ordinal="1" offset="1" sl="24" sc="13" el="24" ec="60" bec="0" bev="0" fileid="4" />
                <SequencePoint vc="1" uspid="113" ordinal="2" offset="17" sl="33" sc="13" el="33" ec="74" bec="0" bev="0" fileid="4" />
                <SequencePoint vc="1" uspid="114" ordinal="3" offset="33" sl="41" sc="13" el="41" ec="64" bec="0" bev="0" fileid="4" />
                <SequencePoint vc="1" uspid="115" ordinal="4" offset="49" sl="42" sc="9" el="42" ec="10" bec="0" bev="0" fileid="4" />
              </SequencePoints>
              <BranchPoints />
              <MethodPoint xsi:type="SequencePoint" vc="1" uspid="111" ordinal="0" offset="0" sl="16" sc="9" el="16" ec="10" bec="0" bev="0" fileid="4" />
            </Method>
            <Method visited="true" cyclomaticComplexity="1" nPathComplexity="0" sequenceCoverage="100" branchCoverage="100" crapScore="1" isConstructor="false" isStatic="false" isGetter="false" isSetter="false">
              <Summary numSequencePoints="4" visitedSequencePoints="4" numBranchPoints="1" visitedBranchPoints="1" sequenceCoverage="100" branchCoverage="100" maxCyclomaticComplexity="1" minCyclomaticComplexity="1" maxCrapScore="1" minCrapScore="1" visitedClasses="0" numClasses="0" visitedMethods="1" numMethods="1" />
              <MetadataToken>100663315</MetadataToken>
              <Name>System.Void LibClass.Tests.UtilsTests::EsEmailTest()</Name>
              <FileRef uid="4" />
              <SequencePoints>
                <SequencePoint vc="1" uspid="116" ordinal="0" offset="0" sl="47" sc="9" el="47" ec="10" bec="0" bev="0" fileid="4" />
                <SequencePoint vc="1" uspid="117" ordinal="1" offset="1" sl="55" sc="13" el="55" ec="60" bec="0" bev="0" fileid="4" />
                <SequencePoint vc="1" uspid="118" ordinal="2" offset="17" sl="64" sc="13" el="64" ec="59" bec="0" bev="0" fileid="4" />
                <SequencePoint vc="1" uspid="119" ordinal="3" offset="33" sl="65" sc="9" el="65" ec="10" bec="0" bev="0" fileid="4" />
              </SequencePoints>
              <BranchPoints />
              <MethodPoint xsi:type="SequencePoint" vc="1" uspid="116" ordinal="0" offset="0" sl="47" sc="9" el="47" ec="10" bec="0" bev="0" fileid="4" />
            </Method>
            <Method visited="false" cyclomaticComplexity="1" nPathComplexity="0" sequenceCoverage="0" branchCoverage="0" crapScore="2" isConstructor="true" isStatic="false" isGetter="false" isSetter="false">
              <Summary numSequencePoints="0" visitedSequencePoints="0" numBranchPoints="0" visitedBranchPoints="0" sequenceCoverage="0" branchCoverage="0" maxCyclomaticComplexity="1" minCyclomaticComplexity="1" maxCrapScore="2" minCrapScore="2" visitedClasses="0" numClasses="0" visitedMethods="0" numMethods="0" />
              <MetadataToken>100663316</MetadataToken>
              <Name>System.Void LibClass.Tests.UtilsTests::.ctor()</Name>
              <SequencePoints />
              <BranchPoints />
              <MethodPoint vc="0" uspid="120" ordinal="0" offset="0" />
            </Method>
          </Methods>
        </Class>
      </Classes>
    </Module>
    <Module hash="E1-AF-AF-86-02-C6-BC-5D-96-8F-83-D4-21-4C-AC-C1-1D-67-54-D4">
      <Summary numSequencePoints="106" visitedSequencePoints="106" numBranchPoints="52" visitedBranchPoints="52" sequenceCoverage="100" branchCoverage="100" maxCyclomaticComplexity="3" minCyclomaticComplexity="1" maxCrapScore="3" minCrapScore="1" visitedClasses="4" numClasses="4" visitedMethods="40" numMethods="40" />
      <ModulePath>D:\VAL\UBUPassword\vyp\UBUPassword\LibClassTests\bin\Debug\fine-code-coverage\build-output\LibClass.dll</ModulePath>
      <ModuleTime>2022-11-09T18:30:09.8171009Z</ModuleTime>
      <ModuleName>LibClass</ModuleName>
      <Files>
        <File uid="9" fullPath="D:\VAL\UBUPassword\vyp\UBUPassword\LibClass\Entrada.cs" />
        <File uid="10" fullPath="D:\VAL\UBUPassword\vyp\UBUPassword\LibClass\EntradaLog.cs" />
        <File uid="11" fullPath="D:\VAL\UBUPassword\vyp\UBUPassword\LibClass\Usuario.cs" />
        <File uid="12" fullPath="D:\VAL\UBUPassword\vyp\UBUPassword\LibClass\Utils.cs" />
      </Files>
      <Classes>
        <Class>
          <Summary numSequencePoints="30" visitedSequencePoints="30" numBranchPoints="18" visitedBranchPoints="18" sequenceCoverage="100" branchCoverage="100" maxCyclomaticComplexity="2" minCyclomaticComplexity="1" maxCrapScore="2" minCrapScore="1" visitedClasses="1" numClasses="1" visitedMethods="14" numMethods="14" />
          <FullName>LibClass.Entrada</FullName>
          <Methods>
            <Method visited="true" cyclomaticComplexity="1" nPathComplexity="0" sequenceCoverage="100" branchCoverage="100" crapScore="1" isConstructor="false" isStatic="false" isGetter="true" isSetter="false">
              <Summary numSequencePoints="1" visitedSequencePoints="1" numBranchPoints="1" visitedBranchPoints="1" sequenceCoverage="100" branchCoverage="100" maxCyclomaticComplexity="1" minCyclomaticComplexity="1" maxCrapScore="1" minCrapScore="1" visitedClasses="0" numClasses="0" visitedMethods="1" numMethods="1" />
              <MetadataToken>100663298</MetadataToken>
              <Name>System.Int16 LibClass.Entrada::get_Id()</Name>
              <FileRef uid="9" />
              <SequencePoints>
                <SequencePoint vc="2" uspid="121" ordinal="0" offset="0" sl="30" sc="20" el="30" ec="22" bec="0" bev="0" fileid="9" />
              </SequencePoints>
              <BranchPoints />
              <MethodPoint xsi:type="SequencePoint" vc="2" uspid="121" ordinal="0" offset="0" sl="30" sc="20" el="30" ec="22" bec="0" bev="0" fileid="9" />
            </Method>
            <Method visited="true" cyclomaticComplexity="1" nPathComplexity="0" sequenceCoverage="100" branchCoverage="100" crapScore="1" isConstructor="false" isStatic="false" isGetter="true" isSetter="false">
              <Summary numSequencePoints="1" visitedSequencePoints="1" numBranchPoints="1" visitedBranchPoints="1" sequenceCoverage="100" branchCoverage="100" maxCyclomaticComplexity="1" minCyclomaticComplexity="1" maxCrapScore="1" minCrapScore="1" visitedClasses="0" numClasses="0" visitedMethods="1" numMethods="1" />
              <MetadataToken>100663299</MetadataToken>
              <Name>LibClass.Usuario LibClass.Entrada::get_Dueño()</Name>
              <FileRef uid="9" />
              <SequencePoints>
                <SequencePoint vc="2" uspid="122" ordinal="0" offset="0" sl="35" sc="20" el="35" ec="25" bec="0" bev="0" fileid="9" />
              </SequencePoints>
              <BranchPoints />
              <MethodPoint xsi:type="SequencePoint" vc="2" uspid="122" ordinal="0" offset="0" sl="35" sc="20" el="35" ec="25" bec="0" bev="0" fileid="9" />
            </Method>
            <Method visited="true" cyclomaticComplexity="1" nPathComplexity="0" sequenceCoverage="100" branchCoverage="100" crapScore="1" isConstructor="false" isStatic="false" isGetter="false" isSetter="true">
              <Summary numSequencePoints="1" visitedSequencePoints="1" numBranchPoints="1" visitedBranchPoints="1" sequenceCoverage="100" branchCoverage="100" maxCyclomaticComplexity="1" minCyclomaticComplexity="1" maxCrapScore="1" minCrapScore="1" visitedClasses="0" numClasses="0" visitedMethods="1" numMethods="1" />
              <MetadataToken>100663300</MetadataToken>
              <Name>System.Void LibClass.Entrada::set_Dueño(LibClass.Usuario)</Name>
              <FileRef uid="9" />
              <SequencePoints>
                <SequencePoint vc="1" uspid="123" ordinal="0" offset="0" sl="36" sc="20" el="36" ec="33" bec="0" bev="0" fileid="9" />
              </SequencePoints>
              <BranchPoints />
              <MethodPoint xsi:type="SequencePoint" vc="1" uspid="123" ordinal="0" offset="0" sl="36" sc="20" el="36" ec="33" bec="0" bev="0" fileid="9" />
            </Method>
            <Method visited="true" cyclomaticComplexity="1" nPathComplexity="0" sequenceCoverage="100" branchCoverage="100" crapScore="1" isConstructor="false" isStatic="false" isGetter="true" isSetter="false">
              <Summary numSequencePoints="1" visitedSequencePoints="1" numBranchPoints="1" visitedBranchPoints="1" sequenceCoverage="100" branchCoverage="100" maxCyclomaticComplexity="1" minCyclomaticComplexity="1" maxCrapScore="1" minCrapScore="1" visitedClasses="0" numClasses="0" visitedMethods="1" numMethods="1" />
              <MetadataToken>100663301</MetadataToken>
              <Name>System.String LibClass.Entrada::get_Email()</Name>
              <FileRef uid="9" />
              <SequencePoints>
                <SequencePoint vc="2" uspid="124" ordinal="0" offset="0" sl="41" sc="20" el="41" ec="25" bec="0" bev="0" fileid="9" />
              </SequencePoints>
              <BranchPoints />
              <MethodPoint xsi:type="SequencePoint" vc="2" uspid="124" ordinal="0" offset="0" sl="41" sc="20" el="41" ec="25" bec="0" bev="0" fileid="9" />
            </Method>
            <Method visited="true" cyclomaticComplexity="1" nPathComplexity="0" sequenceCoverage="100" branchCoverage="100" crapScore="1" isConstructor="false" isStatic="false" isGetter="false" isSetter="true">
              <Summary numSequencePoints="1" visitedSequencePoints="1" numBranchPoints="1" visitedBranchPoints="1" sequenceCoverage="100" branchCoverage="100" maxCyclomaticComplexity="1" minCyclomaticComplexity="1" maxCrapScore="1" minCrapScore="1" visitedClasses="0" numClasses="0" visitedMethods="1" numMethods="1" />
              <MetadataToken>100663302</MetadataToken>
              <Name>System.Void LibClass.Entrada::set_Email(System.String)</Name>
              <FileRef uid="9" />
              <SequencePoints>
                <SequencePoint vc="1" uspid="125" ordinal="0" offset="0" sl="42" sc="20" el="42" ec="33" bec="0" bev="0" fileid="9" />
              </SequencePoints>
              <BranchPoints />
              <MethodPoint xsi:type="SequencePoint" vc="1" uspid="125" ordinal="0" offset="0" sl="42" sc="20" el="42" ec="33" bec="0" bev="0" fileid="9" />
            </Method>
            <Method visited="true" cyclomaticComplexity="1" nPathComplexity="0" sequenceCoverage="100" branchCoverage="100" crapScore="1" isConstructor="false" isStatic="false" isGetter="true" isSetter="false">
              <Summary numSequencePoints="1" visitedSequencePoints="1" numBranchPoints="1" visitedBranchPoints="1" sequenceCoverage="100" branchCoverage="100" maxCyclomaticComplexity="1" minCyclomaticComplexity="1" maxCrapScore="1" minCrapScore="1" visitedClasses="0" numClasses="0" visitedMethods="1" numMethods="1" />
              <MetadataToken>100663303</MetadataToken>
              <Name>System.String LibClass.Entrada::get_Password()</Name>
              <FileRef uid="9" />
              <SequencePoints>
                <SequencePoint vc="2" uspid="126" ordinal="0" offset="0" sl="47" sc="20" el="47" ec="28" bec="0" bev="0" fileid="9" />
              </SequencePoints>
              <BranchPoints />
              <MethodPoint xsi:type="SequencePoint" vc="2" uspid="126" ordinal="0" offset="0" sl="47" sc="20" el="47" ec="28" bec="0" bev="0" fileid="9" />
            </Method>
            <Method visited="true" cyclomaticComplexity="1" nPathComplexity="0" sequenceCoverage="100" branchCoverage="100" crapScore="1" isConstructor="false" isStatic="false" isGetter="false" isSetter="true">
              <Summary numSequencePoints="1" visitedSequencePoints="1" numBranchPoints="1" visitedBranchPoints="1" sequenceCoverage="100" branchCoverage="100" maxCyclomaticComplexity="1" minCyclomaticComplexity="1" maxCrapScore="1" minCrapScore="1" visitedClasses="0" numClasses="0" visitedMethods="1" numMethods="1" />
              <MetadataToken>100663304</MetadataToken>
              <Name>System.Void LibClass.Entrada::set_Password(System.String)</Name>
              <FileRef uid="9" />
              <SequencePoints>
                <SequencePoint vc="1" uspid="127" ordinal="0" offset="0" sl="48" sc="20" el="48" ec="36" bec="0" bev="0" fileid="9" />
              </SequencePoints>
              <BranchPoints />
              <MethodPoint xsi:type="SequencePoint" vc="1" uspid="127" ordinal="0" offset="0" sl="48" sc="20" el="48" ec="36" bec="0" bev="0" fileid="9" />
            </Method>
            <Method visited="true" cyclomaticComplexity="1" nPathComplexity="0" sequenceCoverage="100" branchCoverage="100" crapScore="1" isConstructor="false" isStatic="false" isGetter="true" isSetter="false">
              <Summary numSequencePoints="1" visitedSequencePoints="1" numBranchPoints="1" visitedBranchPoints="1" sequenceCoverage="100" branchCoverage="100" maxCyclomaticComplexity="1" minCyclomaticComplexity="1" maxCrapScore="1" minCrapScore="1" visitedClasses="0" numClasses="0" visitedMethods="1" numMethods="1" />
              <MetadataToken>100663305</MetadataToken>
              <Name>System.String LibClass.Entrada::get_Descripción()</Name>
              <FileRef uid="9" />
              <SequencePoints>
                <SequencePoint vc="2" uspid="128" ordinal="0" offset="0" sl="53" sc="20" el="53" ec="31" bec="0" bev="0" fileid="9" />
              </SequencePoints>
              <BranchPoints />
              <MethodPoint xsi:type="SequencePoint" vc="2" uspid="128" ordinal="0" offset="0" sl="53" sc="20" el="53" ec="31" bec="0" bev="0" fileid="9" />
            </Method>
            <Method visited="true" cyclomaticComplexity="1" nPathComplexity="0" sequenceCoverage="100" branchCoverage="100" crapScore="1" isConstructor="false" isStatic="false" isGetter="false" isSetter="true">
              <Summary numSequencePoints="1" visitedSequencePoints="1" numBranchPoints="1" visitedBranchPoints="1" sequenceCoverage="100" branchCoverage="100" maxCyclomaticComplexity="1" minCyclomaticComplexity="1" maxCrapScore="1" minCrapScore="1" visitedClasses="0" numClasses="0" visitedMethods="1" numMethods="1" />
              <MetadataToken>100663306</MetadataToken>
              <Name>System.Void LibClass.Entrada::set_Descripción(System.String)</Name>
              <FileRef uid="9" />
              <SequencePoints>
                <SequencePoint vc="1" uspid="129" ordinal="0" offset="0" sl="54" sc="20" el="54" ec="39" bec="0" bev="0" fileid="9" />
              </SequencePoints>
              <BranchPoints />
              <MethodPoint xsi:type="SequencePoint" vc="1" uspid="129" ordinal="0" offset="0" sl="54" sc="20" el="54" ec="39" bec="0" bev="0" fileid="9" />
            </Method>
            <Method visited="true" cyclomaticComplexity="1" nPathComplexity="0" sequenceCoverage="100" branchCoverage="100" crapScore="1" isConstructor="true" isStatic="false" isGetter="false" isSetter="false">
              <Summary numSequencePoints="9" visitedSequencePoints="9" numBranchPoints="1" visitedBranchPoints="1" sequenceCoverage="100" branchCoverage="100" maxCyclomaticComplexity="1" minCyclomaticComplexity="1" maxCrapScore="1" minCrapScore="1" visitedClasses="0" numClasses="0" visitedMethods="1" numMethods="1" />
              <MetadataToken>100663297</MetadataToken>
              <Name>System.Void LibClass.Entrada::.ctor(System.Int16,LibClass.Usuario,System.String,System.String,System.String)</Name>
              <FileRef uid="9" />
              <SequencePoints>
                <SequencePoint vc="6" uspid="130" ordinal="0" offset="0" sl="15" sc="9" el="15" ec="99" bec="0" bev="0" fileid="9" />
                <SequencePoint vc="6" uspid="131" ordinal="1" offset="7" sl="16" sc="9" el="16" ec="10" bec="0" bev="0" fileid="9" />
                <SequencePoint vc="6" uspid="132" ordinal="2" offset="8" sl="17" sc="13" el="17" ec="26" bec="0" bev="0" fileid="9" />
                <SequencePoint vc="6" uspid="133" ordinal="3" offset="15" sl="18" sc="13" el="18" ec="32" bec="0" bev="0" fileid="9" />
                <SequencePoint vc="6" uspid="134" ordinal="4" offset="22" sl="19" sc="13" el="19" ec="32" bec="0" bev="0" fileid="9" />
                <SequencePoint vc="6" uspid="135" ordinal="5" offset="29" sl="20" sc="13" el="20" ec="38" bec="0" bev="0" fileid="9" />
                <SequencePoint vc="6" uspid="136" ordinal="6" offset="37" sl="21" sc="13" el="21" ec="44" bec="0" bev="0" fileid="9" />
                <SequencePoint vc="6" uspid="137" ordinal="7" offset="45" sl="23" sc="13" el="23" ec="58" bec="0" bev="0" fileid="9" />
                <SequencePoint vc="6" uspid="138" ordinal="8" offset="56" sl="24" sc="9" el="24" ec="10" bec="0" bev="0" fileid="9" />
              </SequencePoints>
              <BranchPoints />
              <MethodPoint xsi:type="SequencePoint" vc="6" uspid="130" ordinal="0" offset="0" sl="15" sc="9" el="15" ec="99" bec="0" bev="0" fileid="9" />
            </Method>
            <Method visited="true" cyclomaticComplexity="2" nPathComplexity="2" sequenceCoverage="100" branchCoverage="100" crapScore="2" isConstructor="false" isStatic="false" isGetter="false" isSetter="false">
              <Summary numSequencePoints="3" visitedSequencePoints="3" numBranchPoints="3" visitedBranchPoints="3" sequenceCoverage="100" branchCoverage="100" maxCyclomaticComplexity="2" minCyclomaticComplexity="2" maxCrapScore="2" minCrapScore="2" visitedClasses="0" numClasses="0" visitedMethods="1" numMethods="1" />
              <MetadataToken>100663307</MetadataToken>
              <Name>System.Boolean LibClass.Entrada::Autorizar(LibClass.Usuario)</Name>
              <FileRef uid="9" />
              <SequencePoints>
                <SequencePoint vc="3" uspid="139" ordinal="0" offset="0" sl="66" sc="9" el="66" ec="10" bec="0" bev="0" fileid="9" />
                <SequencePoint vc="3" uspid="140" ordinal="1" offset="1" sl="67" sc="13" el="67" ec="73" bec="2" bev="2" fileid="9" />
                <SequencePoint vc="3" uspid="141" ordinal="2" offset="28" sl="68" sc="9" el="68" ec="10" bec="0" bev="0" fileid="9" />
              </SequencePoints>
              <BranchPoints>
                <BranchPoint vc="2" uspid="142" ordinal="0" offset="8" sl="67" path="0" offsetend="10" fileid="9" />
                <BranchPoint vc="1" uspid="143" ordinal="1" offset="8" sl="67" path="1" offsetend="24" fileid="9" />
              </BranchPoints>
              <MethodPoint xsi:type="SequencePoint" vc="3" uspid="139" ordinal="0" offset="0" sl="66" sc="9" el="66" ec="10" bec="0" bev="0" fileid="9" />
            </Method>
            <Method visited="true" cyclomaticComplexity="1" nPathComplexity="0" sequenceCoverage="100" branchCoverage="100" crapScore="1" isConstructor="false" isStatic="false" isGetter="false" isSetter="false">
              <Summary numSequencePoints="3" visitedSequencePoints="3" numBranchPoints="1" visitedBranchPoints="1" sequenceCoverage="100" branchCoverage="100" maxCyclomaticComplexity="1" minCyclomaticComplexity="1" maxCrapScore="1" minCrapScore="1" visitedClasses="0" numClasses="0" visitedMethods="1" numMethods="1" />
              <MetadataToken>100663308</MetadataToken>
              <Name>System.Boolean LibClass.Entrada::Desautorizar(LibClass.Usuario)</Name>
              <FileRef uid="9" />
              <SequencePoints>
                <SequencePoint vc="4" uspid="144" ordinal="0" offset="0" sl="80" sc="9" el="80" ec="10" bec="0" bev="0" fileid="9" />
                <SequencePoint vc="4" uspid="145" ordinal="1" offset="1" sl="81" sc="13" el="81" ec="56" bec="0" bev="0" fileid="9" />
                <SequencePoint vc="4" uspid="146" ordinal="2" offset="16" sl="82" sc="9" el="82" ec="10" bec="0" bev="0" fileid="9" />
              </SequencePoints>
              <BranchPoints />
              <MethodPoint xsi:type="SequencePoint" vc="4" uspid="144" ordinal="0" offset="0" sl="80" sc="9" el="80" ec="10" bec="0" bev="0" fileid="9" />
            </Method>
            <Method visited="true" cyclomaticComplexity="2" nPathComplexity="2" sequenceCoverage="100" branchCoverage="100" crapScore="2" isConstructor="false" isStatic="false" isGetter="false" isSetter="false">
              <Summary numSequencePoints="3" visitedSequencePoints="3" numBranchPoints="3" visitedBranchPoints="3" sequenceCoverage="100" branchCoverage="100" maxCyclomaticComplexity="2" minCyclomaticComplexity="2" maxCrapScore="2" minCrapScore="2" visitedClasses="0" numClasses="0" visitedMethods="1" numMethods="1" />
              <MetadataToken>100663309</MetadataToken>
              <Name>System.Boolean LibClass.Entrada::EstaAutorizado(LibClass.Usuario)</Name>
              <FileRef uid="9" />
              <SequencePoints>
                <SequencePoint vc="5" uspid="147" ordinal="0" offset="0" sl="92" sc="9" el="92" ec="10" bec="0" bev="0" fileid="9" />
                <SequencePoint vc="5" uspid="148" ordinal="1" offset="1" sl="93" sc="13" el="93" ec="78" bec="2" bev="2" fileid="9" />
                <SequencePoint vc="5" uspid="149" ordinal="2" offset="30" sl="94" sc="9" el="94" ec="10" bec="0" bev="0" fileid="9" />
              </SequencePoints>
              <BranchPoints>
                <BranchPoint vc="4" uspid="150" ordinal="0" offset="13" sl="93" path="0" offsetend="15" fileid="9" />
                <BranchPoint vc="1" uspid="151" ordinal="1" offset="13" sl="93" path="1" offsetend="26" fileid="9" />
              </BranchPoints>
              <MethodPoint xsi:type="SequencePoint" vc="5" uspid="147" ordinal="0" offset="0" sl="92" sc="9" el="92" ec="10" bec="0" bev="0" fileid="9" />
            </Method>
            <Method visited="true" cyclomaticComplexity="1" nPathComplexity="0" sequenceCoverage="100" branchCoverage="100" crapScore="1" isConstructor="false" isStatic="false" isGetter="false" isSetter="false">
              <Summary numSequencePoints="3" visitedSequencePoints="3" numBranchPoints="1" visitedBranchPoints="1" sequenceCoverage="100" branchCoverage="100" maxCyclomaticComplexity="1" minCyclomaticComplexity="1" maxCrapScore="1" minCrapScore="1" visitedClasses="0" numClasses="0" visitedMethods="1" numMethods="1" />
              <MetadataToken>100663310</MetadataToken>
              <Name>System.String LibClass.Entrada::ToString()</Name>
              <FileRef uid="9" />
              <SequencePoints>
                <SequencePoint vc="3" uspid="152" ordinal="0" offset="0" sl="103" sc="9" el="103" ec="10" bec="0" bev="0" fileid="9" />
                <SequencePoint vc="3" uspid="153" ordinal="1" offset="1" sl="104" sc="13" el="104" ec="119" bec="0" bev="0" fileid="9" />
                <SequencePoint vc="3" uspid="154" ordinal="2" offset="56" sl="105" sc="9" el="105" ec="10" bec="0" bev="0" fileid="9" />
              </SequencePoints>
              <BranchPoints />
              <MethodPoint xsi:type="SequencePoint" vc="3" uspid="152" ordinal="0" offset="0" sl="103" sc="9" el="103" ec="10" bec="0" bev="0" fileid="9" />
            </Method>
          </Methods>
        </Class>
        <Class>
          <Summary numSequencePoints="24" visitedSequencePoints="24" numBranchPoints="9" visitedBranchPoints="9" sequenceCoverage="100" branchCoverage="100" maxCyclomaticComplexity="2" minCyclomaticComplexity="1" maxCrapScore="2" minCrapScore="1" visitedClasses="1" numClasses="1" visitedMethods="7" numMethods="7" />
          <FullName>LibClass.EntradaLog</FullName>
          <Methods>
            <Method visited="true" cyclomaticComplexity="1" nPathComplexity="0" sequenceCoverage="100" branchCoverage="100" crapScore="1" isConstructor="false" isStatic="false" isGetter="true" isSetter="false">
              <Summary numSequencePoints="1" visitedSequencePoints="1" numBranchPoints="1" visitedBranchPoints="1" sequenceCoverage="100" branchCoverage="100" maxCyclomaticComplexity="1" minCyclomaticComplexity="1" maxCrapScore="1" minCrapScore="1" visitedClasses="0" numClasses="0" visitedMethods="1" numMethods="1" />
              <MetadataToken>100663313</MetadataToken>
              <Name>System.Int16 LibClass.EntradaLog::get_Id()</Name>
              <FileRef uid="10" />
              <SequencePoints>
                <SequencePoint vc="2" uspid="155" ordinal="0" offset="0" sl="42" sc="20" el="42" ec="22" bec="0" bev="0" fileid="10" />
              </SequencePoints>
              <BranchPoints />
              <MethodPoint xsi:type="SequencePoint" vc="2" uspid="155" ordinal="0" offset="0" sl="42" sc="20" el="42" ec="22" bec="0" bev="0" fileid="10" />
            </Method>
            <Method visited="true" cyclomaticComplexity="1" nPathComplexity="0" sequenceCoverage="100" branchCoverage="100" crapScore="1" isConstructor="false" isStatic="false" isGetter="true" isSetter="false">
              <Summary numSequencePoints="1" visitedSequencePoints="1" numBranchPoints="1" visitedBranchPoints="1" sequenceCoverage="100" branchCoverage="100" maxCyclomaticComplexity="1" minCyclomaticComplexity="1" maxCrapScore="1" minCrapScore="1" visitedClasses="0" numClasses="0" visitedMethods="1" numMethods="1" />
              <MetadataToken>100663314</MetadataToken>
              <Name>System.DateTime LibClass.EntradaLog::get_Fecha()</Name>
              <FileRef uid="10" />
              <SequencePoints>
                <SequencePoint vc="2" uspid="156" ordinal="0" offset="0" sl="47" sc="20" el="47" ec="25" bec="0" bev="0" fileid="10" />
              </SequencePoints>
              <BranchPoints />
              <MethodPoint xsi:type="SequencePoint" vc="2" uspid="156" ordinal="0" offset="0" sl="47" sc="20" el="47" ec="25" bec="0" bev="0" fileid="10" />
            </Method>
            <Method visited="true" cyclomaticComplexity="1" nPathComplexity="0" sequenceCoverage="100" branchCoverage="100" crapScore="1" isConstructor="false" isStatic="false" isGetter="true" isSetter="false">
              <Summary numSequencePoints="1" visitedSequencePoints="1" numBranchPoints="1" visitedBranchPoints="1" sequenceCoverage="100" branchCoverage="100" maxCyclomaticComplexity="1" minCyclomaticComplexity="1" maxCrapScore="1" minCrapScore="1" visitedClasses="0" numClasses="0" visitedMethods="1" numMethods="1" />
              <MetadataToken>100663315</MetadataToken>
              <Name>LibClass.Usuario LibClass.EntradaLog::get_Usuario()</Name>
              <FileRef uid="10" />
              <SequencePoints>
                <SequencePoint vc="2" uspid="157" ordinal="0" offset="0" sl="52" sc="20" el="52" ec="27" bec="0" bev="0" fileid="10" />
              </SequencePoints>
              <BranchPoints />
              <MethodPoint xsi:type="SequencePoint" vc="2" uspid="157" ordinal="0" offset="0" sl="52" sc="20" el="52" ec="27" bec="0" bev="0" fileid="10" />
            </Method>
            <Method visited="true" cyclomaticComplexity="1" nPathComplexity="0" sequenceCoverage="100" branchCoverage="100" crapScore="1" isConstructor="false" isStatic="false" isGetter="true" isSetter="false">
              <Summary numSequencePoints="1" visitedSequencePoints="1" numBranchPoints="1" visitedBranchPoints="1" sequenceCoverage="100" branchCoverage="100" maxCyclomaticComplexity="1" minCyclomaticComplexity="1" maxCrapScore="1" minCrapScore="1" visitedClasses="0" numClasses="0" visitedMethods="1" numMethods="1" />
              <MetadataToken>100663316</MetadataToken>
              <Name>LibClass.Entrada LibClass.EntradaLog::get_Entrada()</Name>
              <FileRef uid="10" />
              <SequencePoints>
                <SequencePoint vc="2" uspid="158" ordinal="0" offset="0" sl="57" sc="20" el="57" ec="27" bec="0" bev="0" fileid="10" />
              </SequencePoints>
              <BranchPoints />
              <MethodPoint xsi:type="SequencePoint" vc="2" uspid="158" ordinal="0" offset="0" sl="57" sc="20" el="57" ec="27" bec="0" bev="0" fileid="10" />
            </Method>
            <Method visited="true" cyclomaticComplexity="1" nPathComplexity="0" sequenceCoverage="100" branchCoverage="100" crapScore="1" isConstructor="true" isStatic="false" isGetter="false" isSetter="false">
              <Summary numSequencePoints="7" visitedSequencePoints="7" numBranchPoints="1" visitedBranchPoints="1" sequenceCoverage="100" branchCoverage="100" maxCyclomaticComplexity="1" minCyclomaticComplexity="1" maxCrapScore="1" minCrapScore="1" visitedClasses="0" numClasses="0" visitedMethods="1" numMethods="1" />
              <MetadataToken>100663311</MetadataToken>
              <Name>System.Void LibClass.EntradaLog::.ctor(System.Int16,System.DateTime,LibClass.Usuario,LibClass.Entrada)</Name>
              <FileRef uid="10" />
              <SequencePoints>
                <SequencePoint vc="2" uspid="159" ordinal="0" offset="0" sl="19" sc="9" el="19" ec="86" bec="0" bev="0" fileid="10" />
                <SequencePoint vc="2" uspid="160" ordinal="1" offset="7" sl="20" sc="9" el="20" ec="10" bec="0" bev="0" fileid="10" />
                <SequencePoint vc="2" uspid="161" ordinal="2" offset="8" sl="21" sc="13" el="21" ec="26" bec="0" bev="0" fileid="10" />
                <SequencePoint vc="2" uspid="162" ordinal="3" offset="15" sl="22" sc="13" el="22" ec="32" bec="0" bev="0" fileid="10" />
                <SequencePoint vc="2" uspid="163" ordinal="4" offset="22" sl="23" sc="13" el="23" ec="36" bec="0" bev="0" fileid="10" />
                <SequencePoint vc="2" uspid="164" ordinal="5" offset="29" sl="24" sc="13" el="24" ec="36" bec="0" bev="0" fileid="10" />
                <SequencePoint vc="2" uspid="165" ordinal="6" offset="37" sl="25" sc="9" el="25" ec="10" bec="0" bev="0" fileid="10" />
              </SequencePoints>
              <BranchPoints />
              <MethodPoint xsi:type="SequencePoint" vc="2" uspid="159" ordinal="0" offset="0" sl="19" sc="9" el="19" ec="86" bec="0" bev="0" fileid="10" />
            </Method>
            <Method visited="true" cyclomaticComplexity="1" nPathComplexity="0" sequenceCoverage="100" branchCoverage="100" crapScore="1" isConstructor="true" isStatic="false" isGetter="false" isSetter="false">
              <Summary numSequencePoints="6" visitedSequencePoints="6" numBranchPoints="1" visitedBranchPoints="1" sequenceCoverage="100" branchCoverage="100" maxCyclomaticComplexity="1" minCyclomaticComplexity="1" maxCrapScore="1" minCrapScore="1" visitedClasses="0" numClasses="0" visitedMethods="1" numMethods="1" />
              <MetadataToken>100663312</MetadataToken>
              <Name>System.Void LibClass.EntradaLog::.ctor(System.Int16,System.DateTime,LibClass.Usuario)</Name>
              <FileRef uid="10" />
              <SequencePoints>
                <SequencePoint vc="2" uspid="166" ordinal="0" offset="0" sl="33" sc="9" el="33" ec="69" bec="0" bev="0" fileid="10" />
                <SequencePoint vc="2" uspid="167" ordinal="1" offset="7" sl="34" sc="9" el="34" ec="10" bec="0" bev="0" fileid="10" />
                <SequencePoint vc="2" uspid="168" ordinal="2" offset="8" sl="35" sc="13" el="35" ec="26" bec="0" bev="0" fileid="10" />
                <SequencePoint vc="2" uspid="169" ordinal="3" offset="15" sl="36" sc="13" el="36" ec="32" bec="0" bev="0" fileid="10" />
                <SequencePoint vc="2" uspid="170" ordinal="4" offset="22" sl="37" sc="13" el="37" ec="36" bec="0" bev="0" fileid="10" />
                <SequencePoint vc="2" uspid="171" ordinal="5" offset="29" sl="38" sc="9" el="38" ec="10" bec="0" bev="0" fileid="10" />
              </SequencePoints>
              <BranchPoints />
              <MethodPoint xsi:type="SequencePoint" vc="2" uspid="166" ordinal="0" offset="0" sl="33" sc="9" el="33" ec="69" bec="0" bev="0" fileid="10" />
            </Method>
            <Method visited="true" cyclomaticComplexity="2" nPathComplexity="2" sequenceCoverage="100" branchCoverage="100" crapScore="2" isConstructor="false" isStatic="false" isGetter="false" isSetter="false">
              <Summary numSequencePoints="7" visitedSequencePoints="7" numBranchPoints="3" visitedBranchPoints="3" sequenceCoverage="100" branchCoverage="100" maxCyclomaticComplexity="2" minCyclomaticComplexity="2" maxCrapScore="2" minCrapScore="2" visitedClasses="0" numClasses="0" visitedMethods="1" numMethods="1" />
              <MetadataToken>100663317</MetadataToken>
              <Name>System.String LibClass.EntradaLog::ToString()</Name>
              <FileRef uid="10" />
              <SequencePoints>
                <SequencePoint vc="2" uspid="172" ordinal="0" offset="0" sl="67" sc="9" el="67" ec="10" bec="0" bev="0" fileid="10" />
                <SequencePoint vc="2" uspid="173" ordinal="1" offset="1" sl="68" sc="13" el="68" ec="38" bec="2" bev="2" fileid="10" />
                <SequencePoint vc="1" uspid="174" ordinal="2" offset="14" sl="69" sc="13" el="69" ec="14" bec="0" bev="0" fileid="10" />
                <SequencePoint vc="1" uspid="175" ordinal="3" offset="15" sl="70" sc="17" el="70" ec="101" bec="0" bev="0" fileid="10" />
                <SequencePoint vc="1" uspid="176" ordinal="4" offset="61" sl="73" sc="13" el="73" ec="14" bec="0" bev="0" fileid="10" />
                <SequencePoint vc="1" uspid="177" ordinal="5" offset="62" sl="74" sc="17" el="74" ec="100" bec="0" bev="0" fileid="10" />
                <SequencePoint vc="2" uspid="178" ordinal="6" offset="102" sl="76" sc="9" el="76" ec="10" bec="0" bev="0" fileid="10" />
              </SequencePoints>
              <BranchPoints>
                <BranchPoint vc="1" uspid="179" ordinal="0" offset="12" sl="68" path="0" offsetend="14" fileid="10" />
                <BranchPoint vc="1" uspid="180" ordinal="1" offset="12" sl="68" path="1" offsetend="61" fileid="10" />
              </BranchPoints>
              <MethodPoint xsi:type="SequencePoint" vc="2" uspid="172" ordinal="0" offset="0" sl="67" sc="9" el="67" ec="10" bec="0" bev="0" fileid="10" />
            </Method>
          </Methods>
        </Class>
        <Class>
          <Summary numSequencePoints="37" visitedSequencePoints="37" numBranchPoints="18" visitedBranchPoints="18" sequenceCoverage="100" branchCoverage="100" maxCyclomaticComplexity="2" minCyclomaticComplexity="1" maxCrapScore="2" minCrapScore="1" visitedClasses="1" numClasses="1" visitedMethods="16" numMethods="16" />
          <FullName>LibClass.Usuario</FullName>
          <Methods>
            <Method visited="true" cyclomaticComplexity="1" nPathComplexity="0" sequenceCoverage="100" branchCoverage="100" crapScore="1" isConstructor="false" isStatic="false" isGetter="true" isSetter="false">
              <Summary numSequencePoints="1" visitedSequencePoints="1" numBranchPoints="1" visitedBranchPoints="1" sequenceCoverage="100" branchCoverage="100" maxCyclomaticComplexity="1" minCyclomaticComplexity="1" maxCrapScore="1" minCrapScore="1" visitedClasses="0" numClasses="0" visitedMethods="1" numMethods="1" />
              <MetadataToken>100663319</MetadataToken>
              <Name>System.Int16 LibClass.Usuario::get_Id()</Name>
              <FileRef uid="11" />
              <SequencePoints>
                <SequencePoint vc="6" uspid="181" ordinal="0" offset="0" sl="39" sc="20" el="39" ec="22" bec="0" bev="0" fileid="11" />
              </SequencePoints>
              <BranchPoints />
              <MethodPoint xsi:type="SequencePoint" vc="6" uspid="181" ordinal="0" offset="0" sl="39" sc="20" el="39" ec="22" bec="0" bev="0" fileid="11" />
            </Method>
            <Method visited="true" cyclomaticComplexity="1" nPathComplexity="0" sequenceCoverage="100" branchCoverage="100" crapScore="1" isConstructor="false" isStatic="false" isGetter="true" isSetter="false">
              <Summary numSequencePoints="1" visitedSequencePoints="1" numBranchPoints="1" visitedBranchPoints="1" sequenceCoverage="100" branchCoverage="100" maxCyclomaticComplexity="1" minCyclomaticComplexity="1" maxCrapScore="1" minCrapScore="1" visitedClasses="0" numClasses="0" visitedMethods="1" numMethods="1" />
              <MetadataToken>100663320</MetadataToken>
              <Name>System.String LibClass.Usuario::get_Nombre()</Name>
              <FileRef uid="11" />
              <SequencePoints>
                <SequencePoint vc="2" uspid="182" ordinal="0" offset="0" sl="44" sc="20" el="44" ec="26" bec="0" bev="0" fileid="11" />
              </SequencePoints>
              <BranchPoints />
              <MethodPoint xsi:type="SequencePoint" vc="2" uspid="182" ordinal="0" offset="0" sl="44" sc="20" el="44" ec="26" bec="0" bev="0" fileid="11" />
            </Method>
            <Method visited="true" cyclomaticComplexity="1" nPathComplexity="0" sequenceCoverage="100" branchCoverage="100" crapScore="1" isConstructor="false" isStatic="false" isGetter="false" isSetter="true">
              <Summary numSequencePoints="1" visitedSequencePoints="1" numBranchPoints="1" visitedBranchPoints="1" sequenceCoverage="100" branchCoverage="100" maxCyclomaticComplexity="1" minCyclomaticComplexity="1" maxCrapScore="1" minCrapScore="1" visitedClasses="0" numClasses="0" visitedMethods="1" numMethods="1" />
              <MetadataToken>100663321</MetadataToken>
              <Name>System.Void LibClass.Usuario::set_Nombre(System.String)</Name>
              <FileRef uid="11" />
              <SequencePoints>
                <SequencePoint vc="1" uspid="183" ordinal="0" offset="0" sl="45" sc="20" el="45" ec="34" bec="0" bev="0" fileid="11" />
              </SequencePoints>
              <BranchPoints />
              <MethodPoint xsi:type="SequencePoint" vc="1" uspid="183" ordinal="0" offset="0" sl="45" sc="20" el="45" ec="34" bec="0" bev="0" fileid="11" />
            </Method>
            <Method visited="true" cyclomaticComplexity="1" nPathComplexity="0" sequenceCoverage="100" branchCoverage="100" crapScore="1" isConstructor="false" isStatic="false" isGetter="true" isSetter="false">
              <Summary numSequencePoints="1" visitedSequencePoints="1" numBranchPoints="1" visitedBranchPoints="1" sequenceCoverage="100" branchCoverage="100" maxCyclomaticComplexity="1" minCyclomaticComplexity="1" maxCrapScore="1" minCrapScore="1" visitedClasses="0" numClasses="0" visitedMethods="1" numMethods="1" />
              <MetadataToken>100663322</MetadataToken>
              <Name>System.String LibClass.Usuario::get_Apellidos()</Name>
              <FileRef uid="11" />
              <SequencePoints>
                <SequencePoint vc="2" uspid="184" ordinal="0" offset="0" sl="50" sc="20" el="50" ec="29" bec="0" bev="0" fileid="11" />
              </SequencePoints>
              <BranchPoints />
              <MethodPoint xsi:type="SequencePoint" vc="2" uspid="184" ordinal="0" offset="0" sl="50" sc="20" el="50" ec="29" bec="0" bev="0" fileid="11" />
            </Method>
            <Method visited="true" cyclomaticComplexity="1" nPathComplexity="0" sequenceCoverage="100" branchCoverage="100" crapScore="1" isConstructor="false" isStatic="false" isGetter="false" isSetter="true">
              <Summary numSequencePoints="1" visitedSequencePoints="1" numBranchPoints="1" visitedBranchPoints="1" sequenceCoverage="100" branchCoverage="100" maxCyclomaticComplexity="1" minCyclomaticComplexity="1" maxCrapScore="1" minCrapScore="1" visitedClasses="0" numClasses="0" visitedMethods="1" numMethods="1" />
              <MetadataToken>100663323</MetadataToken>
              <Name>System.Void LibClass.Usuario::set_Apellidos(System.String)</Name>
              <FileRef uid="11" />
              <SequencePoints>
                <SequencePoint vc="1" uspid="185" ordinal="0" offset="0" sl="51" sc="20" el="51" ec="37" bec="0" bev="0" fileid="11" />
              </SequencePoints>
              <BranchPoints />
              <MethodPoint xsi:type="SequencePoint" vc="1" uspid="185" ordinal="0" offset="0" sl="51" sc="20" el="51" ec="37" bec="0" bev="0" fileid="11" />
            </Method>
            <Method visited="true" cyclomaticComplexity="1" nPathComplexity="0" sequenceCoverage="100" branchCoverage="100" crapScore="1" isConstructor="false" isStatic="false" isGetter="true" isSetter="false">
              <Summary numSequencePoints="1" visitedSequencePoints="1" numBranchPoints="1" visitedBranchPoints="1" sequenceCoverage="100" branchCoverage="100" maxCyclomaticComplexity="1" minCyclomaticComplexity="1" maxCrapScore="1" minCrapScore="1" visitedClasses="0" numClasses="0" visitedMethods="1" numMethods="1" />
              <MetadataToken>100663324</MetadataToken>
              <Name>System.String LibClass.Usuario::get_Email()</Name>
              <FileRef uid="11" />
              <SequencePoints>
                <SequencePoint vc="3" uspid="186" ordinal="0" offset="0" sl="56" sc="20" el="56" ec="25" bec="0" bev="0" fileid="11" />
              </SequencePoints>
              <BranchPoints />
              <MethodPoint xsi:type="SequencePoint" vc="3" uspid="186" ordinal="0" offset="0" sl="56" sc="20" el="56" ec="25" bec="0" bev="0" fileid="11" />
            </Method>
            <Method visited="true" cyclomaticComplexity="1" nPathComplexity="0" sequenceCoverage="100" branchCoverage="100" crapScore="1" isConstructor="false" isStatic="false" isGetter="false" isSetter="true">
              <Summary numSequencePoints="1" visitedSequencePoints="1" numBranchPoints="1" visitedBranchPoints="1" sequenceCoverage="100" branchCoverage="100" maxCyclomaticComplexity="1" minCyclomaticComplexity="1" maxCrapScore="1" minCrapScore="1" visitedClasses="0" numClasses="0" visitedMethods="1" numMethods="1" />
              <MetadataToken>100663325</MetadataToken>
              <Name>System.Void LibClass.Usuario::set_Email(System.String)</Name>
              <FileRef uid="11" />
              <SequencePoints>
                <SequencePoint vc="1" uspid="187" ordinal="0" offset="0" sl="57" sc="20" el="57" ec="33" bec="0" bev="0" fileid="11" />
              </SequencePoints>
              <BranchPoints />
              <MethodPoint xsi:type="SequencePoint" vc="1" uspid="187" ordinal="0" offset="0" sl="57" sc="20" el="57" ec="33" bec="0" bev="0" fileid="11" />
            </Method>
            <Method visited="true" cyclomaticComplexity="1" nPathComplexity="0" sequenceCoverage="100" branchCoverage="100" crapScore="1" isConstructor="false" isStatic="false" isGetter="true" isSetter="false">
              <Summary numSequencePoints="1" visitedSequencePoints="1" numBranchPoints="1" visitedBranchPoints="1" sequenceCoverage="100" branchCoverage="100" maxCyclomaticComplexity="1" minCyclomaticComplexity="1" maxCrapScore="1" minCrapScore="1" visitedClasses="0" numClasses="0" visitedMethods="1" numMethods="1" />
              <MetadataToken>100663326</MetadataToken>
              <Name>System.Boolean LibClass.Usuario::get_EsGestor()</Name>
              <FileRef uid="11" />
              <SequencePoints>
                <SequencePoint vc="2" uspid="188" ordinal="0" offset="0" sl="62" sc="20" el="62" ec="28" bec="0" bev="0" fileid="11" />
              </SequencePoints>
              <BranchPoints />
              <MethodPoint xsi:type="SequencePoint" vc="2" uspid="188" ordinal="0" offset="0" sl="62" sc="20" el="62" ec="28" bec="0" bev="0" fileid="11" />
            </Method>
            <Method visited="true" cyclomaticComplexity="1" nPathComplexity="0" sequenceCoverage="100" branchCoverage="100" crapScore="1" isConstructor="false" isStatic="false" isGetter="false" isSetter="true">
              <Summary numSequencePoints="1" visitedSequencePoints="1" numBranchPoints="1" visitedBranchPoints="1" sequenceCoverage="100" branchCoverage="100" maxCyclomaticComplexity="1" minCyclomaticComplexity="1" maxCrapScore="1" minCrapScore="1" visitedClasses="0" numClasses="0" visitedMethods="1" numMethods="1" />
              <MetadataToken>100663327</MetadataToken>
              <Name>System.Void LibClass.Usuario::set_EsGestor(System.Boolean)</Name>
              <FileRef uid="11" />
              <SequencePoints>
                <SequencePoint vc="1" uspid="189" ordinal="0" offset="0" sl="63" sc="20" el="63" ec="36" bec="0" bev="0" fileid="11" />
              </SequencePoints>
              <BranchPoints />
              <MethodPoint xsi:type="SequencePoint" vc="1" uspid="189" ordinal="0" offset="0" sl="63" sc="20" el="63" ec="36" bec="0" bev="0" fileid="11" />
            </Method>
            <Method visited="true" cyclomaticComplexity="1" nPathComplexity="0" sequenceCoverage="100" branchCoverage="100" crapScore="1" isConstructor="false" isStatic="false" isGetter="true" isSetter="false">
              <Summary numSequencePoints="1" visitedSequencePoints="1" numBranchPoints="1" visitedBranchPoints="1" sequenceCoverage="100" branchCoverage="100" maxCyclomaticComplexity="1" minCyclomaticComplexity="1" maxCrapScore="1" minCrapScore="1" visitedClasses="0" numClasses="0" visitedMethods="1" numMethods="1" />
              <MetadataToken>100663328</MetadataToken>
              <Name>System.DateTime LibClass.Usuario::get_LastPassDate()</Name>
              <FileRef uid="11" />
              <SequencePoints>
                <SequencePoint vc="2" uspid="190" ordinal="0" offset="0" sl="68" sc="20" el="68" ec="32" bec="0" bev="0" fileid="11" />
              </SequencePoints>
              <BranchPoints />
              <MethodPoint xsi:type="SequencePoint" vc="2" uspid="190" ordinal="0" offset="0" sl="68" sc="20" el="68" ec="32" bec="0" bev="0" fileid="11" />
            </Method>
            <Method visited="true" cyclomaticComplexity="1" nPathComplexity="0" sequenceCoverage="100" branchCoverage="100" crapScore="1" isConstructor="false" isStatic="false" isGetter="false" isSetter="true">
              <Summary numSequencePoints="1" visitedSequencePoints="1" numBranchPoints="1" visitedBranchPoints="1" sequenceCoverage="100" branchCoverage="100" maxCyclomaticComplexity="1" minCyclomaticComplexity="1" maxCrapScore="1" minCrapScore="1" visitedClasses="0" numClasses="0" visitedMethods="1" numMethods="1" />
              <MetadataToken>100663329</MetadataToken>
              <Name>System.Void LibClass.Usuario::set_LastPassDate(System.DateTime)</Name>
              <FileRef uid="11" />
              <SequencePoints>
                <SequencePoint vc="3" uspid="191" ordinal="0" offset="0" sl="69" sc="20" el="69" ec="40" bec="0" bev="0" fileid="11" />
              </SequencePoints>
              <BranchPoints />
              <MethodPoint xsi:type="SequencePoint" vc="3" uspid="191" ordinal="0" offset="0" sl="69" sc="20" el="69" ec="40" bec="0" bev="0" fileid="11" />
            </Method>
            <Method visited="true" cyclomaticComplexity="1" nPathComplexity="0" sequenceCoverage="100" branchCoverage="100" crapScore="1" isConstructor="true" isStatic="false" isGetter="false" isSetter="false">
              <Summary numSequencePoints="10" visitedSequencePoints="10" numBranchPoints="1" visitedBranchPoints="1" sequenceCoverage="100" branchCoverage="100" maxCyclomaticComplexity="1" minCyclomaticComplexity="1" maxCrapScore="1" minCrapScore="1" visitedClasses="0" numClasses="0" visitedMethods="1" numMethods="1" />
              <MetadataToken>100663318</MetadataToken>
              <Name>System.Void LibClass.Usuario::.ctor(System.Int16,System.String,System.String,System.String,System.String,System.Boolean)</Name>
              <FileRef uid="11" />
              <SequencePoints>
                <SequencePoint vc="13" uspid="192" ordinal="0" offset="0" sl="24" sc="9" el="24" ec="111" bec="0" bev="0" fileid="11" />
                <SequencePoint vc="13" uspid="193" ordinal="1" offset="7" sl="25" sc="9" el="25" ec="10" bec="0" bev="0" fileid="11" />
                <SequencePoint vc="13" uspid="194" ordinal="2" offset="8" sl="26" sc="13" el="26" ec="26" bec="0" bev="0" fileid="11" />
                <SequencePoint vc="13" uspid="195" ordinal="3" offset="15" sl="27" sc="13" el="27" ec="34" bec="0" bev="0" fileid="11" />
                <SequencePoint vc="13" uspid="196" ordinal="4" offset="22" sl="28" sc="13" el="28" ec="39" bec="0" bev="0" fileid="11" />
                <SequencePoint vc="13" uspid="197" ordinal="5" offset="29" sl="29" sc="13" el="29" ec="32" bec="0" bev="0" fileid="11" />
                <SequencePoint vc="13" uspid="198" ordinal="6" offset="37" sl="30" sc="13" el="30" ec="55" bec="0" bev="0" fileid="11" />
                <SequencePoint vc="13" uspid="199" ordinal="7" offset="50" sl="31" sc="13" el="31" ec="38" bec="0" bev="0" fileid="11" />
                <SequencePoint vc="13" uspid="200" ordinal="8" offset="58" sl="32" sc="13" el="32" ec="48" bec="0" bev="0" fileid="11" />
                <SequencePoint vc="13" uspid="201" ordinal="9" offset="69" sl="33" sc="9" el="33" ec="10" bec="0" bev="0" fileid="11" />
              </SequencePoints>
              <BranchPoints />
              <MethodPoint xsi:type="SequencePoint" vc="13" uspid="192" ordinal="0" offset="0" sl="24" sc="9" el="24" ec="111" bec="0" bev="0" fileid="11" />
            </Method>
            <Method visited="true" cyclomaticComplexity="1" nPathComplexity="0" sequenceCoverage="100" branchCoverage="100" crapScore="1" isConstructor="false" isStatic="false" isGetter="false" isSetter="false">
              <Summary numSequencePoints="3" visitedSequencePoints="3" numBranchPoints="1" visitedBranchPoints="1" sequenceCoverage="100" branchCoverage="100" maxCyclomaticComplexity="1" minCyclomaticComplexity="1" maxCrapScore="1" minCrapScore="1" visitedClasses="0" numClasses="0" visitedMethods="1" numMethods="1" />
              <MetadataToken>100663330</MetadataToken>
              <Name>System.Boolean LibClass.Usuario::ComprobarContraseña(System.String)</Name>
              <FileRef uid="11" />
              <SequencePoints>
                <SequencePoint vc="3" uspid="202" ordinal="0" offset="0" sl="83" sc="9" el="83" ec="10" bec="0" bev="0" fileid="11" />
                <SequencePoint vc="3" uspid="203" ordinal="1" offset="1" sl="84" sc="13" el="84" ec="65" bec="0" bev="0" fileid="11" />
                <SequencePoint vc="3" uspid="204" ordinal="2" offset="21" sl="85" sc="9" el="85" ec="10" bec="0" bev="0" fileid="11" />
              </SequencePoints>
              <BranchPoints />
              <MethodPoint xsi:type="SequencePoint" vc="3" uspid="202" ordinal="0" offset="0" sl="83" sc="9" el="83" ec="10" bec="0" bev="0" fileid="11" />
            </Method>
            <Method visited="true" cyclomaticComplexity="2" nPathComplexity="2" sequenceCoverage="100" branchCoverage="100" crapScore="2" isConstructor="false" isStatic="false" isGetter="false" isSetter="false">
              <Summary numSequencePoints="6" visitedSequencePoints="6" numBranchPoints="3" visitedBranchPoints="3" sequenceCoverage="100" branchCoverage="100" maxCyclomaticComplexity="2" minCyclomaticComplexity="2" maxCrapScore="2" minCrapScore="2" visitedClasses="0" numClasses="0" visitedMethods="1" numMethods="1" />
              <MetadataToken>100663331</MetadataToken>
              <Name>System.Boolean LibClass.Usuario::CambiarContraseña(System.String,System.String)</Name>
              <FileRef uid="11" />
              <SequencePoints>
                <SequencePoint vc="2" uspid="205" ordinal="0" offset="0" sl="98" sc="9" el="98" ec="10" bec="0" bev="0" fileid="11" />
                <SequencePoint vc="2" uspid="206" ordinal="1" offset="1" sl="99" sc="13" el="99" ec="55" bec="2" bev="2" fileid="11" />
                <SequencePoint vc="1" uspid="207" ordinal="2" offset="22" sl="99" sc="56" el="99" ec="69" bec="0" bev="0" fileid="11" />
                <SequencePoint vc="1" uspid="208" ordinal="3" offset="26" sl="101" sc="13" el="101" ec="47" bec="0" bev="0" fileid="11" />
                <SequencePoint vc="1" uspid="209" ordinal="4" offset="38" sl="102" sc="13" el="102" ec="25" bec="0" bev="0" fileid="11" />
                <SequencePoint vc="2" uspid="210" ordinal="5" offset="42" sl="103" sc="9" el="103" ec="10" bec="0" bev="0" fileid="11" />
              </SequencePoints>
              <BranchPoints>
                <BranchPoint vc="1" uspid="211" ordinal="0" offset="20" sl="99" path="0" offsetend="22" fileid="11" />
                <BranchPoint vc="1" uspid="212" ordinal="1" offset="20" sl="99" path="1" offsetend="26" fileid="11" />
              </BranchPoints>
              <MethodPoint xsi:type="SequencePoint" vc="2" uspid="205" ordinal="0" offset="0" sl="98" sc="9" el="98" ec="10" bec="0" bev="0" fileid="11" />
            </Method>
            <Method visited="true" cyclomaticComplexity="1" nPathComplexity="0" sequenceCoverage="100" branchCoverage="100" crapScore="1" isConstructor="false" isStatic="false" isGetter="false" isSetter="false">
              <Summary numSequencePoints="4" visitedSequencePoints="4" numBranchPoints="1" visitedBranchPoints="1" sequenceCoverage="100" branchCoverage="100" maxCyclomaticComplexity="1" minCyclomaticComplexity="1" maxCrapScore="1" minCrapScore="1" visitedClasses="0" numClasses="0" visitedMethods="1" numMethods="1" />
              <MetadataToken>100663332</MetadataToken>
              <Name>System.Boolean LibClass.Usuario::ContraseñaCaducada()</Name>
              <FileRef uid="11" />
              <SequencePoints>
                <SequencePoint vc="3" uspid="213" ordinal="0" offset="0" sl="113" sc="9" el="113" ec="10" bec="0" bev="0" fileid="11" />
                <SequencePoint vc="3" uspid="214" ordinal="1" offset="1" sl="114" sc="13" el="114" ec="56" bec="0" bev="0" fileid="11" />
                <SequencePoint vc="3" uspid="215" ordinal="2" offset="22" sl="115" sc="13" el="115" ec="49" bec="0" bev="0" fileid="11" />
                <SequencePoint vc="3" uspid="216" ordinal="3" offset="36" sl="116" sc="9" el="116" ec="10" bec="0" bev="0" fileid="11" />
              </SequencePoints>
              <BranchPoints />
              <MethodPoint xsi:type="SequencePoint" vc="3" uspid="213" ordinal="0" offset="0" sl="113" sc="9" el="113" ec="10" bec="0" bev="0" fileid="11" />
            </Method>
            <Method visited="true" cyclomaticComplexity="1" nPathComplexity="0" sequenceCoverage="100" branchCoverage="100" crapScore="1" isConstructor="false" isStatic="false" isGetter="false" isSetter="false">
              <Summary numSequencePoints="3" visitedSequencePoints="3" numBranchPoints="1" visitedBranchPoints="1" sequenceCoverage="100" branchCoverage="100" maxCyclomaticComplexity="1" minCyclomaticComplexity="1" maxCrapScore="1" minCrapScore="1" visitedClasses="0" numClasses="0" visitedMethods="1" numMethods="1" />
              <MetadataToken>100663333</MetadataToken>
              <Name>System.String LibClass.Usuario::ToString()</Name>
              <FileRef uid="11" />
              <SequencePoints>
                <SequencePoint vc="5" uspid="217" ordinal="0" offset="0" sl="125" sc="9" el="125" ec="10" bec="0" bev="0" fileid="11" />
                <SequencePoint vc="5" uspid="218" ordinal="1" offset="1" sl="126" sc="13" el="126" ec="54" bec="0" bev="0" fileid="11" />
                <SequencePoint vc="5" uspid="219" ordinal="2" offset="66" sl="127" sc="9" el="127" ec="10" bec="0" bev="0" fileid="11" />
              </SequencePoints>
              <BranchPoints />
              <MethodPoint xsi:type="SequencePoint" vc="5" uspid="217" ordinal="0" offset="0" sl="125" sc="9" el="125" ec="10" bec="0" bev="0" fileid="11" />
            </Method>
          </Methods>
        </Class>
        <Class>
          <Summary numSequencePoints="15" visitedSequencePoints="15" numBranchPoints="7" visitedBranchPoints="7" sequenceCoverage="100" branchCoverage="100" maxCyclomaticComplexity="3" minCyclomaticComplexity="1" maxCrapScore="3" minCrapScore="1" visitedClasses="1" numClasses="1" visitedMethods="3" numMethods="3" />
          <FullName>LibClass.Utils</FullName>
          <Methods>
            <Method visited="true" cyclomaticComplexity="3" nPathComplexity="4" sequenceCoverage="100" branchCoverage="100" crapScore="3" isConstructor="false" isStatic="true" isGetter="false" isSetter="false">
              <Summary numSequencePoints="6" visitedSequencePoints="6" numBranchPoints="5" visitedBranchPoints="5" sequenceCoverage="100" branchCoverage="100" maxCyclomaticComplexity="3" minCyclomaticComplexity="3" maxCrapScore="3" minCrapScore="3" visitedClasses="0" numClasses="0" visitedMethods="1" numMethods="1" />
              <MetadataToken>100663334</MetadataToken>
              <Name>System.Boolean LibClass.Utils::PasswordCorrecto(System.String)</Name>
              <FileRef uid="12" />
              <SequencePoints>
                <SequencePoint vc="3" uspid="220" ordinal="0" offset="0" sl="15" sc="9" el="15" ec="10" bec="0" bev="0" fileid="12" />
                <SequencePoint vc="3" uspid="221" ordinal="1" offset="1" sl="16" sc="13" el="16" ec="53" bec="4" bev="4" fileid="12" />
                <SequencePoint vc="2" uspid="222" ordinal="2" offset="27" sl="17" sc="13" el="17" ec="14" bec="0" bev="0" fileid="12" />
                <SequencePoint vc="2" uspid="223" ordinal="3" offset="28" sl="18" sc="17" el="18" ec="30" bec="0" bev="0" fileid="12" />
                <SequencePoint vc="1" uspid="224" ordinal="4" offset="32" sl="20" sc="13" el="20" ec="25" bec="0" bev="0" fileid="12" />
                <SequencePoint vc="3" uspid="225" ordinal="5" offset="36" sl="21" sc="9" el="21" ec="10" bec="0" bev="0" fileid="12" />
              </SequencePoints>
              <BranchPoints>
                <BranchPoint vc="2" uspid="226" ordinal="0" offset="8" sl="16" path="0" offsetend="10" fileid="12" />
                <BranchPoint vc="1" uspid="227" ordinal="1" offset="8" sl="16" path="1" offsetend="22" fileid="12" />
                <BranchPoint vc="2" uspid="228" ordinal="2" offset="25" sl="16" path="0" offsetend="27" fileid="12" />
                <BranchPoint vc="1" uspid="229" ordinal="3" offset="25" sl="16" path="1" offsetend="32" fileid="12" />
              </BranchPoints>
              <MethodPoint xsi:type="SequencePoint" vc="3" uspid="220" ordinal="0" offset="0" sl="15" sc="9" el="15" ec="10" bec="0" bev="0" fileid="12" />
            </Method>
            <Method visited="true" cyclomaticComplexity="1" nPathComplexity="0" sequenceCoverage="100" branchCoverage="100" crapScore="1" isConstructor="false" isStatic="true" isGetter="false" isSetter="false">
              <Summary numSequencePoints="3" visitedSequencePoints="3" numBranchPoints="1" visitedBranchPoints="1" sequenceCoverage="100" branchCoverage="100" maxCyclomaticComplexity="1" minCyclomaticComplexity="1" maxCrapScore="1" minCrapScore="1" visitedClasses="0" numClasses="0" visitedMethods="1" numMethods="1" />
              <MetadataToken>100663335</MetadataToken>
              <Name>System.Boolean LibClass.Utils::EsEmail(System.String)</Name>
              <FileRef uid="12" />
              <SequencePoints>
                <SequencePoint vc="2" uspid="230" ordinal="0" offset="0" sl="29" sc="9" el="29" ec="10" bec="0" bev="0" fileid="12" />
                <SequencePoint vc="2" uspid="231" ordinal="1" offset="1" sl="30" sc="13" el="30" ec="63" bec="0" bev="0" fileid="12" />
                <SequencePoint vc="2" uspid="232" ordinal="2" offset="15" sl="31" sc="9" el="31" ec="10" bec="0" bev="0" fileid="12" />
              </SequencePoints>
              <BranchPoints />
              <MethodPoint xsi:type="SequencePoint" vc="2" uspid="230" ordinal="0" offset="0" sl="29" sc="9" el="29" ec="10" bec="0" bev="0" fileid="12" />
            </Method>
            <Method visited="true" cyclomaticComplexity="1" nPathComplexity="0" sequenceCoverage="100" branchCoverage="100" crapScore="1" isConstructor="false" isStatic="true" isGetter="false" isSetter="false">
              <Summary numSequencePoints="6" visitedSequencePoints="6" numBranchPoints="1" visitedBranchPoints="1" sequenceCoverage="100" branchCoverage="100" maxCyclomaticComplexity="1" minCyclomaticComplexity="1" maxCrapScore="1" minCrapScore="1" visitedClasses="0" numClasses="0" visitedMethods="1" numMethods="1" />
              <MetadataToken>100663336</MetadataToken>
              <Name>System.String LibClass.Utils::Encriptar(System.String)</Name>
              <FileRef uid="12" />
              <SequencePoints>
                <SequencePoint vc="19" uspid="233" ordinal="0" offset="0" sl="40" sc="9" el="40" ec="10" bec="0" bev="0" fileid="12" />
                <SequencePoint vc="19" uspid="234" ordinal="1" offset="1" sl="41" sc="13" el="41" ec="73" bec="0" bev="0" fileid="12" />
                <SequencePoint vc="19" uspid="235" ordinal="2" offset="13" sl="42" sc="13" el="42" ec="47" bec="0" bev="0" fileid="12" />
                <SequencePoint vc="19" uspid="236" ordinal="3" offset="19" sl="43" sc="13" el="43" ec="49" bec="0" bev="0" fileid="12" />
                <SequencePoint vc="19" uspid="237" ordinal="4" offset="27" sl="44" sc="13" el="44" ec="66" bec="0" bev="0" fileid="12" />
                <SequencePoint vc="19" uspid="238" ordinal="5" offset="41" sl="45" sc="9" el="45" ec="10" bec="0" bev="0" fileid="12" />
              </SequencePoints>
              <BranchPoints />
              <MethodPoint xsi:type="SequencePoint" vc="19" uspid="233" ordinal="0" offset="0" sl="40" sc="9" el="40" ec="10" bec="0" bev="0" fileid="12" />
            </Method>
          </Methods>
        </Class>
      </Classes>
    </Module>
  </Modules>
</CoverageSession>