<?xml version="1.0" encoding="utf-8"?>
<CoverageSession xmlns:xsd="http://www.w3.org/2001/XMLSchema" xmlns:xsi="http://www.w3.org/2001/XMLSchema-instance" Version="4.7.922.0">
  <Summary numSequencePoints="187" visitedSequencePoints="0" numBranchPoints="51" visitedBranchPoints="0" sequenceCoverage="0" branchCoverage="0" maxCyclomaticComplexity="7" minCyclomaticComplexity="1" maxCrapScore="56" minCrapScore="2" visitedClasses="0" numClasses="3" visitedMethods="0" numMethods="11" />
  <Modules>
    <Module hash="DF-0A-90-41-59-45-5B-54-B9-31-1A-DD-E7-6A-A4-58-5D-E0-A9-16">
      <Summary numSequencePoints="187" visitedSequencePoints="0" numBranchPoints="51" visitedBranchPoints="0" sequenceCoverage="0" branchCoverage="0" maxCyclomaticComplexity="7" minCyclomaticComplexity="1" maxCrapScore="56" minCrapScore="2" visitedClasses="0" numClasses="3" visitedMethods="0" numMethods="11" />
      <ModulePath>D:\VAL\UBUPassword\vyp\UBUPassword\www\bin\fine-code-coverage\build-output\www.dll</ModulePath>
      <ModuleTime>2022-11-09T18:30:11.0840107Z</ModuleTime>
      <ModuleName>www</ModuleName>
      <Files>
        <File uid="1" fullPath="D:\VAL\UBUPassword\vyp\UBUPassword\www\Entradas.aspx.cs" />
        <File uid="2" fullPath="D:\VAL\UBUPassword\vyp\UBUPassword\www\Gestion.aspx.cs" />
        <File uid="3" fullPath="D:\VAL\UBUPassword\vyp\UBUPassword\www\Inicio.aspx.cs" />
      </Files>
      <Classes>
        <Class>
          <Summary numSequencePoints="56" visitedSequencePoints="0" numBranchPoints="16" visitedBranchPoints="0" sequenceCoverage="0" branchCoverage="0" maxCyclomaticComplexity="7" minCyclomaticComplexity="1" maxCrapScore="56" minCrapScore="2" visitedClasses="0" numClasses="1" visitedMethods="0" numMethods="4" />
          <FullName>www.Entradas</FullName>
          <Methods>
            <Method visited="false" cyclomaticComplexity="7" nPathComplexity="32" sequenceCoverage="0" branchCoverage="0" crapScore="56" isConstructor="false" isStatic="false" isGetter="false" isSetter="false">
              <Summary numSequencePoints="37" visitedSequencePoints="0" numBranchPoints="11" visitedBranchPoints="0" sequenceCoverage="0" branchCoverage="0" maxCyclomaticComplexity="7" minCyclomaticComplexity="7" maxCrapScore="56" minCrapScore="56" visitedClasses="0" numClasses="0" visitedMethods="0" numMethods="1" />
              <MetadataToken>100663297</MetadataToken>
              <Name>System.Void www.Entradas::Page_Load(System.Object,System.EventArgs)</Name>
              <FileRef uid="1" />
              <SequencePoints>
                <SequencePoint vc="0" uspid="1" ordinal="0" offset="0" sl="15" sc="9" el="15" ec="10" bec="0" bev="0" fileid="1" />
                <SequencePoint vc="0" uspid="2" ordinal="1" offset="1" sl="16" sc="13" el="16" ec="57" bec="0" bev="0" fileid="1" />
                <SequencePoint vc="0" uspid="3" ordinal="2" offset="28" sl="18" sc="13" el="18" ec="33" bec="2" bev="0" fileid="1" />
                <SequencePoint vc="0" uspid="4" ordinal="3" offset="41" sl="19" sc="13" el="19" ec="14" bec="0" bev="0" fileid="1" />
                <SequencePoint vc="0" uspid="5" ordinal="4" offset="42" sl="20" sc="17" el="20" ec="51" bec="0" bev="0" fileid="1" />
                <SequencePoint vc="0" uspid="6" ordinal="5" offset="59" sl="21" sc="17" el="21" ec="24" bec="0" bev="0" fileid="1" />
                <SequencePoint vc="0" uspid="7" ordinal="6" offset="64" sl="23" sc="13" el="23" ec="34" bec="2" bev="0" fileid="1" />
                <SequencePoint vc="0" uspid="8" ordinal="7" offset="79" sl="24" sc="13" el="24" ec="14" bec="0" bev="0" fileid="1" />
                <SequencePoint vc="0" uspid="9" ordinal="8" offset="80" sl="25" sc="17" el="25" ec="50" bec="0" bev="0" fileid="1" />
                <SequencePoint vc="0" uspid="10" ordinal="9" offset="93" sl="26" sc="13" el="26" ec="14" bec="0" bev="0" fileid="1" />
                <SequencePoint vc="0" uspid="11" ordinal="10" offset="94" sl="29" sc="13" el="29" ec="52" bec="0" bev="0" fileid="1" />
                <SequencePoint vc="0" uspid="12" ordinal="11" offset="117" sl="31" sc="13" el="31" ec="57" bec="0" bev="0" fileid="1" />
                <SequencePoint vc="0" uspid="13" ordinal="12" offset="144" sl="33" sc="13" el="33" ec="28" bec="2" bev="0" fileid="1" />
                <SequencePoint vc="0" uspid="14" ordinal="13" offset="157" sl="34" sc="13" el="34" ec="14" bec="0" bev="0" fileid="1" />
                <SequencePoint vc="0" uspid="15" ordinal="14" offset="158" sl="35" sc="17" el="35" ec="38" bec="0" bev="0" fileid="1" />
                <SequencePoint vc="0" uspid="16" ordinal="15" offset="169" sl="36" sc="17" el="36" ec="49" bec="0" bev="0" fileid="1" />
                <SequencePoint vc="0" uspid="17" ordinal="16" offset="192" sl="37" sc="13" el="37" ec="14" bec="0" bev="0" fileid="1" />
                <SequencePoint vc="0" uspid="18" ordinal="17" offset="193" sl="39" sc="13" el="39" ec="56" bec="0" bev="0" fileid="1" />
                <SequencePoint vc="0" uspid="19" ordinal="18" offset="199" sl="40" sc="13" el="40" ec="62" bec="0" bev="0" fileid="1" />
                <SequencePoint vc="0" uspid="20" ordinal="19" offset="226" sl="41" sc="13" el="41" ec="71" bec="0" bev="0" fileid="1" />
                <SequencePoint vc="0" uspid="21" ordinal="20" offset="253" sl="42" sc="13" el="42" ec="65" bec="0" bev="0" fileid="1" />
                <SequencePoint vc="0" uspid="22" ordinal="21" offset="280" sl="44" sc="13" el="44" ec="34" bec="2" bev="0" fileid="1" />
                <SequencePoint vc="0" uspid="23" ordinal="22" offset="303" sl="45" sc="13" el="45" ec="14" bec="0" bev="0" fileid="1" />
                <SequencePoint vc="0" uspid="24" ordinal="23" offset="304" sl="46" sc="17" el="46" ec="24" bec="0" bev="0" fileid="1" />
                <SequencePoint vc="0" uspid="25" ordinal="24" offset="305" sl="46" sc="40" el="46" ec="65" bec="0" bev="0" fileid="1" />
                <SequencePoint vc="0" uspid="26" ordinal="25" offset="325" sl="46" sc="26" el="46" ec="36" bec="0" bev="0" fileid="1" />
                <SequencePoint vc="0" uspid="27" ordinal="26" offset="334" sl="47" sc="17" el="47" ec="18" bec="0" bev="0" fileid="1" />
                <SequencePoint vc="0" uspid="28" ordinal="27" offset="335" sl="48" sc="21" el="48" ec="68" bec="2" bev="0" fileid="1" />
                <SequencePoint vc="0" uspid="29" ordinal="28" offset="365" sl="49" sc="21" el="49" ec="22" bec="0" bev="0" fileid="1" />
                <SequencePoint vc="0" uspid="30" ordinal="29" offset="366" sl="50" sc="25" el="50" ec="82" bec="0" bev="0" fileid="1" />
                <SequencePoint vc="0" uspid="31" ordinal="30" offset="419" sl="51" sc="21" el="51" ec="22" bec="0" bev="0" fileid="1" />
                <SequencePoint vc="0" uspid="32" ordinal="31" offset="420" sl="52" sc="17" el="52" ec="18" bec="0" bev="0" fileid="1" />
                <SequencePoint vc="0" uspid="33" ordinal="32" offset="421" sl="46" sc="37" el="46" ec="39" bec="0" bev="0" fileid="1" />
                <SequencePoint vc="0" uspid="34" ordinal="33" offset="447" sl="53" sc="17" el="53" ec="61" bec="0" bev="0" fileid="1" />
                <SequencePoint vc="0" uspid="35" ordinal="34" offset="460" sl="54" sc="17" el="54" ec="44" bec="0" bev="0" fileid="1" />
                <SequencePoint vc="0" uspid="36" ordinal="35" offset="472" sl="55" sc="13" el="55" ec="14" bec="0" bev="0" fileid="1" />
                <SequencePoint vc="0" uspid="37" ordinal="36" offset="473" sl="56" sc="9" el="56" ec="10" bec="0" bev="0" fileid="1" />
              </SequencePoints>
              <BranchPoints>
                <BranchPoint vc="0" uspid="38" ordinal="0" offset="39" sl="18" path="0" offsetend="41" fileid="1" />
                <BranchPoint vc="0" uspid="39" ordinal="1" offset="39" sl="18" path="1" offsetend="64" fileid="1" />
                <BranchPoint vc="0" uspid="40" ordinal="2" offset="77" sl="23" path="0" offsetend="79" fileid="1" />
                <BranchPoint vc="0" uspid="41" ordinal="3" offset="77" sl="23" path="1" offsetend="94" fileid="1" />
                <BranchPoint vc="0" uspid="42" ordinal="4" offset="155" sl="33" path="0" offsetend="157" fileid="1" />
                <BranchPoint vc="0" uspid="43" ordinal="5" offset="155" sl="33" path="1" offsetend="193" fileid="1" />
                <BranchPoint vc="0" uspid="44" ordinal="6" offset="298" sl="44" path="0" offsetend="303" fileid="1" />
                <BranchPoint vc="0" uspid="45" ordinal="7" offset="298" sl="44" path="1" offsetend="473" fileid="1" />
                <BranchPoint vc="0" uspid="46" ordinal="8" offset="363" sl="48" path="0" offsetend="365" fileid="1" />
                <BranchPoint vc="0" uspid="47" ordinal="9" offset="363" sl="48" path="1" offsetend="420" fileid="1" />
              </BranchPoints>
              <MethodPoint xsi:type="SequencePoint" vc="0" uspid="1" ordinal="0" offset="0" sl="15" sc="9" el="15" ec="10" bec="0" bev="0" fileid="1" />
            </Method>
            <Method visited="false" cyclomaticComplexity="1" nPathComplexity="0" sequenceCoverage="0" branchCoverage="0" crapScore="2" isConstructor="false" isStatic="false" isGetter="false" isSetter="false">
              <Summary numSequencePoints="4" visitedSequencePoints="0" numBranchPoints="1" visitedBranchPoints="0" sequenceCoverage="0" branchCoverage="0" maxCyclomaticComplexity="1" minCyclomaticComplexity="1" maxCrapScore="2" minCrapScore="2" visitedClasses="0" numClasses="0" visitedMethods="0" numMethods="1" />
              <MetadataToken>100663298</MetadataToken>
              <Name>System.Void www.Entradas::btnCerrarSesion_Click(System.Object,System.EventArgs)</Name>
              <FileRef uid="1" />
              <SequencePoints>
                <SequencePoint vc="0" uspid="50" ordinal="0" offset="0" sl="59" sc="9" el="59" ec="10" bec="0" bev="0" fileid="1" />
                <SequencePoint vc="0" uspid="51" ordinal="1" offset="1" sl="61" sc="13" el="61" ec="45" bec="0" bev="0" fileid="1" />
                <SequencePoint vc="0" uspid="52" ordinal="2" offset="19" sl="63" sc="13" el="63" ec="47" bec="0" bev="0" fileid="1" />
                <SequencePoint vc="0" uspid="53" ordinal="3" offset="36" sl="64" sc="9" el="64" ec="10" bec="0" bev="0" fileid="1" />
              </SequencePoints>
              <BranchPoints />
              <MethodPoint xsi:type="SequencePoint" vc="0" uspid="50" ordinal="0" offset="0" sl="59" sc="9" el="59" ec="10" bec="0" bev="0" fileid="1" />
            </Method>
            <Method visited="false" cyclomaticComplexity="1" nPathComplexity="0" sequenceCoverage="0" branchCoverage="0" crapScore="2" isConstructor="false" isStatic="false" isGetter="false" isSetter="false">
              <Summary numSequencePoints="3" visitedSequencePoints="0" numBranchPoints="1" visitedBranchPoints="0" sequenceCoverage="0" branchCoverage="0" maxCyclomaticComplexity="1" minCyclomaticComplexity="1" maxCrapScore="2" minCrapScore="2" visitedClasses="0" numClasses="0" visitedMethods="0" numMethods="1" />
              <MetadataToken>100663299</MetadataToken>
              <Name>System.Void www.Entradas::btnIrGestion_Click(System.Object,System.EventArgs)</Name>
              <FileRef uid="1" />
              <SequencePoints>
                <SequencePoint vc="0" uspid="54" ordinal="0" offset="0" sl="67" sc="9" el="67" ec="10" bec="0" bev="0" fileid="1" />
                <SequencePoint vc="0" uspid="55" ordinal="1" offset="1" sl="68" sc="13" el="68" ec="48" bec="0" bev="0" fileid="1" />
                <SequencePoint vc="0" uspid="56" ordinal="2" offset="18" sl="70" sc="9" el="70" ec="10" bec="0" bev="0" fileid="1" />
              </SequencePoints>
              <BranchPoints />
              <MethodPoint xsi:type="SequencePoint" vc="0" uspid="54" ordinal="0" offset="0" sl="67" sc="9" el="67" ec="10" bec="0" bev="0" fileid="1" />
            </Method>
            <Method visited="false" cyclomaticComplexity="2" nPathComplexity="2" sequenceCoverage="0" branchCoverage="0" crapScore="6" isConstructor="false" isStatic="false" isGetter="false" isSetter="false">
              <Summary numSequencePoints="12" visitedSequencePoints="0" numBranchPoints="3" visitedBranchPoints="0" sequenceCoverage="0" branchCoverage="0" maxCyclomaticComplexity="2" minCyclomaticComplexity="2" maxCrapScore="6" minCrapScore="6" visitedClasses="0" numClasses="0" visitedMethods="0" numMethods="1" />
              <MetadataToken>100663300</MetadataToken>
              <Name>System.Void www.Entradas::verContraseña(System.Object,System.Web.UI.WebControls.CommandEventArgs)</Name>
              <FileRef uid="1" />
              <SequencePoints>
                <SequencePoint vc="0" uspid="57" ordinal="0" offset="0" sl="73" sc="9" el="73" ec="10" bec="0" bev="0" fileid="1" />
                <SequencePoint vc="0" uspid="58" ordinal="1" offset="1" sl="74" sc="13" el="74" ec="53" bec="2" bev="0" fileid="1" />
                <SequencePoint vc="0" uspid="59" ordinal="2" offset="24" sl="75" sc="13" el="75" ec="14" bec="0" bev="0" fileid="1" />
                <SequencePoint vc="0" uspid="60" ordinal="3" offset="25" sl="76" sc="17" el="76" ec="64" bec="0" bev="0" fileid="1" />
                <SequencePoint vc="0" uspid="61" ordinal="4" offset="37" sl="77" sc="17" el="77" ec="63" bec="0" bev="0" fileid="1" />
                <SequencePoint vc="0" uspid="62" ordinal="5" offset="55" sl="78" sc="17" el="78" ec="70" bec="0" bev="0" fileid="1" />
                <SequencePoint vc="0" uspid="63" ordinal="6" offset="78" sl="80" sc="17" el="80" ec="59" bec="0" bev="0" fileid="1" />
                <SequencePoint vc="0" uspid="64" ordinal="7" offset="92" sl="82" sc="17" el="82" ec="173" bec="0" bev="0" fileid="1" />
                <SequencePoint vc="0" uspid="65" ordinal="8" offset="169" sl="83" sc="17" el="83" ec="58" bec="0" bev="0" fileid="1" />
                <SequencePoint vc="0" uspid="66" ordinal="9" offset="182" sl="85" sc="17" el="85" ec="57" bec="0" bev="0" fileid="1" />
                <SequencePoint vc="0" uspid="67" ordinal="10" offset="207" sl="86" sc="13" el="86" ec="14" bec="0" bev="0" fileid="1" />
                <SequencePoint vc="0" uspid="68" ordinal="11" offset="208" sl="87" sc="9" el="87" ec="10" bec="0" bev="0" fileid="1" />
              </SequencePoints>
              <BranchPoints>
                <BranchPoint vc="0" uspid="69" ordinal="0" offset="19" sl="74" path="0" offsetend="24" fileid="1" />
                <BranchPoint vc="0" uspid="70" ordinal="1" offset="19" sl="74" path="1" offsetend="208" fileid="1" />
              </BranchPoints>
              <MethodPoint xsi:type="SequencePoint" vc="0" uspid="57" ordinal="0" offset="0" sl="73" sc="9" el="73" ec="10" bec="0" bev="0" fileid="1" />
            </Method>
            <Method visited="false" cyclomaticComplexity="1" nPathComplexity="0" sequenceCoverage="0" branchCoverage="0" crapScore="2" isConstructor="true" isStatic="false" isGetter="false" isSetter="false">
              <Summary numSequencePoints="0" visitedSequencePoints="0" numBranchPoints="0" visitedBranchPoints="0" sequenceCoverage="0" branchCoverage="0" maxCyclomaticComplexity="1" minCyclomaticComplexity="1" maxCrapScore="2" minCrapScore="2" visitedClasses="0" numClasses="0" visitedMethods="0" numMethods="0" />
              <MetadataToken>100663301</MetadataToken>
              <Name>System.Void www.Entradas::.ctor()</Name>
              <SequencePoints />
              <BranchPoints />
              <MethodPoint vc="0" uspid="71" ordinal="0" offset="0" />
            </Method>
          </Methods>
        </Class>
        <Class>
          <Summary numSequencePoints="83" visitedSequencePoints="0" numBranchPoints="19" visitedBranchPoints="0" sequenceCoverage="0" branchCoverage="0" maxCyclomaticComplexity="6" minCyclomaticComplexity="1" maxCrapScore="42" minCrapScore="2" visitedClasses="0" numClasses="1" visitedMethods="0" numMethods="5" />
          <FullName>www.Gestion</FullName>
          <Methods>
            <Method visited="false" cyclomaticComplexity="5" nPathComplexity="16" sequenceCoverage="0" branchCoverage="0" crapScore="30" isConstructor="false" isStatic="false" isGetter="false" isSetter="false">
              <Summary numSequencePoints="33" visitedSequencePoints="0" numBranchPoints="9" visitedBranchPoints="0" sequenceCoverage="0" branchCoverage="0" maxCyclomaticComplexity="5" minCyclomaticComplexity="5" maxCrapScore="30" minCrapScore="30" visitedClasses="0" numClasses="0" visitedMethods="0" numMethods="1" />
              <MetadataToken>100663302</MetadataToken>
              <Name>System.Void www.Gestion::Page_Load(System.Object,System.EventArgs)</Name>
              <FileRef uid="2" />
              <SequencePoints>
                <SequencePoint vc="0" uspid="72" ordinal="0" offset="0" sl="20" sc="9" el="20" ec="10" bec="0" bev="0" fileid="2" />
                <SequencePoint vc="0" uspid="73" ordinal="1" offset="1" sl="21" sc="13" el="21" ec="57" bec="0" bev="0" fileid="2" />
                <SequencePoint vc="0" uspid="74" ordinal="2" offset="28" sl="23" sc="13" el="23" ec="54" bec="4" bev="0" fileid="2" />
                <SequencePoint vc="0" uspid="75" ordinal="3" offset="57" sl="24" sc="13" el="24" ec="14" bec="0" bev="0" fileid="2" />
                <SequencePoint vc="0" uspid="76" ordinal="4" offset="58" sl="26" sc="17" el="26" ec="51" bec="0" bev="0" fileid="2" />
                <SequencePoint vc="0" uspid="77" ordinal="5" offset="75" sl="27" sc="17" el="27" ec="24" bec="0" bev="0" fileid="2" />
                <SequencePoint vc="0" uspid="78" ordinal="6" offset="80" sl="30" sc="13" el="30" ec="52" bec="0" bev="0" fileid="2" />
                <SequencePoint vc="0" uspid="79" ordinal="7" offset="103" sl="32" sc="13" el="32" ec="57" bec="0" bev="0" fileid="2" />
                <SequencePoint vc="0" uspid="80" ordinal="8" offset="130" sl="34" sc="13" el="34" ec="28" bec="2" bev="0" fileid="2" />
                <SequencePoint vc="0" uspid="81" ordinal="9" offset="143" sl="35" sc="13" el="35" ec="14" bec="0" bev="0" fileid="2" />
                <SequencePoint vc="0" uspid="82" ordinal="10" offset="144" sl="36" sc="17" el="36" ec="38" bec="0" bev="0" fileid="2" />
                <SequencePoint vc="0" uspid="83" ordinal="11" offset="155" sl="37" sc="17" el="37" ec="49" bec="0" bev="0" fileid="2" />
                <SequencePoint vc="0" uspid="84" ordinal="12" offset="178" sl="38" sc="13" el="38" ec="14" bec="0" bev="0" fileid="2" />
                <SequencePoint vc="0" uspid="85" ordinal="13" offset="179" sl="43" sc="13" el="43" ec="51" bec="0" bev="0" fileid="2" />
                <SequencePoint vc="0" uspid="86" ordinal="14" offset="190" sl="44" sc="13" el="44" ec="67" bec="0" bev="0" fileid="2" />
                <SequencePoint vc="0" uspid="87" ordinal="15" offset="222" sl="45" sc="13" el="45" ec="71" bec="0" bev="0" fileid="2" />
                <SequencePoint vc="0" uspid="88" ordinal="16" offset="254" sl="46" sc="13" el="46" ec="74" bec="0" bev="0" fileid="2" />
                <SequencePoint vc="0" uspid="89" ordinal="17" offset="286" sl="47" sc="13" el="47" ec="70" bec="0" bev="0" fileid="2" />
                <SequencePoint vc="0" uspid="90" ordinal="18" offset="318" sl="48" sc="13" el="48" ec="69" bec="0" bev="0" fileid="2" />
                <SequencePoint vc="0" uspid="91" ordinal="19" offset="350" sl="50" sc="13" el="50" ec="47" bec="0" bev="0" fileid="2" />
                <SequencePoint vc="0" uspid="92" ordinal="20" offset="361" sl="51" sc="13" el="51" ec="63" bec="0" bev="0" fileid="2" />
                <SequencePoint vc="0" uspid="93" ordinal="21" offset="393" sl="52" sc="13" el="52" ec="68" bec="0" bev="0" fileid="2" />
                <SequencePoint vc="0" uspid="94" ordinal="22" offset="425" sl="53" sc="13" el="53" ec="69" bec="0" bev="0" fileid="2" />
                <SequencePoint vc="0" uspid="95" ordinal="23" offset="457" sl="54" sc="13" el="54" ec="75" bec="0" bev="0" fileid="2" />
                <SequencePoint vc="0" uspid="96" ordinal="24" offset="489" sl="56" sc="13" el="56" ec="34" bec="2" bev="0" fileid="2" />
                <SequencePoint vc="0" uspid="97" ordinal="25" offset="502" sl="57" sc="13" el="57" ec="14" bec="0" bev="0" fileid="2" />
                <SequencePoint vc="0" uspid="98" ordinal="26" offset="503" sl="59" sc="17" el="59" ec="77" bec="0" bev="0" fileid="2" />
                <SequencePoint vc="0" uspid="99" ordinal="27" offset="530" sl="60" sc="17" el="60" ec="81" bec="0" bev="0" fileid="2" />
                <SequencePoint vc="0" uspid="100" ordinal="28" offset="557" sl="61" sc="17" el="61" ec="63" bec="0" bev="0" fileid="2" />
                <SequencePoint vc="0" uspid="101" ordinal="29" offset="584" sl="63" sc="17" el="63" ec="69" bec="0" bev="0" fileid="2" />
                <SequencePoint vc="0" uspid="102" ordinal="30" offset="602" sl="64" sc="17" el="64" ec="53" bec="0" bev="0" fileid="2" />
                <SequencePoint vc="0" uspid="103" ordinal="31" offset="614" sl="65" sc="13" el="65" ec="14" bec="0" bev="0" fileid="2" />
                <SequencePoint vc="0" uspid="104" ordinal="32" offset="615" sl="66" sc="9" el="66" ec="10" bec="0" bev="0" fileid="2" />
              </SequencePoints>
              <BranchPoints>
                <BranchPoint vc="0" uspid="105" ordinal="0" offset="34" sl="23" path="0" offsetend="36" fileid="2" />
                <BranchPoint vc="0" uspid="106" ordinal="1" offset="34" sl="23" path="1" offsetend="52" fileid="2" />
                <BranchPoint vc="0" uspid="107" ordinal="2" offset="55" sl="23" path="0" offsetend="57" fileid="2" />
                <BranchPoint vc="0" uspid="108" ordinal="3" offset="55" sl="23" path="1" offsetend="80" fileid="2" />
                <BranchPoint vc="0" uspid="109" ordinal="4" offset="141" sl="34" path="0" offsetend="143" fileid="2" />
                <BranchPoint vc="0" uspid="110" ordinal="5" offset="141" sl="34" path="1" offsetend="179" fileid="2" />
                <BranchPoint vc="0" uspid="111" ordinal="6" offset="500" sl="56" path="0" offsetend="502" fileid="2" />
                <BranchPoint vc="0" uspid="112" ordinal="7" offset="500" sl="56" path="1" offsetend="615" fileid="2" />
              </BranchPoints>
              <MethodPoint xsi:type="SequencePoint" vc="0" uspid="72" ordinal="0" offset="0" sl="20" sc="9" el="20" ec="10" bec="0" bev="0" fileid="2" />
            </Method>
            <Method visited="false" cyclomaticComplexity="1" nPathComplexity="0" sequenceCoverage="0" branchCoverage="0" crapScore="2" isConstructor="false" isStatic="false" isGetter="false" isSetter="false">
              <Summary numSequencePoints="4" visitedSequencePoints="0" numBranchPoints="1" visitedBranchPoints="0" sequenceCoverage="0" branchCoverage="0" maxCyclomaticComplexity="1" minCyclomaticComplexity="1" maxCrapScore="2" minCrapScore="2" visitedClasses="0" numClasses="0" visitedMethods="0" numMethods="1" />
              <MetadataToken>100663303</MetadataToken>
              <Name>System.Void www.Gestion::btnCerrarSesion_Click(System.Object,System.EventArgs)</Name>
              <FileRef uid="2" />
              <SequencePoints>
                <SequencePoint vc="0" uspid="113" ordinal="0" offset="0" sl="70" sc="9" el="70" ec="10" bec="0" bev="0" fileid="2" />
                <SequencePoint vc="0" uspid="114" ordinal="1" offset="1" sl="72" sc="13" el="72" ec="45" bec="0" bev="0" fileid="2" />
                <SequencePoint vc="0" uspid="115" ordinal="2" offset="19" sl="74" sc="13" el="74" ec="47" bec="0" bev="0" fileid="2" />
                <SequencePoint vc="0" uspid="116" ordinal="3" offset="36" sl="75" sc="9" el="75" ec="10" bec="0" bev="0" fileid="2" />
              </SequencePoints>
              <BranchPoints />
              <MethodPoint xsi:type="SequencePoint" vc="0" uspid="113" ordinal="0" offset="0" sl="70" sc="9" el="70" ec="10" bec="0" bev="0" fileid="2" />
            </Method>
            <Method visited="false" cyclomaticComplexity="1" nPathComplexity="0" sequenceCoverage="0" branchCoverage="0" crapScore="2" isConstructor="false" isStatic="false" isGetter="false" isSetter="false">
              <Summary numSequencePoints="3" visitedSequencePoints="0" numBranchPoints="1" visitedBranchPoints="0" sequenceCoverage="0" branchCoverage="0" maxCyclomaticComplexity="1" minCyclomaticComplexity="1" maxCrapScore="2" minCrapScore="2" visitedClasses="0" numClasses="0" visitedMethods="0" numMethods="1" />
              <MetadataToken>100663304</MetadataToken>
              <Name>System.Void www.Gestion::btnIrEntradas_Click(System.Object,System.EventArgs)</Name>
              <FileRef uid="2" />
              <SequencePoints>
                <SequencePoint vc="0" uspid="117" ordinal="0" offset="0" sl="78" sc="9" el="78" ec="10" bec="0" bev="0" fileid="2" />
                <SequencePoint vc="0" uspid="118" ordinal="1" offset="1" sl="79" sc="13" el="79" ec="49" bec="0" bev="0" fileid="2" />
                <SequencePoint vc="0" uspid="119" ordinal="2" offset="18" sl="81" sc="9" el="81" ec="10" bec="0" bev="0" fileid="2" />
              </SequencePoints>
              <BranchPoints />
              <MethodPoint xsi:type="SequencePoint" vc="0" uspid="117" ordinal="0" offset="0" sl="78" sc="9" el="78" ec="10" bec="0" bev="0" fileid="2" />
            </Method>
            <Method visited="false" cyclomaticComplexity="6" nPathComplexity="8" sequenceCoverage="0" branchCoverage="0" crapScore="42" isConstructor="false" isStatic="false" isGetter="false" isSetter="false">
              <Summary numSequencePoints="42" visitedSequencePoints="0" numBranchPoints="7" visitedBranchPoints="0" sequenceCoverage="0" branchCoverage="0" maxCyclomaticComplexity="6" minCyclomaticComplexity="6" maxCrapScore="42" minCrapScore="42" visitedClasses="0" numClasses="0" visitedMethods="0" numMethods="1" />
              <MetadataToken>100663305</MetadataToken>
              <Name>System.Void www.Gestion::ddlSelFuncionGestor_SelectedIndex(System.Object,System.EventArgs)</Name>
              <FileRef uid="2" />
              <SequencePoints>
                <SequencePoint vc="0" uspid="120" ordinal="0" offset="0" sl="84" sc="9" el="84" ec="10" bec="0" bev="0" fileid="2" />
                <SequencePoint vc="0" uspid="121" ordinal="1" offset="1" sl="85" sc="13" el="85" ec="69" bec="0" bev="0" fileid="2" />
                <SequencePoint vc="0" uspid="122" ordinal="2" offset="13" sl="87" sc="13" el="87" ec="52" bec="2" bev="0" fileid="2" />
                <SequencePoint vc="0" uspid="123" ordinal="3" offset="31" sl="88" sc="13" el="88" ec="14" bec="0" bev="0" fileid="2" />
                <SequencePoint vc="0" uspid="124" ordinal="4" offset="32" sl="90" sc="17" el="90" ec="24" bec="0" bev="0" fileid="2" />
                <SequencePoint vc="0" uspid="125" ordinal="5" offset="33" sl="90" sc="39" el="90" ec="64" bec="0" bev="0" fileid="2" />
                <SequencePoint vc="0" uspid="126" ordinal="6" offset="52" sl="90" sc="26" el="90" ec="35" bec="0" bev="0" fileid="2" />
                <SequencePoint vc="0" uspid="127" ordinal="7" offset="60" sl="91" sc="17" el="91" ec="18" bec="0" bev="0" fileid="2" />
                <SequencePoint vc="0" uspid="128" ordinal="8" offset="61" sl="92" sc="21" el="92" ec="100" bec="0" bev="0" fileid="2" />
                <SequencePoint vc="0" uspid="129" ordinal="9" offset="139" sl="93" sc="17" el="93" ec="18" bec="0" bev="0" fileid="2" />
                <SequencePoint vc="0" uspid="130" ordinal="10" offset="140" sl="90" sc="36" el="90" ec="38" bec="0" bev="0" fileid="2" />
                <SequencePoint vc="0" uspid="131" ordinal="11" offset="166" sl="94" sc="17" el="94" ec="73" bec="0" bev="0" fileid="2" />
                <SequencePoint vc="0" uspid="132" ordinal="12" offset="184" sl="95" sc="17" el="95" ec="51" bec="0" bev="0" fileid="2" />
                <SequencePoint vc="0" uspid="133" ordinal="13" offset="196" sl="97" sc="17" el="97" ec="44" bec="0" bev="0" fileid="2" />
                <SequencePoint vc="0" uspid="134" ordinal="14" offset="209" sl="98" sc="17" el="98" ec="55" bec="0" bev="0" fileid="2" />
                <SequencePoint vc="0" uspid="135" ordinal="15" offset="222" sl="99" sc="13" el="99" ec="14" bec="0" bev="0" fileid="2" />
                <SequencePoint vc="0" uspid="136" ordinal="16" offset="228" sl="99" sc="19" el="99" ec="45" bec="2" bev="0" fileid="2" />
                <SequencePoint vc="0" uspid="137" ordinal="17" offset="248" sl="100" sc="13" el="100" ec="14" bec="0" bev="0" fileid="2" />
                <SequencePoint vc="0" uspid="138" ordinal="18" offset="249" sl="102" sc="17" el="102" ec="24" bec="0" bev="0" fileid="2" />
                <SequencePoint vc="0" uspid="139" ordinal="19" offset="250" sl="102" sc="43" el="102" ec="71" bec="0" bev="0" fileid="2" />
                <SequencePoint vc="0" uspid="140" ordinal="20" offset="270" sl="102" sc="26" el="102" ec="39" bec="0" bev="0" fileid="2" />
                <SequencePoint vc="0" uspid="141" ordinal="21" offset="279" sl="103" sc="17" el="103" ec="18" bec="0" bev="0" fileid="2" />
                <SequencePoint vc="0" uspid="142" ordinal="22" offset="280" sl="106" sc="21" el="106" ec="44" bec="2" bev="0" fileid="2" />
                <SequencePoint vc="0" uspid="143" ordinal="23" offset="296" sl="107" sc="21" el="107" ec="22" bec="0" bev="0" fileid="2" />
                <SequencePoint vc="0" uspid="144" ordinal="24" offset="297" sl="108" sc="25" el="108" ec="51" bec="0" bev="0" fileid="2" />
                <SequencePoint vc="0" uspid="145" ordinal="25" offset="304" sl="109" sc="21" el="109" ec="22" bec="0" bev="0" fileid="2" />
                <SequencePoint vc="0" uspid="146" ordinal="26" offset="307" sl="111" sc="21" el="111" ec="22" bec="0" bev="0" fileid="2" />
                <SequencePoint vc="0" uspid="147" ordinal="27" offset="308" sl="112" sc="25" el="112" ec="54" bec="0" bev="0" fileid="2" />
                <SequencePoint vc="0" uspid="148" ordinal="28" offset="322" sl="113" sc="21" el="113" ec="22" bec="0" bev="0" fileid="2" />
                <SequencePoint vc="0" uspid="149" ordinal="29" offset="323" sl="115" sc="21" el="115" ec="81" bec="0" bev="0" fileid="2" />
                <SequencePoint vc="0" uspid="150" ordinal="30" offset="391" sl="116" sc="17" el="116" ec="18" bec="0" bev="0" fileid="2" />
                <SequencePoint vc="0" uspid="151" ordinal="31" offset="392" sl="102" sc="40" el="102" ec="42" bec="0" bev="0" fileid="2" />
                <SequencePoint vc="0" uspid="152" ordinal="32" offset="421" sl="117" sc="17" el="117" ec="57" bec="0" bev="0" fileid="2" />
                <SequencePoint vc="0" uspid="153" ordinal="33" offset="439" sl="118" sc="17" el="118" ec="39" bec="0" bev="0" fileid="2" />
                <SequencePoint vc="0" uspid="154" ordinal="34" offset="451" sl="120" sc="17" el="120" ec="56" bec="0" bev="0" fileid="2" />
                <SequencePoint vc="0" uspid="155" ordinal="35" offset="464" sl="121" sc="17" el="121" ec="43" bec="0" bev="0" fileid="2" />
                <SequencePoint vc="0" uspid="156" ordinal="36" offset="477" sl="122" sc="13" el="122" ec="14" bec="0" bev="0" fileid="2" />
                <SequencePoint vc="0" uspid="157" ordinal="37" offset="480" sl="124" sc="13" el="124" ec="14" bec="0" bev="0" fileid="2" />
                <SequencePoint vc="0" uspid="158" ordinal="38" offset="481" sl="125" sc="17" el="125" ec="56" bec="0" bev="0" fileid="2" />
                <SequencePoint vc="0" uspid="159" ordinal="39" offset="494" sl="126" sc="17" el="126" ec="44" bec="0" bev="0" fileid="2" />
                <SequencePoint vc="0" uspid="160" ordinal="40" offset="507" sl="127" sc="13" el="127" ec="14" bec="0" bev="0" fileid="2" />
                <SequencePoint vc="0" uspid="161" ordinal="41" offset="508" sl="128" sc="9" el="128" ec="10" bec="0" bev="0" fileid="2" />
              </SequencePoints>
              <BranchPoints>
                <BranchPoint vc="0" uspid="162" ordinal="0" offset="26" sl="87" path="0" offsetend="31" fileid="2" />
                <BranchPoint vc="0" uspid="163" ordinal="1" offset="26" sl="87" path="1" offsetend="228" fileid="2" />
                <BranchPoint vc="0" uspid="166" ordinal="4" offset="243" sl="99" path="0" offsetend="248" fileid="2" />
                <BranchPoint vc="0" uspid="167" ordinal="5" offset="243" sl="99" path="1" offsetend="480" fileid="2" />
                <BranchPoint vc="0" uspid="168" ordinal="6" offset="294" sl="106" path="0" offsetend="296" fileid="2" />
                <BranchPoint vc="0" uspid="169" ordinal="7" offset="294" sl="106" path="1" offsetend="307" fileid="2" />
              </BranchPoints>
              <MethodPoint xsi:type="SequencePoint" vc="0" uspid="120" ordinal="0" offset="0" sl="84" sc="9" el="84" ec="10" bec="0" bev="0" fileid="2" />
            </Method>
            <Method visited="false" cyclomaticComplexity="1" nPathComplexity="0" sequenceCoverage="0" branchCoverage="0" crapScore="2" isConstructor="true" isStatic="false" isGetter="false" isSetter="false">
              <Summary numSequencePoints="1" visitedSequencePoints="0" numBranchPoints="1" visitedBranchPoints="0" sequenceCoverage="0" branchCoverage="0" maxCyclomaticComplexity="1" minCyclomaticComplexity="1" maxCrapScore="2" minCrapScore="2" visitedClasses="0" numClasses="0" visitedMethods="0" numMethods="1" />
              <MetadataToken>100663306</MetadataToken>
              <Name>System.Void www.Gestion::.ctor()</Name>
              <FileRef uid="2" />
              <SequencePoints>
                <SequencePoint vc="0" uspid="172" ordinal="0" offset="0" sl="15" sc="9" el="15" ec="56" bec="0" bev="0" fileid="2" />
              </SequencePoints>
              <BranchPoints />
              <MethodPoint xsi:type="SequencePoint" vc="0" uspid="172" ordinal="0" offset="0" sl="15" sc="9" el="15" ec="56" bec="0" bev="0" fileid="2" />
            </Method>
          </Methods>
        </Class>
        <Class>
          <Summary numSequencePoints="48" visitedSequencePoints="0" numBranchPoints="16" visitedBranchPoints="0" sequenceCoverage="0" branchCoverage="0" maxCyclomaticComplexity="5" minCyclomaticComplexity="1" maxCrapScore="30" minCrapScore="2" visitedClasses="0" numClasses="1" visitedMethods="0" numMethods="2" />
          <FullName>www.Inicio</FullName>
          <Methods>
            <Method visited="false" cyclomaticComplexity="4" nPathComplexity="8" sequenceCoverage="0" branchCoverage="0" crapScore="20" isConstructor="false" isStatic="false" isGetter="false" isSetter="false">
              <Summary numSequencePoints="21" visitedSequencePoints="0" numBranchPoints="7" visitedBranchPoints="0" sequenceCoverage="0" branchCoverage="0" maxCyclomaticComplexity="4" minCyclomaticComplexity="4" maxCrapScore="20" minCrapScore="20" visitedClasses="0" numClasses="0" visitedMethods="0" numMethods="1" />
              <MetadataToken>100663307</MetadataToken>
              <Name>System.Void www.Inicio::Page_Load(System.Object,System.EventArgs)</Name>
              <FileRef uid="3" />
              <SequencePoints>
                <SequencePoint vc="0" uspid="173" ordinal="0" offset="0" sl="14" sc="9" el="14" ec="10" bec="0" bev="0" fileid="3" />
                <SequencePoint vc="0" uspid="174" ordinal="1" offset="1" sl="15" sc="13" el="15" ec="57" bec="0" bev="0" fileid="3" />
                <SequencePoint vc="0" uspid="175" ordinal="2" offset="28" sl="17" sc="13" el="17" ec="28" bec="2" bev="0" fileid="3" />
                <SequencePoint vc="0" uspid="176" ordinal="3" offset="41" sl="18" sc="13" el="18" ec="14" bec="0" bev="0" fileid="3" />
                <SequencePoint vc="0" uspid="177" ordinal="4" offset="42" sl="19" sc="17" el="19" ec="38" bec="0" bev="0" fileid="3" />
                <SequencePoint vc="0" uspid="178" ordinal="5" offset="53" sl="20" sc="17" el="20" ec="49" bec="0" bev="0" fileid="3" />
                <SequencePoint vc="0" uspid="179" ordinal="6" offset="76" sl="21" sc="13" el="21" ec="14" bec="0" bev="0" fileid="3" />
                <SequencePoint vc="0" uspid="180" ordinal="7" offset="77" sl="23" sc="13" el="23" ec="57" bec="0" bev="0" fileid="3" />
                <SequencePoint vc="0" uspid="181" ordinal="8" offset="104" sl="25" sc="13" el="25" ec="33" bec="2" bev="0" fileid="3" />
                <SequencePoint vc="0" uspid="182" ordinal="9" offset="117" sl="26" sc="13" el="26" ec="14" bec="0" bev="0" fileid="3" />
                <SequencePoint vc="0" uspid="183" ordinal="10" offset="118" sl="27" sc="17" el="27" ec="43" bec="2" bev="0" fileid="3" />
                <SequencePoint vc="0" uspid="184" ordinal="11" offset="133" sl="28" sc="17" el="28" ec="18" bec="0" bev="0" fileid="3" />
                <SequencePoint vc="0" uspid="185" ordinal="12" offset="134" sl="29" sc="21" el="29" ec="56" bec="0" bev="0" fileid="3" />
                <SequencePoint vc="0" uspid="186" ordinal="13" offset="151" sl="30" sc="17" el="30" ec="18" bec="0" bev="0" fileid="3" />
                <SequencePoint vc="0" uspid="187" ordinal="14" offset="154" sl="32" sc="17" el="32" ec="18" bec="0" bev="0" fileid="3" />
                <SequencePoint vc="0" uspid="188" ordinal="15" offset="155" sl="33" sc="21" el="33" ec="57" bec="0" bev="0" fileid="3" />
                <SequencePoint vc="0" uspid="189" ordinal="16" offset="172" sl="34" sc="17" el="34" ec="18" bec="0" bev="0" fileid="3" />
                <SequencePoint vc="0" uspid="190" ordinal="17" offset="173" sl="35" sc="13" el="35" ec="14" bec="0" bev="0" fileid="3" />
                <SequencePoint vc="0" uspid="191" ordinal="18" offset="174" sl="36" sc="13" el="36" ec="28" bec="0" bev="0" fileid="3" />
                <SequencePoint vc="0" uspid="192" ordinal="19" offset="181" sl="37" sc="13" el="37" ec="48" bec="0" bev="0" fileid="3" />
                <SequencePoint vc="0" uspid="193" ordinal="20" offset="204" sl="38" sc="9" el="38" ec="10" bec="0" bev="0" fileid="3" />
              </SequencePoints>
              <BranchPoints>
                <BranchPoint vc="0" uspid="194" ordinal="0" offset="39" sl="17" path="0" offsetend="41" fileid="3" />
                <BranchPoint vc="0" uspid="195" ordinal="1" offset="39" sl="17" path="1" offsetend="77" fileid="3" />
                <BranchPoint vc="0" uspid="196" ordinal="2" offset="115" sl="25" path="0" offsetend="117" fileid="3" />
                <BranchPoint vc="0" uspid="197" ordinal="3" offset="115" sl="25" path="1" offsetend="174" fileid="3" />
                <BranchPoint vc="0" uspid="198" ordinal="4" offset="131" sl="27" path="0" offsetend="133" fileid="3" />
                <BranchPoint vc="0" uspid="199" ordinal="5" offset="131" sl="27" path="1" offsetend="154" fileid="3" />
              </BranchPoints>
              <MethodPoint xsi:type="SequencePoint" vc="0" uspid="173" ordinal="0" offset="0" sl="14" sc="9" el="14" ec="10" bec="0" bev="0" fileid="3" />
            </Method>
            <Method visited="false" cyclomaticComplexity="5" nPathComplexity="16" sequenceCoverage="0" branchCoverage="0" crapScore="30" isConstructor="false" isStatic="false" isGetter="false" isSetter="false">
              <Summary numSequencePoints="27" visitedSequencePoints="0" numBranchPoints="9" visitedBranchPoints="0" sequenceCoverage="0" branchCoverage="0" maxCyclomaticComplexity="5" minCyclomaticComplexity="5" maxCrapScore="30" minCrapScore="30" visitedClasses="0" numClasses="0" visitedMethods="0" numMethods="1" />
              <MetadataToken>100663308</MetadataToken>
              <Name>System.Void www.Inicio::Entrar_Click(System.Object,System.EventArgs)</Name>
              <FileRef uid="3" />
              <SequencePoints>
                <SequencePoint vc="0" uspid="200" ordinal="0" offset="0" sl="41" sc="9" el="41" ec="10" bec="0" bev="0" fileid="3" />
                <SequencePoint vc="0" uspid="201" ordinal="1" offset="1" sl="42" sc="13" el="42" ec="69" bec="0" bev="0" fileid="3" />
                <SequencePoint vc="0" uspid="202" ordinal="2" offset="29" sl="43" sc="13" el="43" ec="38" bec="2" bev="0" fileid="3" />
                <SequencePoint vc="0" uspid="203" ordinal="3" offset="42" sl="44" sc="13" el="44" ec="14" bec="0" bev="0" fileid="3" />
                <SequencePoint vc="0" uspid="204" ordinal="4" offset="43" sl="45" sc="17" el="45" ec="57" bec="0" bev="0" fileid="3" />
                <SequencePoint vc="0" uspid="205" ordinal="5" offset="60" sl="46" sc="13" el="46" ec="14" bec="0" bev="0" fileid="3" />
                <SequencePoint vc="0" uspid="206" ordinal="6" offset="66" sl="47" sc="18" el="47" ec="79" bec="2" bev="0" fileid="3" />
                <SequencePoint vc="0" uspid="207" ordinal="7" offset="95" sl="48" sc="13" el="48" ec="14" bec="0" bev="0" fileid="3" />
                <SequencePoint vc="0" uspid="208" ordinal="8" offset="96" sl="49" sc="17" el="49" ec="62" bec="0" bev="0" fileid="3" />
                <SequencePoint vc="0" uspid="209" ordinal="9" offset="113" sl="50" sc="13" el="50" ec="14" bec="0" bev="0" fileid="3" />
                <SequencePoint vc="0" uspid="210" ordinal="10" offset="119" sl="51" sc="18" el="51" ec="56" bec="2" bev="0" fileid="3" />
                <SequencePoint vc="0" uspid="211" ordinal="11" offset="134" sl="52" sc="13" el="52" ec="14" bec="0" bev="0" fileid="3" />
                <SequencePoint vc="0" uspid="212" ordinal="12" offset="135" sl="53" sc="17" el="53" ec="94" bec="0" bev="0" fileid="3" />
                <SequencePoint vc="0" uspid="213" ordinal="13" offset="152" sl="54" sc="13" el="54" ec="14" bec="0" bev="0" fileid="3" />
                <SequencePoint vc="0" uspid="214" ordinal="14" offset="155" sl="56" sc="13" el="56" ec="14" bec="0" bev="0" fileid="3" />
                <SequencePoint vc="0" uspid="215" ordinal="15" offset="156" sl="57" sc="17" el="57" ec="57" bec="0" bev="0" fileid="3" />
                <SequencePoint vc="0" uspid="216" ordinal="16" offset="179" sl="58" sc="17" el="58" ec="54" bec="0" bev="0" fileid="3" />
                <SequencePoint vc="0" uspid="217" ordinal="17" offset="203" sl="59" sc="17" el="59" ec="43" bec="2" bev="0" fileid="3" />
                <SequencePoint vc="0" uspid="218" ordinal="18" offset="218" sl="60" sc="17" el="60" ec="18" bec="0" bev="0" fileid="3" />
                <SequencePoint vc="0" uspid="219" ordinal="19" offset="219" sl="61" sc="21" el="61" ec="56" bec="0" bev="0" fileid="3" />
                <SequencePoint vc="0" uspid="220" ordinal="20" offset="236" sl="62" sc="17" el="62" ec="18" bec="0" bev="0" fileid="3" />
                <SequencePoint vc="0" uspid="221" ordinal="21" offset="239" sl="64" sc="17" el="64" ec="18" bec="0" bev="0" fileid="3" />
                <SequencePoint vc="0" uspid="222" ordinal="22" offset="240" sl="65" sc="21" el="65" ec="57" bec="0" bev="0" fileid="3" />
                <SequencePoint vc="0" uspid="223" ordinal="23" offset="257" sl="66" sc="17" el="66" ec="18" bec="0" bev="0" fileid="3" />
                <SequencePoint vc="0" uspid="224" ordinal="24" offset="258" sl="67" sc="13" el="67" ec="14" bec="0" bev="0" fileid="3" />
                <SequencePoint vc="0" uspid="225" ordinal="25" offset="259" sl="69" sc="13" el="69" ec="42" bec="0" bev="0" fileid="3" />
                <SequencePoint vc="0" uspid="226" ordinal="26" offset="272" sl="70" sc="9" el="70" ec="10" bec="0" bev="0" fileid="3" />
              </SequencePoints>
              <BranchPoints>
                <BranchPoint vc="0" uspid="227" ordinal="0" offset="40" sl="43" path="0" offsetend="42" fileid="3" />
                <BranchPoint vc="0" uspid="228" ordinal="1" offset="40" sl="43" path="1" offsetend="66" fileid="3" />
                <BranchPoint vc="0" uspid="229" ordinal="2" offset="93" sl="47" path="0" offsetend="95" fileid="3" />
                <BranchPoint vc="0" uspid="230" ordinal="3" offset="93" sl="47" path="1" offsetend="119" fileid="3" />
                <BranchPoint vc="0" uspid="231" ordinal="4" offset="132" sl="51" path="0" offsetend="134" fileid="3" />
                <BranchPoint vc="0" uspid="232" ordinal="5" offset="132" sl="51" path="1" offsetend="155" fileid="3" />
                <BranchPoint vc="0" uspid="233" ordinal="6" offset="216" sl="59" path="0" offsetend="218" fileid="3" />
                <BranchPoint vc="0" uspid="234" ordinal="7" offset="216" sl="59" path="1" offsetend="239" fileid="3" />
              </BranchPoints>
              <MethodPoint xsi:type="SequencePoint" vc="0" uspid="200" ordinal="0" offset="0" sl="41" sc="9" el="41" ec="10" bec="0" bev="0" fileid="3" />
            </Method>
            <Method visited="false" cyclomaticComplexity="1" nPathComplexity="0" sequenceCoverage="0" branchCoverage="0" crapScore="2" isConstructor="true" isStatic="false" isGetter="false" isSetter="false">
              <Summary numSequencePoints="0" visitedSequencePoints="0" numBranchPoints="0" visitedBranchPoints="0" sequenceCoverage="0" branchCoverage="0" maxCyclomaticComplexity="1" minCyclomaticComplexity="1" maxCrapScore="2" minCrapScore="2" visitedClasses="0" numClasses="0" visitedMethods="0" numMethods="0" />
              <MetadataToken>100663309</MetadataToken>
              <Name>System.Void www.Inicio::.ctor()</Name>
              <SequencePoints />
              <BranchPoints />
              <MethodPoint vc="0" uspid="235" ordinal="0" offset="0" />
            </Method>
          </Methods>
        </Class>
      </Classes>
    </Module>
  </Modules>
</CoverageSession>