<?xml version="1.0" encoding="utf-8"?>
<CoverageSession xmlns:xsd="http://www.w3.org/2001/XMLSchema" xmlns:xsi="http://www.w3.org/2001/XMLSchema-instance" Version="4.7.922.0">
  <Summary numSequencePoints="289" visitedSequencePoints="251" numBranchPoints="91" visitedBranchPoints="65" sequenceCoverage="86.85" branchCoverage="71.43" maxCyclomaticComplexity="4" minCyclomaticComplexity="1" maxCrapScore="6" minCrapScore="1" visitedClasses="7" numClasses="7" visitedMethods="45" numMethods="65" />
  <Modules>
    <Module hash="39-E9-7D-A4-47-BF-3D-9C-9C-05-64-B9-0E-DD-CF-2C-D1-62-B0-A1">
      <Summary numSequencePoints="84" visitedSequencePoints="84" numBranchPoints="6" visitedBranchPoints="6" sequenceCoverage="100" branchCoverage="100" maxCyclomaticComplexity="1" minCyclomaticComplexity="1" maxCrapScore="2" minCrapScore="1" visitedClasses="1" numClasses="1" visitedMethods="6" numMethods="6" />
      <ModulePath>D:\VAL\UBUPassword\vyp\UBUPassword\DatosTests\bin\Debug\fine-code-coverage\build-output\DatosTests.dll</ModulePath>
      <ModuleTime>2022-11-09T18:30:10.5073486Z</ModuleTime>
      <ModuleName>DatosTests</ModuleName>
      <Files>
        <File uid="1" fullPath="D:\VAL\UBUPassword\vyp\UBUPassword\DatosTests\DBPruebasTests.cs" />
      </Files>
      <Classes>
        <Class>
          <Summary numSequencePoints="84" visitedSequencePoints="84" numBranchPoints="6" visitedBranchPoints="6" sequenceCoverage="100" branchCoverage="100" maxCyclomaticComplexity="1" minCyclomaticComplexity="1" maxCrapScore="2" minCrapScore="1" visitedClasses="1" numClasses="1" visitedMethods="6" numMethods="6" />
          <FullName>Datos.Tests.DBPruebasTests</FullName>
          <Methods>
            <Method visited="true" cyclomaticComplexity="1" nPathComplexity="0" sequenceCoverage="100" branchCoverage="100" crapScore="1" isConstructor="false" isStatic="false" isGetter="false" isSetter="false">
              <Summary numSequencePoints="3" visitedSequencePoints="3" numBranchPoints="1" visitedBranchPoints="1" sequenceCoverage="100" branchCoverage="100" maxCyclomaticComplexity="1" minCyclomaticComplexity="1" maxCrapScore="1" minCrapScore="1" visitedClasses="0" numClasses="0" visitedMethods="1" numMethods="1" />
              <MetadataToken>100663297</MetadataToken>
              <Name>System.Void Datos.Tests.DBPruebasTests::Initialize()</Name>
              <FileRef uid="1" />
              <SequencePoints>
                <SequencePoint vc="5" uspid="1" ordinal="0" offset="0" sl="20" sc="9" el="20" ec="10" bec="0" bev="0" fileid="1" />
                <SequencePoint vc="5" uspid="2" ordinal="1" offset="1" sl="21" sc="13" el="21" ec="34" bec="0" bev="0" fileid="1" />
                <SequencePoint vc="5" uspid="3" ordinal="2" offset="12" sl="22" sc="9" el="22" ec="10" bec="0" bev="0" fileid="1" />
              </SequencePoints>
              <BranchPoints />
              <MethodPoint xsi:type="SequencePoint" vc="5" uspid="1" ordinal="0" offset="0" sl="20" sc="9" el="20" ec="10" bec="0" bev="0" fileid="1" />
            </Method>
            <Method visited="true" cyclomaticComplexity="1" nPathComplexity="0" sequenceCoverage="100" branchCoverage="100" crapScore="1" isConstructor="false" isStatic="false" isGetter="false" isSetter="false">
              <Summary numSequencePoints="32" visitedSequencePoints="32" numBranchPoints="1" visitedBranchPoints="1" sequenceCoverage="100" branchCoverage="100" maxCyclomaticComplexity="1" minCyclomaticComplexity="1" maxCrapScore="1" minCrapScore="1" visitedClasses="0" numClasses="0" visitedMethods="1" numMethods="1" />
              <MetadataToken>100663298</MetadataToken>
              <Name>System.Void Datos.Tests.DBPruebasTests::AñadirUsuarioTest()</Name>
              <FileRef uid="1" />
              <SequencePoints>
                <SequencePoint vc="1" uspid="4" ordinal="0" offset="0" sl="26" sc="9" el="26" ec="10" bec="0" bev="0" fileid="1" />
                <SequencePoint vc="1" uspid="5" ordinal="1" offset="1" sl="27" sc="13" el="27" ec="46" bec="0" bev="0" fileid="1" />
                <SequencePoint vc="1" uspid="6" ordinal="2" offset="13" sl="28" sc="13" el="28" ec="40" bec="0" bev="0" fileid="1" />
                <SequencePoint vc="1" uspid="7" ordinal="3" offset="21" sl="38" sc="13" el="38" ec="106" bec="0" bev="0" fileid="1" />
                <SequencePoint vc="1" uspid="8" ordinal="4" offset="59" sl="39" sc="13" el="39" ec="58" bec="0" bev="0" fileid="1" />
                <SequencePoint vc="1" uspid="9" ordinal="5" offset="77" sl="49" sc="13" el="49" ec="114" bec="0" bev="0" fileid="1" />
                <SequencePoint vc="1" uspid="10" ordinal="6" offset="115" sl="50" sc="13" el="50" ec="58" bec="0" bev="0" fileid="1" />
                <SequencePoint vc="1" uspid="11" ordinal="7" offset="133" sl="60" sc="13" el="60" ec="105" bec="0" bev="0" fileid="1" />
                <SequencePoint vc="1" uspid="12" ordinal="8" offset="171" sl="61" sc="13" el="61" ec="58" bec="0" bev="0" fileid="1" />
                <SequencePoint vc="1" uspid="13" ordinal="9" offset="189" sl="71" sc="13" el="71" ec="110" bec="0" bev="0" fileid="1" />
                <SequencePoint vc="1" uspid="14" ordinal="10" offset="227" sl="72" sc="13" el="72" ec="62" bec="0" bev="0" fileid="1" />
                <SequencePoint vc="1" uspid="15" ordinal="11" offset="247" sl="82" sc="13" el="82" ec="62" bec="0" bev="0" fileid="1" />
                <SequencePoint vc="1" uspid="16" ordinal="12" offset="264" sl="83" sc="13" el="83" ec="33" bec="0" bev="0" fileid="1" />
                <SequencePoint vc="1" uspid="17" ordinal="13" offset="271" sl="85" sc="13" el="85" ec="49" bec="0" bev="0" fileid="1" />
                <SequencePoint vc="1" uspid="18" ordinal="14" offset="288" sl="86" sc="13" el="86" ec="54" bec="0" bev="0" fileid="1" />
                <SequencePoint vc="1" uspid="19" ordinal="15" offset="305" sl="87" sc="13" el="87" ec="57" bec="0" bev="0" fileid="1" />
                <SequencePoint vc="1" uspid="20" ordinal="16" offset="322" sl="88" sc="13" el="88" ec="48" bec="0" bev="0" fileid="1" />
                <SequencePoint vc="1" uspid="21" ordinal="17" offset="335" sl="89" sc="13" el="89" ec="64" bec="0" bev="0" fileid="1" />
                <SequencePoint vc="1" uspid="22" ordinal="18" offset="352" sl="99" sc="13" el="99" ec="41" bec="0" bev="0" fileid="1" />
                <SequencePoint vc="1" uspid="23" ordinal="19" offset="370" sl="100" sc="13" el="100" ec="33" bec="0" bev="0" fileid="1" />
                <SequencePoint vc="1" uspid="24" ordinal="20" offset="377" sl="102" sc="13" el="102" ec="49" bec="0" bev="0" fileid="1" />
                <SequencePoint vc="1" uspid="25" ordinal="21" offset="394" sl="103" sc="13" el="103" ec="54" bec="0" bev="0" fileid="1" />
                <SequencePoint vc="1" uspid="26" ordinal="22" offset="411" sl="104" sc="13" el="104" ec="57" bec="0" bev="0" fileid="1" />
                <SequencePoint vc="1" uspid="27" ordinal="23" offset="428" sl="105" sc="13" el="105" ec="48" bec="0" bev="0" fileid="1" />
                <SequencePoint vc="1" uspid="28" ordinal="24" offset="441" sl="106" sc="13" el="106" ec="64" bec="0" bev="0" fileid="1" />
                <SequencePoint vc="1" uspid="29" ordinal="25" offset="458" sl="116" sc="13" el="116" ec="68" bec="0" bev="0" fileid="1" />
                <SequencePoint vc="1" uspid="30" ordinal="26" offset="480" sl="126" sc="13" el="126" ec="51" bec="0" bev="0" fileid="1" />
                <SequencePoint vc="1" uspid="31" ordinal="27" offset="499" sl="135" sc="13" el="135" ec="99" bec="0" bev="0" fileid="1" />
                <SequencePoint vc="1" uspid="32" ordinal="28" offset="537" sl="136" sc="13" el="136" ec="104" bec="0" bev="0" fileid="1" />
                <SequencePoint vc="1" uspid="33" ordinal="29" offset="575" sl="137" sc="13" el="137" ec="104" bec="0" bev="0" fileid="1" />
                <SequencePoint vc="1" uspid="34" ordinal="30" offset="613" sl="138" sc="13" el="138" ec="101" bec="0" bev="0" fileid="1" />
                <SequencePoint vc="1" uspid="35" ordinal="31" offset="651" sl="139" sc="9" el="139" ec="10" bec="0" bev="0" fileid="1" />
              </SequencePoints>
              <BranchPoints />
              <MethodPoint xsi:type="SequencePoint" vc="1" uspid="4" ordinal="0" offset="0" sl="26" sc="9" el="26" ec="10" bec="0" bev="0" fileid="1" />
            </Method>
            <Method visited="true" cyclomaticComplexity="1" nPathComplexity="0" sequenceCoverage="100" branchCoverage="100" crapScore="1" isConstructor="false" isStatic="false" isGetter="false" isSetter="false">
              <Summary numSequencePoints="16" visitedSequencePoints="16" numBranchPoints="1" visitedBranchPoints="1" sequenceCoverage="100" branchCoverage="100" maxCyclomaticComplexity="1" minCyclomaticComplexity="1" maxCrapScore="1" minCrapScore="1" visitedClasses="0" numClasses="0" visitedMethods="1" numMethods="1" />
              <MetadataToken>100663299</MetadataToken>
              <Name>System.Void Datos.Tests.DBPruebasTests::BorrarUsuarioTest()</Name>
              <FileRef uid="1" />
              <SequencePoints>
                <SequencePoint vc="1" uspid="36" ordinal="0" offset="0" sl="143" sc="9" el="143" ec="10" bec="0" bev="0" fileid="1" />
                <SequencePoint vc="1" uspid="37" ordinal="1" offset="1" sl="155" sc="13" el="155" ec="46" bec="0" bev="0" fileid="1" />
                <SequencePoint vc="1" uspid="38" ordinal="2" offset="13" sl="156" sc="13" el="156" ec="50" bec="0" bev="0" fileid="1" />
                <SequencePoint vc="1" uspid="39" ordinal="3" offset="32" sl="157" sc="13" el="157" ec="58" bec="0" bev="0" fileid="1" />
                <SequencePoint vc="1" uspid="40" ordinal="4" offset="50" sl="167" sc="13" el="167" ec="67" bec="0" bev="0" fileid="1" />
                <SequencePoint vc="1" uspid="41" ordinal="5" offset="72" sl="168" sc="13" el="168" ec="58" bec="0" bev="0" fileid="1" />
                <SequencePoint vc="1" uspid="42" ordinal="6" offset="90" sl="180" sc="13" el="180" ec="42" bec="0" bev="0" fileid="1" />
                <SequencePoint vc="1" uspid="43" ordinal="7" offset="102" sl="181" sc="13" el="181" ec="46" bec="0" bev="0" fileid="1" />
                <SequencePoint vc="1" uspid="44" ordinal="8" offset="119" sl="182" sc="13" el="182" ec="60" bec="0" bev="0" fileid="1" />
                <SequencePoint vc="1" uspid="45" ordinal="9" offset="139" sl="183" sc="13" el="183" ec="63" bec="0" bev="0" fileid="1" />
                <SequencePoint vc="1" uspid="46" ordinal="10" offset="161" sl="195" sc="13" el="195" ec="42" bec="0" bev="0" fileid="1" />
                <SequencePoint vc="1" uspid="47" ordinal="11" offset="173" sl="196" sc="13" el="196" ec="26" bec="0" bev="0" fileid="1" />
                <SequencePoint vc="1" uspid="48" ordinal="12" offset="175" sl="197" sc="13" el="197" ec="33" bec="0" bev="0" fileid="1" />
                <SequencePoint vc="1" uspid="49" ordinal="13" offset="188" sl="198" sc="13" el="198" ec="60" bec="0" bev="0" fileid="1" />
                <SequencePoint vc="1" uspid="50" ordinal="14" offset="208" sl="199" sc="13" el="199" ec="50" bec="0" bev="0" fileid="1" />
                <SequencePoint vc="1" uspid="51" ordinal="15" offset="226" sl="200" sc="9" el="200" ec="10" bec="0" bev="0" fileid="1" />
              </SequencePoints>
              <BranchPoints />
              <MethodPoint xsi:type="SequencePoint" vc="1" uspid="36" ordinal="0" offset="0" sl="143" sc="9" el="143" ec="10" bec="0" bev="0" fileid="1" />
            </Method>
            <Method visited="true" cyclomaticComplexity="1" nPathComplexity="0" sequenceCoverage="100" branchCoverage="100" crapScore="1" isConstructor="false" isStatic="false" isGetter="false" isSetter="false">
              <Summary numSequencePoints="13" visitedSequencePoints="13" numBranchPoints="1" visitedBranchPoints="1" sequenceCoverage="100" branchCoverage="100" maxCyclomaticComplexity="1" minCyclomaticComplexity="1" maxCrapScore="1" minCrapScore="1" visitedClasses="0" numClasses="0" visitedMethods="1" numMethods="1" />
              <MetadataToken>100663300</MetadataToken>
              <Name>System.Void Datos.Tests.DBPruebasTests::EntradaTest()</Name>
              <FileRef uid="1" />
              <SequencePoints>
                <SequencePoint vc="1" uspid="52" ordinal="0" offset="0" sl="204" sc="9" el="204" ec="10" bec="0" bev="0" fileid="1" />
                <SequencePoint vc="1" uspid="53" ordinal="1" offset="1" sl="214" sc="13" el="214" ec="98" bec="0" bev="0" fileid="1" />
                <SequencePoint vc="1" uspid="54" ordinal="2" offset="35" sl="224" sc="13" el="224" ec="97" bec="0" bev="0" fileid="1" />
                <SequencePoint vc="1" uspid="55" ordinal="3" offset="68" sl="236" sc="13" el="236" ec="93" bec="0" bev="0" fileid="1" />
                <SequencePoint vc="1" uspid="56" ordinal="4" offset="96" sl="237" sc="13" el="237" ec="34" bec="0" bev="0" fileid="1" />
                <SequencePoint vc="1" uspid="57" ordinal="5" offset="103" sl="238" sc="13" el="238" ec="59" bec="0" bev="0" fileid="1" />
                <SequencePoint vc="1" uspid="58" ordinal="6" offset="127" sl="248" sc="13" el="248" ec="85" bec="0" bev="0" fileid="1" />
                <SequencePoint vc="1" uspid="59" ordinal="7" offset="161" sl="249" sc="13" el="249" ec="85" bec="0" bev="0" fileid="1" />
                <SequencePoint vc="1" uspid="60" ordinal="8" offset="195" sl="250" sc="13" el="250" ec="85" bec="0" bev="0" fileid="1" />
                <SequencePoint vc="1" uspid="61" ordinal="9" offset="229" sl="251" sc="13" el="251" ec="67" bec="0" bev="0" fileid="1" />
                <SequencePoint vc="1" uspid="62" ordinal="10" offset="252" sl="261" sc="13" el="261" ec="49" bec="0" bev="0" fileid="1" />
                <SequencePoint vc="1" uspid="63" ordinal="11" offset="270" sl="262" sc="13" el="262" ec="53" bec="0" bev="0" fileid="1" />
                <SequencePoint vc="1" uspid="64" ordinal="12" offset="293" sl="264" sc="9" el="264" ec="10" bec="0" bev="0" fileid="1" />
              </SequencePoints>
              <BranchPoints />
              <MethodPoint xsi:type="SequencePoint" vc="1" uspid="52" ordinal="0" offset="0" sl="204" sc="9" el="204" ec="10" bec="0" bev="0" fileid="1" />
            </Method>
            <Method visited="true" cyclomaticComplexity="1" nPathComplexity="0" sequenceCoverage="100" branchCoverage="100" crapScore="1" isConstructor="false" isStatic="false" isGetter="false" isSetter="false">
              <Summary numSequencePoints="12" visitedSequencePoints="12" numBranchPoints="1" visitedBranchPoints="1" sequenceCoverage="100" branchCoverage="100" maxCyclomaticComplexity="1" minCyclomaticComplexity="1" maxCrapScore="1" minCrapScore="1" visitedClasses="0" numClasses="0" visitedMethods="1" numMethods="1" />
              <MetadataToken>100663301</MetadataToken>
              <Name>System.Void Datos.Tests.DBPruebasTests::AccesoTest()</Name>
              <FileRef uid="1" />
              <SequencePoints>
                <SequencePoint vc="1" uspid="65" ordinal="0" offset="0" sl="269" sc="9" el="269" ec="10" bec="0" bev="0" fileid="1" />
                <SequencePoint vc="1" uspid="66" ordinal="1" offset="1" sl="270" sc="13" el="270" ec="113" bec="0" bev="0" fileid="1" />
                <SequencePoint vc="1" uspid="67" ordinal="2" offset="34" sl="271" sc="13" el="271" ec="92" bec="0" bev="0" fileid="1" />
                <SequencePoint vc="1" uspid="68" ordinal="3" offset="62" sl="281" sc="13" el="281" ec="68" bec="0" bev="0" fileid="1" />
                <SequencePoint vc="1" uspid="69" ordinal="4" offset="86" sl="282" sc="13" el="282" ec="61" bec="0" bev="0" fileid="1" />
                <SequencePoint vc="1" uspid="70" ordinal="5" offset="110" sl="293" sc="13" el="293" ec="57" bec="0" bev="0" fileid="1" />
                <SequencePoint vc="1" uspid="71" ordinal="6" offset="134" sl="294" sc="13" el="294" ec="67" bec="0" bev="0" fileid="1" />
                <SequencePoint vc="1" uspid="72" ordinal="7" offset="158" sl="295" sc="13" el="295" ec="58" bec="0" bev="0" fileid="1" />
                <SequencePoint vc="1" uspid="73" ordinal="8" offset="182" sl="306" sc="13" el="306" ec="60" bec="0" bev="0" fileid="1" />
                <SequencePoint vc="1" uspid="74" ordinal="9" offset="206" sl="307" sc="13" el="307" ec="68" bec="0" bev="0" fileid="1" />
                <SequencePoint vc="1" uspid="75" ordinal="10" offset="230" sl="308" sc="13" el="308" ec="61" bec="0" bev="0" fileid="1" />
                <SequencePoint vc="1" uspid="76" ordinal="11" offset="254" sl="309" sc="9" el="309" ec="10" bec="0" bev="0" fileid="1" />
              </SequencePoints>
              <BranchPoints />
              <MethodPoint xsi:type="SequencePoint" vc="1" uspid="65" ordinal="0" offset="0" sl="269" sc="9" el="269" ec="10" bec="0" bev="0" fileid="1" />
            </Method>
            <Method visited="true" cyclomaticComplexity="1" nPathComplexity="0" sequenceCoverage="100" branchCoverage="100" crapScore="1" isConstructor="false" isStatic="false" isGetter="false" isSetter="false">
              <Summary numSequencePoints="8" visitedSequencePoints="8" numBranchPoints="1" visitedBranchPoints="1" sequenceCoverage="100" branchCoverage="100" maxCyclomaticComplexity="1" minCyclomaticComplexity="1" maxCrapScore="1" minCrapScore="1" visitedClasses="0" numClasses="0" visitedMethods="1" numMethods="1" />
              <MetadataToken>100663302</MetadataToken>
              <Name>System.Void Datos.Tests.DBPruebasTests::ObtenerEntradasLogTest()</Name>
              <FileRef uid="1" />
              <SequencePoints>
                <SequencePoint vc="1" uspid="77" ordinal="0" offset="0" sl="313" sc="9" el="313" ec="10" bec="0" bev="0" fileid="1" />
                <SequencePoint vc="1" uspid="78" ordinal="1" offset="1" sl="314" sc="13" el="314" ec="113" bec="0" bev="0" fileid="1" />
                <SequencePoint vc="1" uspid="79" ordinal="2" offset="34" sl="315" sc="13" el="315" ec="93" bec="0" bev="0" fileid="1" />
                <SequencePoint vc="1" uspid="80" ordinal="3" offset="62" sl="327" sc="13" el="327" ec="61" bec="0" bev="0" fileid="1" />
                <SequencePoint vc="1" uspid="81" ordinal="4" offset="79" sl="328" sc="13" el="328" ec="50" bec="0" bev="0" fileid="1" />
                <SequencePoint vc="1" uspid="82" ordinal="5" offset="98" sl="329" sc="13" el="329" ec="48" bec="0" bev="0" fileid="1" />
                <SequencePoint vc="1" uspid="83" ordinal="6" offset="117" sl="330" sc="13" el="330" ec="77" bec="0" bev="0" fileid="1" />
                <SequencePoint vc="1" uspid="84" ordinal="7" offset="142" sl="331" sc="9" el="331" ec="10" bec="0" bev="0" fileid="1" />
              </SequencePoints>
              <BranchPoints />
              <MethodPoint xsi:type="SequencePoint" vc="1" uspid="77" ordinal="0" offset="0" sl="313" sc="9" el="313" ec="10" bec="0" bev="0" fileid="1" />
            </Method>
            <Method visited="false" cyclomaticComplexity="1" nPathComplexity="0" sequenceCoverage="0" branchCoverage="0" crapScore="2" isConstructor="true" isStatic="false" isGetter="false" isSetter="false">
              <Summary numSequencePoints="0" visitedSequencePoints="0" numBranchPoints="0" visitedBranchPoints="0" sequenceCoverage="0" branchCoverage="0" maxCyclomaticComplexity="1" minCyclomaticComplexity="1" maxCrapScore="2" minCrapScore="2" visitedClasses="0" numClasses="0" visitedMethods="0" numMethods="0" />
              <MetadataToken>100663303</MetadataToken>
              <Name>System.Void Datos.Tests.DBPruebasTests::.ctor()</Name>
              <SequencePoints />
              <BranchPoints />
              <MethodPoint vc="0" uspid="85" ordinal="0" offset="0" />
            </Method>
          </Methods>
        </Class>
      </Classes>
    </Module>
    <Module hash="DA-54-23-81-F4-98-3F-BE-EB-D5-BD-CE-D0-9B-4C-A4-56-C8-16-A2">
      <Summary numSequencePoints="99" visitedSequencePoints="99" numBranchPoints="33" visitedBranchPoints="33" sequenceCoverage="100" branchCoverage="100" maxCyclomaticComplexity="4" minCyclomaticComplexity="1" maxCrapScore="4" minCrapScore="1" visitedClasses="2" numClasses="2" visitedMethods="19" numMethods="19" />
      <ModulePath>D:\VAL\UBUPassword\vyp\UBUPassword\DatosTests\bin\Debug\fine-code-coverage\build-output\Datos.dll</ModulePath>
      <ModuleTime>2022-11-09T18:30:10.3068843Z</ModuleTime>
      <ModuleName>Datos</ModuleName>
      <Files>
        <File uid="3" fullPath="D:\VAL\UBUPassword\vyp\UBUPassword\Datos\DBPruebas.cs" />
      </Files>
      <Classes>
        <Class>
          <Summary numSequencePoints="98" visitedSequencePoints="98" numBranchPoints="32" visitedBranchPoints="32" sequenceCoverage="100" branchCoverage="100" maxCyclomaticComplexity="4" minCyclomaticComplexity="1" maxCrapScore="4" minCrapScore="1" visitedClasses="1" numClasses="1" visitedMethods="18" numMethods="18" />
          <FullName>Datos.DBPruebas</FullName>
          <Methods>
            <Method visited="true" cyclomaticComplexity="1" nPathComplexity="0" sequenceCoverage="100" branchCoverage="100" crapScore="1" isConstructor="true" isStatic="false" isGetter="false" isSetter="false">
              <Summary numSequencePoints="22" visitedSequencePoints="22" numBranchPoints="1" visitedBranchPoints="1" sequenceCoverage="100" branchCoverage="100" maxCyclomaticComplexity="1" minCyclomaticComplexity="1" maxCrapScore="1" minCrapScore="1" visitedClasses="0" numClasses="0" visitedMethods="1" numMethods="1" />
              <MetadataToken>100663297</MetadataToken>
              <Name>System.Void Datos.DBPruebas::.ctor()</Name>
              <FileRef uid="3" />
              <SequencePoints>
                <SequencePoint vc="5" uspid="86" ordinal="0" offset="0" sl="14" sc="9" el="14" ec="89" bec="0" bev="0" fileid="3" />
                <SequencePoint vc="5" uspid="87" ordinal="1" offset="11" sl="15" sc="9" el="15" ec="88" bec="0" bev="0" fileid="3" />
                <SequencePoint vc="5" uspid="88" ordinal="2" offset="22" sl="16" sc="9" el="16" ec="87" bec="0" bev="0" fileid="3" />
                <SequencePoint vc="5" uspid="89" ordinal="3" offset="33" sl="22" sc="9" el="22" ec="27" bec="0" bev="0" fileid="3" />
                <SequencePoint vc="5" uspid="90" ordinal="4" offset="40" sl="23" sc="9" el="23" ec="10" bec="0" bev="0" fileid="3" />
                <SequencePoint vc="5" uspid="91" ordinal="5" offset="41" sl="24" sc="13" el="24" ec="82" bec="0" bev="0" fileid="3" />
                <SequencePoint vc="5" uspid="92" ordinal="6" offset="69" sl="25" sc="13" el="25" ec="96" bec="0" bev="0" fileid="3" />
                <SequencePoint vc="5" uspid="93" ordinal="7" offset="97" sl="26" sc="13" el="26" ec="93" bec="0" bev="0" fileid="3" />
                <SequencePoint vc="5" uspid="94" ordinal="8" offset="125" sl="27" sc="13" el="27" ec="69" bec="0" bev="0" fileid="3" />
                <SequencePoint vc="5" uspid="95" ordinal="9" offset="137" sl="28" sc="13" el="28" ec="72" bec="0" bev="0" fileid="3" />
                <SequencePoint vc="5" uspid="96" ordinal="10" offset="168" sl="30" sc="13" el="30" ec="73" bec="0" bev="0" fileid="3" />
                <SequencePoint vc="5" uspid="97" ordinal="11" offset="191" sl="31" sc="13" el="31" ec="77" bec="0" bev="0" fileid="3" />
                <SequencePoint vc="5" uspid="98" ordinal="12" offset="214" sl="32" sc="13" el="32" ec="69" bec="0" bev="0" fileid="3" />
                <SequencePoint vc="5" uspid="99" ordinal="13" offset="237" sl="37" sc="13" el="37" ec="47" bec="0" bev="0" fileid="3" />
                <SequencePoint vc="5" uspid="100" ordinal="14" offset="252" sl="38" sc="13" el="38" ec="48" bec="0" bev="0" fileid="3" />
                <SequencePoint vc="5" uspid="101" ordinal="15" offset="267" sl="41" sc="13" el="41" ec="65" bec="0" bev="0" fileid="3" />
                <SequencePoint vc="5" uspid="102" ordinal="16" offset="286" sl="43" sc="13" el="43" ec="33" bec="0" bev="0" fileid="3" />
                <SequencePoint vc="5" uspid="103" ordinal="17" offset="294" sl="44" sc="13" el="44" ec="34" bec="0" bev="0" fileid="3" />
                <SequencePoint vc="5" uspid="104" ordinal="18" offset="302" sl="47" sc="13" el="47" ec="43" bec="0" bev="0" fileid="3" />
                <SequencePoint vc="5" uspid="105" ordinal="19" offset="316" sl="48" sc="13" el="48" ec="43" bec="0" bev="0" fileid="3" />
                <SequencePoint vc="5" uspid="106" ordinal="20" offset="330" sl="49" sc="13" el="49" ec="44" bec="0" bev="0" fileid="3" />
                <SequencePoint vc="5" uspid="107" ordinal="21" offset="344" sl="50" sc="9" el="50" ec="10" bec="0" bev="0" fileid="3" />
              </SequencePoints>
              <BranchPoints />
              <MethodPoint xsi:type="SequencePoint" vc="5" uspid="86" ordinal="0" offset="0" sl="14" sc="9" el="14" ec="89" bec="0" bev="0" fileid="3" />
            </Method>
            <Method visited="true" cyclomaticComplexity="4" nPathComplexity="8" sequenceCoverage="100" branchCoverage="100" crapScore="4" isConstructor="false" isStatic="false" isGetter="false" isSetter="false">
              <Summary numSequencePoints="9" visitedSequencePoints="9" numBranchPoints="7" visitedBranchPoints="7" sequenceCoverage="100" branchCoverage="100" maxCyclomaticComplexity="4" minCyclomaticComplexity="4" maxCrapScore="4" minCrapScore="4" visitedClasses="0" numClasses="0" visitedMethods="1" numMethods="1" />
              <MetadataToken>100663298</MetadataToken>
              <Name>LibClass.Usuario Datos.DBPruebas::AñadirUsuario(System.String,System.String,System.String,System.Boolean,System.String)</Name>
              <FileRef uid="3" />
              <SequencePoints>
                <SequencePoint vc="21" uspid="108" ordinal="0" offset="0" sl="53" sc="9" el="53" ec="10" bec="0" bev="0" fileid="3" />
                <SequencePoint vc="21" uspid="109" ordinal="1" offset="1" sl="54" sc="13" el="54" ec="55" bec="0" bev="0" fileid="3" />
                <SequencePoint vc="21" uspid="110" ordinal="2" offset="8" sl="55" sc="13" el="55" ec="66" bec="0" bev="0" fileid="3" />
                <SequencePoint vc="21" uspid="111" ordinal="3" offset="16" sl="56" sc="13" el="56" ec="80" bec="5" bev="5" fileid="3" />
                <SequencePoint vc="3" uspid="112" ordinal="4" offset="41" sl="56" sc="81" el="56" ec="93" bec="0" bev="0" fileid="3" />
                <SequencePoint vc="18" uspid="113" ordinal="5" offset="46" sl="59" sc="13" el="59" ec="103" bec="0" bev="0" fileid="3" />
                <SequencePoint vc="18" uspid="114" ordinal="6" offset="80" sl="60" sc="13" el="60" ec="40" bec="0" bev="0" fileid="3" />
                <SequencePoint vc="18" uspid="115" ordinal="7" offset="94" sl="61" sc="13" el="61" ec="26" bec="0" bev="0" fileid="3" />
                <SequencePoint vc="21" uspid="116" ordinal="8" offset="99" sl="62" sc="9" el="62" ec="10" bec="0" bev="0" fileid="3" />
              </SequencePoints>
              <BranchPoints>
                <BranchPoint vc="20" uspid="117" ordinal="0" offset="17" sl="56" path="0" offsetend="19" fileid="3" />
                <BranchPoint vc="1" uspid="118" ordinal="1" offset="17" sl="56" path="1" offsetend="36" fileid="3" />
                <BranchPoint vc="19" uspid="119" ordinal="2" offset="20" sl="56" path="0" offsetend="22" fileid="3" />
                <BranchPoint vc="2" uspid="120" ordinal="3" offset="20" sl="56" path="1" offsetend="36" fileid="3" />
                <BranchPoint vc="3" uspid="121" ordinal="4" offset="39" sl="56" path="0" offsetend="41" fileid="3" />
                <BranchPoint vc="18" uspid="122" ordinal="5" offset="39" sl="56" path="1" offsetend="46" fileid="3" />
              </BranchPoints>
              <MethodPoint xsi:type="SequencePoint" vc="21" uspid="108" ordinal="0" offset="0" sl="53" sc="9" el="53" ec="10" bec="0" bev="0" fileid="3" />
            </Method>
            <Method visited="true" cyclomaticComplexity="1" nPathComplexity="0" sequenceCoverage="100" branchCoverage="100" crapScore="1" isConstructor="false" isStatic="false" isGetter="false" isSetter="false">
              <Summary numSequencePoints="4" visitedSequencePoints="4" numBranchPoints="1" visitedBranchPoints="1" sequenceCoverage="100" branchCoverage="100" maxCyclomaticComplexity="1" minCyclomaticComplexity="1" maxCrapScore="1" minCrapScore="1" visitedClasses="0" numClasses="0" visitedMethods="1" numMethods="1" />
              <MetadataToken>100663299</MetadataToken>
              <Name>LibClass.Usuario Datos.DBPruebas::ObtenerUsuario(System.String)</Name>
              <FileRef uid="3" />
              <SequencePoints>
                <SequencePoint vc="12" uspid="123" ordinal="0" offset="0" sl="65" sc="9" el="65" ec="10" bec="0" bev="0" fileid="3" />
                <SequencePoint vc="12" uspid="124" ordinal="1" offset="1" sl="66" sc="13" el="66" ec="62" bec="0" bev="0" fileid="3" />
                <SequencePoint vc="12" uspid="125" ordinal="2" offset="16" sl="67" sc="13" el="67" ec="28" bec="0" bev="0" fileid="3" />
                <SequencePoint vc="12" uspid="126" ordinal="3" offset="20" sl="68" sc="9" el="68" ec="10" bec="0" bev="0" fileid="3" />
              </SequencePoints>
              <BranchPoints />
              <MethodPoint xsi:type="SequencePoint" vc="12" uspid="123" ordinal="0" offset="0" sl="65" sc="9" el="65" ec="10" bec="0" bev="0" fileid="3" />
            </Method>
            <Method visited="true" cyclomaticComplexity="1" nPathComplexity="0" sequenceCoverage="100" branchCoverage="100" crapScore="1" isConstructor="false" isStatic="false" isGetter="false" isSetter="false">
              <Summary numSequencePoints="3" visitedSequencePoints="3" numBranchPoints="1" visitedBranchPoints="1" sequenceCoverage="100" branchCoverage="100" maxCyclomaticComplexity="1" minCyclomaticComplexity="1" maxCrapScore="1" minCrapScore="1" visitedClasses="0" numClasses="0" visitedMethods="1" numMethods="1" />
              <MetadataToken>100663300</MetadataToken>
              <Name>LibClass.Usuario Datos.DBPruebas::ObtenerUsuario(System.Int16)</Name>
              <FileRef uid="3" />
              <SequencePoints>
                <SequencePoint vc="50" uspid="127" ordinal="0" offset="13" sl="71" sc="9" el="71" ec="10" bec="0" bev="0" fileid="3" />
                <SequencePoint vc="50" uspid="128" ordinal="1" offset="14" sl="72" sc="13" el="72" ec="76" bec="0" bev="0" fileid="3" />
                <SequencePoint vc="50" uspid="129" ordinal="2" offset="50" sl="73" sc="9" el="73" ec="10" bec="0" bev="0" fileid="3" />
              </SequencePoints>
              <BranchPoints />
              <MethodPoint vc="50" uspid="130" ordinal="0" offset="0" />
            </Method>
            <Method visited="true" cyclomaticComplexity="1" nPathComplexity="0" sequenceCoverage="100" branchCoverage="100" crapScore="1" isConstructor="false" isStatic="false" isGetter="false" isSetter="false">
              <Summary numSequencePoints="3" visitedSequencePoints="3" numBranchPoints="1" visitedBranchPoints="1" sequenceCoverage="100" branchCoverage="100" maxCyclomaticComplexity="1" minCyclomaticComplexity="1" maxCrapScore="1" minCrapScore="1" visitedClasses="0" numClasses="0" visitedMethods="1" numMethods="1" />
              <MetadataToken>100663301</MetadataToken>
              <Name>System.Collections.Generic.List`1&lt;LibClass.Usuario&gt; Datos.DBPruebas::ObtenerTodosUsuarios()</Name>
              <FileRef uid="3" />
              <SequencePoints>
                <SequencePoint vc="4" uspid="131" ordinal="0" offset="0" sl="76" sc="9" el="76" ec="10" bec="0" bev="0" fileid="3" />
                <SequencePoint vc="4" uspid="132" ordinal="1" offset="1" sl="77" sc="13" el="77" ec="45" bec="0" bev="0" fileid="3" />
                <SequencePoint vc="4" uspid="133" ordinal="2" offset="20" sl="78" sc="9" el="78" ec="10" bec="0" bev="0" fileid="3" />
              </SequencePoints>
              <BranchPoints />
              <MethodPoint xsi:type="SequencePoint" vc="4" uspid="131" ordinal="0" offset="0" sl="76" sc="9" el="76" ec="10" bec="0" bev="0" fileid="3" />
            </Method>
            <Method visited="true" cyclomaticComplexity="1" nPathComplexity="0" sequenceCoverage="100" branchCoverage="100" crapScore="1" isConstructor="false" isStatic="false" isGetter="false" isSetter="false">
              <Summary numSequencePoints="3" visitedSequencePoints="3" numBranchPoints="1" visitedBranchPoints="1" sequenceCoverage="100" branchCoverage="100" maxCyclomaticComplexity="1" minCyclomaticComplexity="1" maxCrapScore="1" minCrapScore="1" visitedClasses="0" numClasses="0" visitedMethods="1" numMethods="1" />
              <MetadataToken>100663302</MetadataToken>
              <Name>System.Boolean Datos.DBPruebas::BorraUsuario(System.String)</Name>
              <FileRef uid="3" />
              <SequencePoints>
                <SequencePoint vc="2" uspid="134" ordinal="0" offset="0" sl="81" sc="9" el="81" ec="10" bec="0" bev="0" fileid="3" />
                <SequencePoint vc="2" uspid="135" ordinal="1" offset="1" sl="82" sc="13" el="82" ec="43" bec="0" bev="0" fileid="3" />
                <SequencePoint vc="2" uspid="136" ordinal="2" offset="16" sl="83" sc="9" el="83" ec="10" bec="0" bev="0" fileid="3" />
              </SequencePoints>
              <BranchPoints />
              <MethodPoint xsi:type="SequencePoint" vc="2" uspid="134" ordinal="0" offset="0" sl="81" sc="9" el="81" ec="10" bec="0" bev="0" fileid="3" />
            </Method>
            <Method visited="true" cyclomaticComplexity="2" nPathComplexity="2" sequenceCoverage="100" branchCoverage="100" crapScore="2" isConstructor="false" isStatic="false" isGetter="false" isSetter="false">
              <Summary numSequencePoints="7" visitedSequencePoints="7" numBranchPoints="3" visitedBranchPoints="3" sequenceCoverage="100" branchCoverage="100" maxCyclomaticComplexity="2" minCyclomaticComplexity="2" maxCrapScore="2" minCrapScore="2" visitedClasses="0" numClasses="0" visitedMethods="1" numMethods="1" />
              <MetadataToken>100663303</MetadataToken>
              <Name>System.Boolean Datos.DBPruebas::BorraUsuario(System.Int16)</Name>
              <FileRef uid="3" />
              <SequencePoints>
                <SequencePoint vc="2" uspid="137" ordinal="0" offset="0" sl="86" sc="9" el="86" ec="10" bec="0" bev="0" fileid="3" />
                <SequencePoint vc="2" uspid="138" ordinal="1" offset="1" sl="87" sc="13" el="87" ec="44" bec="0" bev="0" fileid="3" />
                <SequencePoint vc="2" uspid="139" ordinal="2" offset="9" sl="88" sc="13" el="88" ec="27" bec="2" bev="2" fileid="3" />
                <SequencePoint vc="1" uspid="140" ordinal="3" offset="17" sl="89" sc="13" el="89" ec="14" bec="0" bev="0" fileid="3" />
                <SequencePoint vc="1" uspid="141" ordinal="4" offset="18" sl="90" sc="17" el="90" ec="30" bec="0" bev="0" fileid="3" />
                <SequencePoint vc="1" uspid="142" ordinal="5" offset="22" sl="92" sc="13" el="92" ec="45" bec="0" bev="0" fileid="3" />
                <SequencePoint vc="2" uspid="143" ordinal="6" offset="42" sl="93" sc="9" el="93" ec="10" bec="0" bev="0" fileid="3" />
              </SequencePoints>
              <BranchPoints>
                <BranchPoint vc="1" uspid="144" ordinal="0" offset="15" sl="88" path="0" offsetend="17" fileid="3" />
                <BranchPoint vc="1" uspid="145" ordinal="1" offset="15" sl="88" path="1" offsetend="22" fileid="3" />
              </BranchPoints>
              <MethodPoint xsi:type="SequencePoint" vc="2" uspid="137" ordinal="0" offset="0" sl="86" sc="9" el="86" ec="10" bec="0" bev="0" fileid="3" />
            </Method>
            <Method visited="true" cyclomaticComplexity="1" nPathComplexity="0" sequenceCoverage="100" branchCoverage="100" crapScore="1" isConstructor="false" isStatic="false" isGetter="false" isSetter="false">
              <Summary numSequencePoints="3" visitedSequencePoints="3" numBranchPoints="1" visitedBranchPoints="1" sequenceCoverage="100" branchCoverage="100" maxCyclomaticComplexity="1" minCyclomaticComplexity="1" maxCrapScore="1" minCrapScore="1" visitedClasses="0" numClasses="0" visitedMethods="1" numMethods="1" />
              <MetadataToken>100663304</MetadataToken>
              <Name>System.Int32 Datos.DBPruebas::NumeroUsuarios()</Name>
              <FileRef uid="3" />
              <SequencePoints>
                <SequencePoint vc="12" uspid="146" ordinal="0" offset="0" sl="96" sc="9" el="96" ec="10" bec="0" bev="0" fileid="3" />
                <SequencePoint vc="12" uspid="147" ordinal="1" offset="1" sl="97" sc="13" el="97" ec="35" bec="0" bev="0" fileid="3" />
                <SequencePoint vc="12" uspid="148" ordinal="2" offset="15" sl="98" sc="9" el="98" ec="10" bec="0" bev="0" fileid="3" />
              </SequencePoints>
              <BranchPoints />
              <MethodPoint xsi:type="SequencePoint" vc="12" uspid="146" ordinal="0" offset="0" sl="96" sc="9" el="96" ec="10" bec="0" bev="0" fileid="3" />
            </Method>
            <Method visited="true" cyclomaticComplexity="2" nPathComplexity="2" sequenceCoverage="100" branchCoverage="100" crapScore="2" isConstructor="false" isStatic="false" isGetter="false" isSetter="false">
              <Summary numSequencePoints="11" visitedSequencePoints="11" numBranchPoints="3" visitedBranchPoints="3" sequenceCoverage="100" branchCoverage="100" maxCyclomaticComplexity="2" minCyclomaticComplexity="2" maxCrapScore="2" minCrapScore="2" visitedClasses="0" numClasses="0" visitedMethods="1" numMethods="1" />
              <MetadataToken>100663305</MetadataToken>
              <Name>System.Void Datos.DBPruebas::CrearEntradaLog(System.Int16,LibClass.Entrada)</Name>
              <FileRef uid="3" />
              <SequencePoints>
                <SequencePoint vc="17" uspid="149" ordinal="0" offset="0" sl="101" sc="9" el="101" ec="10" bec="0" bev="0" fileid="3" />
                <SequencePoint vc="17" uspid="150" ordinal="1" offset="1" sl="102" sc="13" el="102" ec="57" bec="0" bev="0" fileid="3" />
                <SequencePoint vc="17" uspid="151" ordinal="2" offset="9" sl="104" sc="13" el="104" ec="33" bec="2" bev="2" fileid="3" />
                <SequencePoint vc="6" uspid="152" ordinal="3" offset="17" sl="105" sc="13" el="105" ec="14" bec="0" bev="0" fileid="3" />
                <SequencePoint vc="6" uspid="153" ordinal="4" offset="18" sl="106" sc="17" el="106" ec="79" bec="0" bev="0" fileid="3" />
                <SequencePoint vc="6" uspid="154" ordinal="5" offset="48" sl="107" sc="13" el="107" ec="14" bec="0" bev="0" fileid="3" />
                <SequencePoint vc="11" uspid="155" ordinal="6" offset="51" sl="109" sc="13" el="109" ec="14" bec="0" bev="0" fileid="3" />
                <SequencePoint vc="11" uspid="156" ordinal="7" offset="52" sl="110" sc="17" el="110" ec="88" bec="0" bev="0" fileid="3" />
                <SequencePoint vc="11" uspid="157" ordinal="8" offset="83" sl="111" sc="13" el="111" ec="14" bec="0" bev="0" fileid="3" />
                <SequencePoint vc="17" uspid="158" ordinal="9" offset="84" sl="112" sc="13" el="112" ec="30" bec="0" bev="0" fileid="3" />
                <SequencePoint vc="17" uspid="159" ordinal="10" offset="103" sl="113" sc="9" el="113" ec="10" bec="0" bev="0" fileid="3" />
              </SequencePoints>
              <BranchPoints>
                <BranchPoint vc="6" uspid="160" ordinal="0" offset="15" sl="104" path="0" offsetend="17" fileid="3" />
                <BranchPoint vc="11" uspid="161" ordinal="1" offset="15" sl="104" path="1" offsetend="51" fileid="3" />
              </BranchPoints>
              <MethodPoint xsi:type="SequencePoint" vc="17" uspid="149" ordinal="0" offset="0" sl="101" sc="9" el="101" ec="10" bec="0" bev="0" fileid="3" />
            </Method>
            <Method visited="true" cyclomaticComplexity="1" nPathComplexity="0" sequenceCoverage="100" branchCoverage="100" crapScore="1" isConstructor="false" isStatic="false" isGetter="false" isSetter="false">
              <Summary numSequencePoints="3" visitedSequencePoints="3" numBranchPoints="1" visitedBranchPoints="1" sequenceCoverage="100" branchCoverage="100" maxCyclomaticComplexity="1" minCyclomaticComplexity="1" maxCrapScore="1" minCrapScore="1" visitedClasses="0" numClasses="0" visitedMethods="1" numMethods="1" />
              <MetadataToken>100663306</MetadataToken>
              <Name>System.Collections.Generic.List`1&lt;LibClass.EntradaLog&gt; Datos.DBPruebas::ObtenerTodasEntradasLog()</Name>
              <FileRef uid="3" />
              <SequencePoints>
                <SequencePoint vc="2" uspid="162" ordinal="0" offset="0" sl="116" sc="9" el="116" ec="10" bec="0" bev="0" fileid="3" />
                <SequencePoint vc="2" uspid="163" ordinal="1" offset="1" sl="117" sc="13" el="117" ec="40" bec="0" bev="0" fileid="3" />
                <SequencePoint vc="2" uspid="164" ordinal="2" offset="20" sl="118" sc="9" el="118" ec="10" bec="0" bev="0" fileid="3" />
              </SequencePoints>
              <BranchPoints />
              <MethodPoint xsi:type="SequencePoint" vc="2" uspid="162" ordinal="0" offset="0" sl="116" sc="9" el="116" ec="10" bec="0" bev="0" fileid="3" />
            </Method>
            <Method visited="true" cyclomaticComplexity="3" nPathComplexity="4" sequenceCoverage="100" branchCoverage="100" crapScore="3" isConstructor="false" isStatic="false" isGetter="false" isSetter="false">
              <Summary numSequencePoints="8" visitedSequencePoints="8" numBranchPoints="5" visitedBranchPoints="5" sequenceCoverage="100" branchCoverage="100" maxCyclomaticComplexity="3" minCyclomaticComplexity="3" maxCrapScore="3" minCrapScore="3" visitedClasses="0" numClasses="0" visitedMethods="1" numMethods="1" />
              <MetadataToken>100663307</MetadataToken>
              <Name>LibClass.Entrada Datos.DBPruebas::CrearEntrada(System.String,System.Int16,System.String,System.String)</Name>
              <FileRef uid="3" />
              <SequencePoints>
                <SequencePoint vc="20" uspid="165" ordinal="0" offset="0" sl="121" sc="9" el="121" ec="10" bec="0" bev="0" fileid="3" />
                <SequencePoint vc="20" uspid="166" ordinal="1" offset="1" sl="122" sc="13" el="122" ec="57" bec="0" bev="0" fileid="3" />
                <SequencePoint vc="20" uspid="167" ordinal="2" offset="9" sl="123" sc="13" el="123" ec="58" bec="4" bev="4" fileid="3" />
                <SequencePoint vc="2" uspid="168" ordinal="3" offset="28" sl="123" sc="59" el="123" ec="71" bec="0" bev="0" fileid="3" />
                <SequencePoint vc="18" uspid="169" ordinal="4" offset="32" sl="125" sc="13" el="125" ec="94" bec="0" bev="0" fileid="3" />
                <SequencePoint vc="18" uspid="170" ordinal="5" offset="64" sl="126" sc="13" el="126" ec="37" bec="0" bev="0" fileid="3" />
                <SequencePoint vc="18" uspid="171" ordinal="6" offset="83" sl="127" sc="13" el="127" ec="23" bec="0" bev="0" fileid="3" />
                <SequencePoint vc="20" uspid="172" ordinal="7" offset="87" sl="128" sc="9" el="128" ec="10" bec="0" bev="0" fileid="3" />
              </SequencePoints>
              <BranchPoints>
                <BranchPoint vc="19" uspid="173" ordinal="0" offset="10" sl="123" path="0" offsetend="12" fileid="3" />
                <BranchPoint vc="1" uspid="174" ordinal="1" offset="10" sl="123" path="1" offsetend="23" fileid="3" />
                <BranchPoint vc="2" uspid="175" ordinal="2" offset="26" sl="123" path="0" offsetend="28" fileid="3" />
                <BranchPoint vc="18" uspid="176" ordinal="3" offset="26" sl="123" path="1" offsetend="32" fileid="3" />
              </BranchPoints>
              <MethodPoint xsi:type="SequencePoint" vc="20" uspid="165" ordinal="0" offset="0" sl="121" sc="9" el="121" ec="10" bec="0" bev="0" fileid="3" />
            </Method>
            <Method visited="true" cyclomaticComplexity="1" nPathComplexity="0" sequenceCoverage="100" branchCoverage="100" crapScore="1" isConstructor="false" isStatic="false" isGetter="false" isSetter="false">
              <Summary numSequencePoints="4" visitedSequencePoints="4" numBranchPoints="1" visitedBranchPoints="1" sequenceCoverage="100" branchCoverage="100" maxCyclomaticComplexity="1" minCyclomaticComplexity="1" maxCrapScore="1" minCrapScore="1" visitedClasses="0" numClasses="0" visitedMethods="1" numMethods="1" />
              <MetadataToken>100663308</MetadataToken>
              <Name>LibClass.Entrada Datos.DBPruebas::ObtenerEntrada(System.Int16)</Name>
              <FileRef uid="3" />
              <SequencePoints>
                <SequencePoint vc="5" uspid="177" ordinal="0" offset="0" sl="131" sc="9" el="131" ec="10" bec="0" bev="0" fileid="3" />
                <SequencePoint vc="5" uspid="178" ordinal="1" offset="1" sl="132" sc="13" el="132" ec="66" bec="0" bev="0" fileid="3" />
                <SequencePoint vc="5" uspid="179" ordinal="2" offset="16" sl="133" sc="13" el="133" ec="28" bec="0" bev="0" fileid="3" />
                <SequencePoint vc="5" uspid="180" ordinal="3" offset="20" sl="134" sc="9" el="134" ec="10" bec="0" bev="0" fileid="3" />
              </SequencePoints>
              <BranchPoints />
              <MethodPoint xsi:type="SequencePoint" vc="5" uspid="177" ordinal="0" offset="0" sl="131" sc="9" el="131" ec="10" bec="0" bev="0" fileid="3" />
            </Method>
            <Method visited="true" cyclomaticComplexity="1" nPathComplexity="0" sequenceCoverage="100" branchCoverage="100" crapScore="1" isConstructor="false" isStatic="false" isGetter="false" isSetter="false">
              <Summary numSequencePoints="3" visitedSequencePoints="3" numBranchPoints="1" visitedBranchPoints="1" sequenceCoverage="100" branchCoverage="100" maxCyclomaticComplexity="1" minCyclomaticComplexity="1" maxCrapScore="1" minCrapScore="1" visitedClasses="0" numClasses="0" visitedMethods="1" numMethods="1" />
              <MetadataToken>100663309</MetadataToken>
              <Name>System.Collections.Generic.List`1&lt;LibClass.Entrada&gt; Datos.DBPruebas::ObtenerTodasEntradas()</Name>
              <FileRef uid="3" />
              <SequencePoints>
                <SequencePoint vc="4" uspid="181" ordinal="0" offset="0" sl="137" sc="9" el="137" ec="10" bec="0" bev="0" fileid="3" />
                <SequencePoint vc="4" uspid="182" ordinal="1" offset="1" sl="138" sc="13" el="138" ec="45" bec="0" bev="0" fileid="3" />
                <SequencePoint vc="4" uspid="183" ordinal="2" offset="20" sl="139" sc="9" el="139" ec="10" bec="0" bev="0" fileid="3" />
              </SequencePoints>
              <BranchPoints />
              <MethodPoint xsi:type="SequencePoint" vc="4" uspid="181" ordinal="0" offset="0" sl="137" sc="9" el="137" ec="10" bec="0" bev="0" fileid="3" />
            </Method>
            <Method visited="true" cyclomaticComplexity="1" nPathComplexity="0" sequenceCoverage="100" branchCoverage="100" crapScore="1" isConstructor="false" isStatic="false" isGetter="false" isSetter="false">
              <Summary numSequencePoints="3" visitedSequencePoints="3" numBranchPoints="1" visitedBranchPoints="1" sequenceCoverage="100" branchCoverage="100" maxCyclomaticComplexity="1" minCyclomaticComplexity="1" maxCrapScore="1" minCrapScore="1" visitedClasses="0" numClasses="0" visitedMethods="1" numMethods="1" />
              <MetadataToken>100663310</MetadataToken>
              <Name>System.Boolean Datos.DBPruebas::BorrarEntrada(LibClass.Entrada)</Name>
              <FileRef uid="3" />
              <SequencePoints>
                <SequencePoint vc="1" uspid="184" ordinal="0" offset="0" sl="142" sc="9" el="142" ec="10" bec="0" bev="0" fileid="3" />
                <SequencePoint vc="1" uspid="185" ordinal="1" offset="1" sl="143" sc="13" el="143" ec="40" bec="0" bev="0" fileid="3" />
                <SequencePoint vc="1" uspid="186" ordinal="2" offset="16" sl="144" sc="9" el="144" ec="10" bec="0" bev="0" fileid="3" />
              </SequencePoints>
              <BranchPoints />
              <MethodPoint xsi:type="SequencePoint" vc="1" uspid="184" ordinal="0" offset="0" sl="142" sc="9" el="142" ec="10" bec="0" bev="0" fileid="3" />
            </Method>
            <Method visited="true" cyclomaticComplexity="1" nPathComplexity="0" sequenceCoverage="100" branchCoverage="100" crapScore="1" isConstructor="false" isStatic="false" isGetter="false" isSetter="false">
              <Summary numSequencePoints="3" visitedSequencePoints="3" numBranchPoints="1" visitedBranchPoints="1" sequenceCoverage="100" branchCoverage="100" maxCyclomaticComplexity="1" minCyclomaticComplexity="1" maxCrapScore="1" minCrapScore="1" visitedClasses="0" numClasses="0" visitedMethods="1" numMethods="1" />
              <MetadataToken>100663311</MetadataToken>
              <Name>System.Boolean Datos.DBPruebas::BorrarEntrada(System.Int16)</Name>
              <FileRef uid="3" />
              <SequencePoints>
                <SequencePoint vc="1" uspid="187" ordinal="0" offset="0" sl="147" sc="9" el="147" ec="10" bec="0" bev="0" fileid="3" />
                <SequencePoint vc="1" uspid="188" ordinal="1" offset="1" sl="148" sc="13" el="148" ec="47" bec="0" bev="0" fileid="3" />
                <SequencePoint vc="1" uspid="189" ordinal="2" offset="16" sl="149" sc="9" el="149" ec="10" bec="0" bev="0" fileid="3" />
              </SequencePoints>
              <BranchPoints />
              <MethodPoint xsi:type="SequencePoint" vc="1" uspid="187" ordinal="0" offset="0" sl="147" sc="9" el="147" ec="10" bec="0" bev="0" fileid="3" />
            </Method>
            <Method visited="true" cyclomaticComplexity="1" nPathComplexity="0" sequenceCoverage="100" branchCoverage="100" crapScore="1" isConstructor="false" isStatic="false" isGetter="false" isSetter="false">
              <Summary numSequencePoints="3" visitedSequencePoints="3" numBranchPoints="1" visitedBranchPoints="1" sequenceCoverage="100" branchCoverage="100" maxCyclomaticComplexity="1" minCyclomaticComplexity="1" maxCrapScore="1" minCrapScore="1" visitedClasses="0" numClasses="0" visitedMethods="1" numMethods="1" />
              <MetadataToken>100663312</MetadataToken>
              <Name>System.Boolean Datos.DBPruebas::PuedeAccederEntrada(LibClass.Entrada,System.Int16)</Name>
              <FileRef uid="3" />
              <SequencePoints>
                <SequencePoint vc="3" uspid="190" ordinal="0" offset="0" sl="152" sc="9" el="152" ec="10" bec="0" bev="0" fileid="3" />
                <SequencePoint vc="3" uspid="191" ordinal="1" offset="1" sl="153" sc="13" el="153" ec="65" bec="0" bev="0" fileid="3" />
                <SequencePoint vc="3" uspid="192" ordinal="2" offset="17" sl="154" sc="9" el="154" ec="10" bec="0" bev="0" fileid="3" />
              </SequencePoints>
              <BranchPoints />
              <MethodPoint xsi:type="SequencePoint" vc="3" uspid="190" ordinal="0" offset="0" sl="152" sc="9" el="152" ec="10" bec="0" bev="0" fileid="3" />
            </Method>
            <Method visited="true" cyclomaticComplexity="1" nPathComplexity="0" sequenceCoverage="100" branchCoverage="100" crapScore="1" isConstructor="false" isStatic="false" isGetter="false" isSetter="false">
              <Summary numSequencePoints="3" visitedSequencePoints="3" numBranchPoints="1" visitedBranchPoints="1" sequenceCoverage="100" branchCoverage="100" maxCyclomaticComplexity="1" minCyclomaticComplexity="1" maxCrapScore="1" minCrapScore="1" visitedClasses="0" numClasses="0" visitedMethods="1" numMethods="1" />
              <MetadataToken>100663313</MetadataToken>
              <Name>System.Boolean Datos.DBPruebas::DarAcceso(LibClass.Entrada,System.Int16)</Name>
              <FileRef uid="3" />
              <SequencePoints>
                <SequencePoint vc="2" uspid="193" ordinal="0" offset="0" sl="157" sc="9" el="157" ec="10" bec="0" bev="0" fileid="3" />
                <SequencePoint vc="2" uspid="194" ordinal="1" offset="1" sl="158" sc="13" el="158" ec="60" bec="0" bev="0" fileid="3" />
                <SequencePoint vc="2" uspid="195" ordinal="2" offset="17" sl="159" sc="9" el="159" ec="10" bec="0" bev="0" fileid="3" />
              </SequencePoints>
              <BranchPoints />
              <MethodPoint xsi:type="SequencePoint" vc="2" uspid="193" ordinal="0" offset="0" sl="157" sc="9" el="157" ec="10" bec="0" bev="0" fileid="3" />
            </Method>
            <Method visited="true" cyclomaticComplexity="1" nPathComplexity="0" sequenceCoverage="100" branchCoverage="100" crapScore="1" isConstructor="false" isStatic="false" isGetter="false" isSetter="false">
              <Summary numSequencePoints="3" visitedSequencePoints="3" numBranchPoints="1" visitedBranchPoints="1" sequenceCoverage="100" branchCoverage="100" maxCyclomaticComplexity="1" minCyclomaticComplexity="1" maxCrapScore="1" minCrapScore="1" visitedClasses="0" numClasses="0" visitedMethods="1" numMethods="1" />
              <MetadataToken>100663314</MetadataToken>
              <Name>System.Boolean Datos.DBPruebas::QuitarAcceso(LibClass.Entrada,System.Int16)</Name>
              <FileRef uid="3" />
              <SequencePoints>
                <SequencePoint vc="3" uspid="196" ordinal="0" offset="0" sl="162" sc="9" el="162" ec="10" bec="0" bev="0" fileid="3" />
                <SequencePoint vc="3" uspid="197" ordinal="1" offset="1" sl="163" sc="13" el="163" ec="63" bec="0" bev="0" fileid="3" />
                <SequencePoint vc="3" uspid="198" ordinal="2" offset="17" sl="164" sc="9" el="164" ec="10" bec="0" bev="0" fileid="3" />
              </SequencePoints>
              <BranchPoints />
              <MethodPoint xsi:type="SequencePoint" vc="3" uspid="196" ordinal="0" offset="0" sl="162" sc="9" el="162" ec="10" bec="0" bev="0" fileid="3" />
            </Method>
          </Methods>
        </Class>
        <Class>
          <Summary numSequencePoints="1" visitedSequencePoints="1" numBranchPoints="1" visitedBranchPoints="1" sequenceCoverage="100" branchCoverage="100" maxCyclomaticComplexity="1" minCyclomaticComplexity="1" maxCrapScore="2" minCrapScore="1" visitedClasses="1" numClasses="1" visitedMethods="1" numMethods="1" />
          <FullName>Datos.DBPruebas/&lt;&gt;c__DisplayClass9_0</FullName>
          <Methods>
            <Method visited="false" cyclomaticComplexity="1" nPathComplexity="0" sequenceCoverage="0" branchCoverage="0" crapScore="2" isConstructor="true" isStatic="false" isGetter="false" isSetter="false">
              <Summary numSequencePoints="0" visitedSequencePoints="0" numBranchPoints="0" visitedBranchPoints="0" sequenceCoverage="0" branchCoverage="0" maxCyclomaticComplexity="1" minCyclomaticComplexity="1" maxCrapScore="2" minCrapScore="2" visitedClasses="0" numClasses="0" visitedMethods="0" numMethods="0" />
              <MetadataToken>100663332</MetadataToken>
              <Name>System.Void Datos.DBPruebas/&lt;&gt;c__DisplayClass9_0::.ctor()</Name>
              <SequencePoints />
              <BranchPoints />
              <MethodPoint vc="0" uspid="199" ordinal="0" offset="0" />
            </Method>
            <Method visited="true" cyclomaticComplexity="1" nPathComplexity="0" sequenceCoverage="100" branchCoverage="100" crapScore="1" isConstructor="false" isStatic="false" isGetter="false" isSetter="false">
              <Summary numSequencePoints="1" visitedSequencePoints="1" numBranchPoints="1" visitedBranchPoints="1" sequenceCoverage="100" branchCoverage="100" maxCyclomaticComplexity="1" minCyclomaticComplexity="1" maxCrapScore="1" minCrapScore="1" visitedClasses="0" numClasses="0" visitedMethods="1" numMethods="1" />
              <MetadataToken>100663333</MetadataToken>
              <Name>System.Boolean Datos.DBPruebas/&lt;&gt;c__DisplayClass9_0::&lt;ObtenerUsuario&gt;b__0(LibClass.Usuario)</Name>
              <FileRef uid="3" />
              <SequencePoints>
                <SequencePoint vc="105" uspid="200" ordinal="0" offset="0" sl="72" sc="47" el="72" ec="57" bec="0" bev="0" fileid="3" />
              </SequencePoints>
              <BranchPoints />
              <MethodPoint xsi:type="SequencePoint" vc="105" uspid="200" ordinal="0" offset="0" sl="72" sc="47" el="72" ec="57" bec="0" bev="0" fileid="3" />
            </Method>
          </Methods>
        </Class>
      </Classes>
    </Module>
    <Module hash="E1-AF-AF-86-02-C6-BC-5D-96-8F-83-D4-21-4C-AC-C1-1D-67-54-D4">
      <Summary numSequencePoints="106" visitedSequencePoints="68" numBranchPoints="52" visitedBranchPoints="26" sequenceCoverage="64.15" branchCoverage="50" maxCyclomaticComplexity="3" minCyclomaticComplexity="1" maxCrapScore="6" minCrapScore="1" visitedClasses="4" numClasses="4" visitedMethods="20" numMethods="40" />
      <ModulePath>D:\VAL\UBUPassword\vyp\UBUPassword\DatosTests\bin\Debug\fine-code-coverage\build-output\LibClass.dll</ModulePath>
      <ModuleTime>2022-11-09T18:30:09.8171009Z</ModuleTime>
      <ModuleName>LibClass</ModuleName>
      <Files>
        <File uid="7" fullPath="D:\VAL\UBUPassword\vyp\UBUPassword\LibClass\Entrada.cs" />
        <File uid="8" fullPath="D:\VAL\UBUPassword\vyp\UBUPassword\LibClass\EntradaLog.cs" />
        <File uid="9" fullPath="D:\VAL\UBUPassword\vyp\UBUPassword\LibClass\Usuario.cs" />
        <File uid="10" fullPath="D:\VAL\UBUPassword\vyp\UBUPassword\LibClass\Utils.cs" />
      </Files>
      <Classes>
        <Class>
          <Summary numSequencePoints="30" visitedSequencePoints="19" numBranchPoints="18" visitedBranchPoints="8" sequenceCoverage="63.33" branchCoverage="44.44" maxCyclomaticComplexity="2" minCyclomaticComplexity="1" maxCrapScore="2" minCrapScore="1" visitedClasses="1" numClasses="1" visitedMethods="5" numMethods="14" />
          <FullName>LibClass.Entrada</FullName>
          <Methods>
            <Method visited="true" cyclomaticComplexity="1" nPathComplexity="0" sequenceCoverage="100" branchCoverage="100" crapScore="1" isConstructor="false" isStatic="false" isGetter="true" isSetter="false">
              <Summary numSequencePoints="1" visitedSequencePoints="1" numBranchPoints="1" visitedBranchPoints="1" sequenceCoverage="100" branchCoverage="100" maxCyclomaticComplexity="1" minCyclomaticComplexity="1" maxCrapScore="1" minCrapScore="1" visitedClasses="0" numClasses="0" visitedMethods="1" numMethods="1" />
              <MetadataToken>100663298</MetadataToken>
              <Name>System.Int16 LibClass.Entrada::get_Id()</Name>
              <FileRef uid="7" />
              <SequencePoints>
                <SequencePoint vc="21" uspid="201" ordinal="0" offset="0" sl="30" sc="20" el="30" ec="22" bec="0" bev="0" fileid="7" />
              </SequencePoints>
              <BranchPoints />
              <MethodPoint xsi:type="SequencePoint" vc="21" uspid="201" ordinal="0" offset="0" sl="30" sc="20" el="30" ec="22" bec="0" bev="0" fileid="7" />
            </Method>
            <Method visited="false" cyclomaticComplexity="1" nPathComplexity="0" sequenceCoverage="0" branchCoverage="0" crapScore="2" isConstructor="false" isStatic="false" isGetter="true" isSetter="false">
              <Summary numSequencePoints="1" visitedSequencePoints="0" numBranchPoints="1" visitedBranchPoints="0" sequenceCoverage="0" branchCoverage="0" maxCyclomaticComplexity="1" minCyclomaticComplexity="1" maxCrapScore="2" minCrapScore="2" visitedClasses="0" numClasses="0" visitedMethods="0" numMethods="1" />
              <MetadataToken>100663299</MetadataToken>
              <Name>LibClass.Usuario LibClass.Entrada::get_Dueño()</Name>
              <FileRef uid="7" />
              <SequencePoints>
                <SequencePoint vc="0" uspid="202" ordinal="0" offset="0" sl="35" sc="20" el="35" ec="25" bec="0" bev="0" fileid="7" />
              </SequencePoints>
              <BranchPoints />
              <MethodPoint xsi:type="SequencePoint" vc="0" uspid="202" ordinal="0" offset="0" sl="35" sc="20" el="35" ec="25" bec="0" bev="0" fileid="7" />
            </Method>
            <Method visited="false" cyclomaticComplexity="1" nPathComplexity="0" sequenceCoverage="0" branchCoverage="0" crapScore="2" isConstructor="false" isStatic="false" isGetter="false" isSetter="true">
              <Summary numSequencePoints="1" visitedSequencePoints="0" numBranchPoints="1" visitedBranchPoints="0" sequenceCoverage="0" branchCoverage="0" maxCyclomaticComplexity="1" minCyclomaticComplexity="1" maxCrapScore="2" minCrapScore="2" visitedClasses="0" numClasses="0" visitedMethods="0" numMethods="1" />
              <MetadataToken>100663300</MetadataToken>
              <Name>System.Void LibClass.Entrada::set_Dueño(LibClass.Usuario)</Name>
              <FileRef uid="7" />
              <SequencePoints>
                <SequencePoint vc="0" uspid="203" ordinal="0" offset="0" sl="36" sc="20" el="36" ec="33" bec="0" bev="0" fileid="7" />
              </SequencePoints>
              <BranchPoints />
              <MethodPoint xsi:type="SequencePoint" vc="0" uspid="203" ordinal="0" offset="0" sl="36" sc="20" el="36" ec="33" bec="0" bev="0" fileid="7" />
            </Method>
            <Method visited="false" cyclomaticComplexity="1" nPathComplexity="0" sequenceCoverage="0" branchCoverage="0" crapScore="2" isConstructor="false" isStatic="false" isGetter="true" isSetter="false">
              <Summary numSequencePoints="1" visitedSequencePoints="0" numBranchPoints="1" visitedBranchPoints="0" sequenceCoverage="0" branchCoverage="0" maxCyclomaticComplexity="1" minCyclomaticComplexity="1" maxCrapScore="2" minCrapScore="2" visitedClasses="0" numClasses="0" visitedMethods="0" numMethods="1" />
              <MetadataToken>100663301</MetadataToken>
              <Name>System.String LibClass.Entrada::get_Email()</Name>
              <FileRef uid="7" />
              <SequencePoints>
                <SequencePoint vc="0" uspid="204" ordinal="0" offset="0" sl="41" sc="20" el="41" ec="25" bec="0" bev="0" fileid="7" />
              </SequencePoints>
              <BranchPoints />
              <MethodPoint xsi:type="SequencePoint" vc="0" uspid="204" ordinal="0" offset="0" sl="41" sc="20" el="41" ec="25" bec="0" bev="0" fileid="7" />
            </Method>
            <Method visited="false" cyclomaticComplexity="1" nPathComplexity="0" sequenceCoverage="0" branchCoverage="0" crapScore="2" isConstructor="false" isStatic="false" isGetter="false" isSetter="true">
              <Summary numSequencePoints="1" visitedSequencePoints="0" numBranchPoints="1" visitedBranchPoints="0" sequenceCoverage="0" branchCoverage="0" maxCyclomaticComplexity="1" minCyclomaticComplexity="1" maxCrapScore="2" minCrapScore="2" visitedClasses="0" numClasses="0" visitedMethods="0" numMethods="1" />
              <MetadataToken>100663302</MetadataToken>
              <Name>System.Void LibClass.Entrada::set_Email(System.String)</Name>
              <FileRef uid="7" />
              <SequencePoints>
                <SequencePoint vc="0" uspid="205" ordinal="0" offset="0" sl="42" sc="20" el="42" ec="33" bec="0" bev="0" fileid="7" />
              </SequencePoints>
              <BranchPoints />
              <MethodPoint xsi:type="SequencePoint" vc="0" uspid="205" ordinal="0" offset="0" sl="42" sc="20" el="42" ec="33" bec="0" bev="0" fileid="7" />
            </Method>
            <Method visited="false" cyclomaticComplexity="1" nPathComplexity="0" sequenceCoverage="0" branchCoverage="0" crapScore="2" isConstructor="false" isStatic="false" isGetter="true" isSetter="false">
              <Summary numSequencePoints="1" visitedSequencePoints="0" numBranchPoints="1" visitedBranchPoints="0" sequenceCoverage="0" branchCoverage="0" maxCyclomaticComplexity="1" minCyclomaticComplexity="1" maxCrapScore="2" minCrapScore="2" visitedClasses="0" numClasses="0" visitedMethods="0" numMethods="1" />
              <MetadataToken>100663303</MetadataToken>
              <Name>System.String LibClass.Entrada::get_Password()</Name>
              <FileRef uid="7" />
              <SequencePoints>
                <SequencePoint vc="0" uspid="206" ordinal="0" offset="0" sl="47" sc="20" el="47" ec="28" bec="0" bev="0" fileid="7" />
              </SequencePoints>
              <BranchPoints />
              <MethodPoint xsi:type="SequencePoint" vc="0" uspid="206" ordinal="0" offset="0" sl="47" sc="20" el="47" ec="28" bec="0" bev="0" fileid="7" />
            </Method>
            <Method visited="false" cyclomaticComplexity="1" nPathComplexity="0" sequenceCoverage="0" branchCoverage="0" crapScore="2" isConstructor="false" isStatic="false" isGetter="false" isSetter="true">
              <Summary numSequencePoints="1" visitedSequencePoints="0" numBranchPoints="1" visitedBranchPoints="0" sequenceCoverage="0" branchCoverage="0" maxCyclomaticComplexity="1" minCyclomaticComplexity="1" maxCrapScore="2" minCrapScore="2" visitedClasses="0" numClasses="0" visitedMethods="0" numMethods="1" />
              <MetadataToken>100663304</MetadataToken>
              <Name>System.Void LibClass.Entrada::set_Password(System.String)</Name>
              <FileRef uid="7" />
              <SequencePoints>
                <SequencePoint vc="0" uspid="207" ordinal="0" offset="0" sl="48" sc="20" el="48" ec="36" bec="0" bev="0" fileid="7" />
              </SequencePoints>
              <BranchPoints />
              <MethodPoint xsi:type="SequencePoint" vc="0" uspid="207" ordinal="0" offset="0" sl="48" sc="20" el="48" ec="36" bec="0" bev="0" fileid="7" />
            </Method>
            <Method visited="false" cyclomaticComplexity="1" nPathComplexity="0" sequenceCoverage="0" branchCoverage="0" crapScore="2" isConstructor="false" isStatic="false" isGetter="true" isSetter="false">
              <Summary numSequencePoints="1" visitedSequencePoints="0" numBranchPoints="1" visitedBranchPoints="0" sequenceCoverage="0" branchCoverage="0" maxCyclomaticComplexity="1" minCyclomaticComplexity="1" maxCrapScore="2" minCrapScore="2" visitedClasses="0" numClasses="0" visitedMethods="0" numMethods="1" />
              <MetadataToken>100663305</MetadataToken>
              <Name>System.String LibClass.Entrada::get_Descripción()</Name>
              <FileRef uid="7" />
              <SequencePoints>
                <SequencePoint vc="0" uspid="208" ordinal="0" offset="0" sl="53" sc="20" el="53" ec="31" bec="0" bev="0" fileid="7" />
              </SequencePoints>
              <BranchPoints />
              <MethodPoint xsi:type="SequencePoint" vc="0" uspid="208" ordinal="0" offset="0" sl="53" sc="20" el="53" ec="31" bec="0" bev="0" fileid="7" />
            </Method>
            <Method visited="false" cyclomaticComplexity="1" nPathComplexity="0" sequenceCoverage="0" branchCoverage="0" crapScore="2" isConstructor="false" isStatic="false" isGetter="false" isSetter="true">
              <Summary numSequencePoints="1" visitedSequencePoints="0" numBranchPoints="1" visitedBranchPoints="0" sequenceCoverage="0" branchCoverage="0" maxCyclomaticComplexity="1" minCyclomaticComplexity="1" maxCrapScore="2" minCrapScore="2" visitedClasses="0" numClasses="0" visitedMethods="0" numMethods="1" />
              <MetadataToken>100663306</MetadataToken>
              <Name>System.Void LibClass.Entrada::set_Descripción(System.String)</Name>
              <FileRef uid="7" />
              <SequencePoints>
                <SequencePoint vc="0" uspid="209" ordinal="0" offset="0" sl="54" sc="20" el="54" ec="39" bec="0" bev="0" fileid="7" />
              </SequencePoints>
              <BranchPoints />
              <MethodPoint xsi:type="SequencePoint" vc="0" uspid="209" ordinal="0" offset="0" sl="54" sc="20" el="54" ec="39" bec="0" bev="0" fileid="7" />
            </Method>
            <Method visited="true" cyclomaticComplexity="1" nPathComplexity="0" sequenceCoverage="100" branchCoverage="100" crapScore="1" isConstructor="true" isStatic="false" isGetter="false" isSetter="false">
              <Summary numSequencePoints="9" visitedSequencePoints="9" numBranchPoints="1" visitedBranchPoints="1" sequenceCoverage="100" branchCoverage="100" maxCyclomaticComplexity="1" minCyclomaticComplexity="1" maxCrapScore="1" minCrapScore="1" visitedClasses="0" numClasses="0" visitedMethods="1" numMethods="1" />
              <MetadataToken>100663297</MetadataToken>
              <Name>System.Void LibClass.Entrada::.ctor(System.Int16,LibClass.Usuario,System.String,System.String,System.String)</Name>
              <FileRef uid="7" />
              <SequencePoints>
                <SequencePoint vc="18" uspid="210" ordinal="0" offset="0" sl="15" sc="9" el="15" ec="99" bec="0" bev="0" fileid="7" />
                <SequencePoint vc="18" uspid="211" ordinal="1" offset="7" sl="16" sc="9" el="16" ec="10" bec="0" bev="0" fileid="7" />
                <SequencePoint vc="18" uspid="212" ordinal="2" offset="8" sl="17" sc="13" el="17" ec="26" bec="0" bev="0" fileid="7" />
                <SequencePoint vc="18" uspid="213" ordinal="3" offset="15" sl="18" sc="13" el="18" ec="32" bec="0" bev="0" fileid="7" />
                <SequencePoint vc="18" uspid="214" ordinal="4" offset="22" sl="19" sc="13" el="19" ec="32" bec="0" bev="0" fileid="7" />
                <SequencePoint vc="18" uspid="215" ordinal="5" offset="29" sl="20" sc="13" el="20" ec="38" bec="0" bev="0" fileid="7" />
                <SequencePoint vc="18" uspid="216" ordinal="6" offset="37" sl="21" sc="13" el="21" ec="44" bec="0" bev="0" fileid="7" />
                <SequencePoint vc="18" uspid="217" ordinal="7" offset="45" sl="23" sc="13" el="23" ec="58" bec="0" bev="0" fileid="7" />
                <SequencePoint vc="18" uspid="218" ordinal="8" offset="56" sl="24" sc="9" el="24" ec="10" bec="0" bev="0" fileid="7" />
              </SequencePoints>
              <BranchPoints />
              <MethodPoint xsi:type="SequencePoint" vc="18" uspid="210" ordinal="0" offset="0" sl="15" sc="9" el="15" ec="99" bec="0" bev="0" fileid="7" />
            </Method>
            <Method visited="true" cyclomaticComplexity="2" nPathComplexity="2" sequenceCoverage="100" branchCoverage="66.67" crapScore="2" isConstructor="false" isStatic="false" isGetter="false" isSetter="false">
              <Summary numSequencePoints="3" visitedSequencePoints="3" numBranchPoints="3" visitedBranchPoints="2" sequenceCoverage="100" branchCoverage="66.67" maxCyclomaticComplexity="2" minCyclomaticComplexity="2" maxCrapScore="2" minCrapScore="2" visitedClasses="0" numClasses="0" visitedMethods="1" numMethods="1" />
              <MetadataToken>100663307</MetadataToken>
              <Name>System.Boolean LibClass.Entrada::Autorizar(LibClass.Usuario)</Name>
              <FileRef uid="7" />
              <SequencePoints>
                <SequencePoint vc="12" uspid="219" ordinal="0" offset="0" sl="66" sc="9" el="66" ec="10" bec="0" bev="0" fileid="7" />
                <SequencePoint vc="12" uspid="220" ordinal="1" offset="1" sl="67" sc="13" el="67" ec="73" bec="2" bev="1" fileid="7" />
                <SequencePoint vc="12" uspid="221" ordinal="2" offset="28" sl="68" sc="9" el="68" ec="10" bec="0" bev="0" fileid="7" />
              </SequencePoints>
              <BranchPoints>
                <BranchPoint vc="12" uspid="222" ordinal="0" offset="8" sl="67" path="0" offsetend="10" fileid="7" />
                <BranchPoint vc="0" uspid="223" ordinal="1" offset="8" sl="67" path="1" offsetend="24" fileid="7" />
              </BranchPoints>
              <MethodPoint xsi:type="SequencePoint" vc="12" uspid="219" ordinal="0" offset="0" sl="66" sc="9" el="66" ec="10" bec="0" bev="0" fileid="7" />
            </Method>
            <Method visited="true" cyclomaticComplexity="1" nPathComplexity="0" sequenceCoverage="100" branchCoverage="100" crapScore="1" isConstructor="false" isStatic="false" isGetter="false" isSetter="false">
              <Summary numSequencePoints="3" visitedSequencePoints="3" numBranchPoints="1" visitedBranchPoints="1" sequenceCoverage="100" branchCoverage="100" maxCyclomaticComplexity="1" minCyclomaticComplexity="1" maxCrapScore="1" minCrapScore="1" visitedClasses="0" numClasses="0" visitedMethods="1" numMethods="1" />
              <MetadataToken>100663308</MetadataToken>
              <Name>System.Boolean LibClass.Entrada::Desautorizar(LibClass.Usuario)</Name>
              <FileRef uid="7" />
              <SequencePoints>
                <SequencePoint vc="3" uspid="224" ordinal="0" offset="0" sl="80" sc="9" el="80" ec="10" bec="0" bev="0" fileid="7" />
                <SequencePoint vc="3" uspid="225" ordinal="1" offset="1" sl="81" sc="13" el="81" ec="56" bec="0" bev="0" fileid="7" />
                <SequencePoint vc="3" uspid="226" ordinal="2" offset="16" sl="82" sc="9" el="82" ec="10" bec="0" bev="0" fileid="7" />
              </SequencePoints>
              <BranchPoints />
              <MethodPoint xsi:type="SequencePoint" vc="3" uspid="224" ordinal="0" offset="0" sl="80" sc="9" el="80" ec="10" bec="0" bev="0" fileid="7" />
            </Method>
            <Method visited="true" cyclomaticComplexity="2" nPathComplexity="2" sequenceCoverage="100" branchCoverage="100" crapScore="2" isConstructor="false" isStatic="false" isGetter="false" isSetter="false">
              <Summary numSequencePoints="3" visitedSequencePoints="3" numBranchPoints="3" visitedBranchPoints="3" sequenceCoverage="100" branchCoverage="100" maxCyclomaticComplexity="2" minCyclomaticComplexity="2" maxCrapScore="2" minCrapScore="2" visitedClasses="0" numClasses="0" visitedMethods="1" numMethods="1" />
              <MetadataToken>100663309</MetadataToken>
              <Name>System.Boolean LibClass.Entrada::EstaAutorizado(LibClass.Usuario)</Name>
              <FileRef uid="7" />
              <SequencePoints>
                <SequencePoint vc="3" uspid="227" ordinal="0" offset="0" sl="92" sc="9" el="92" ec="10" bec="0" bev="0" fileid="7" />
                <SequencePoint vc="3" uspid="228" ordinal="1" offset="1" sl="93" sc="13" el="93" ec="78" bec="2" bev="2" fileid="7" />
                <SequencePoint vc="3" uspid="229" ordinal="2" offset="30" sl="94" sc="9" el="94" ec="10" bec="0" bev="0" fileid="7" />
              </SequencePoints>
              <BranchPoints>
                <BranchPoint vc="2" uspid="230" ordinal="0" offset="13" sl="93" path="0" offsetend="15" fileid="7" />
                <BranchPoint vc="1" uspid="231" ordinal="1" offset="13" sl="93" path="1" offsetend="26" fileid="7" />
              </BranchPoints>
              <MethodPoint xsi:type="SequencePoint" vc="3" uspid="227" ordinal="0" offset="0" sl="92" sc="9" el="92" ec="10" bec="0" bev="0" fileid="7" />
            </Method>
            <Method visited="false" cyclomaticComplexity="1" nPathComplexity="0" sequenceCoverage="0" branchCoverage="0" crapScore="2" isConstructor="false" isStatic="false" isGetter="false" isSetter="false">
              <Summary numSequencePoints="3" visitedSequencePoints="0" numBranchPoints="1" visitedBranchPoints="0" sequenceCoverage="0" branchCoverage="0" maxCyclomaticComplexity="1" minCyclomaticComplexity="1" maxCrapScore="2" minCrapScore="2" visitedClasses="0" numClasses="0" visitedMethods="0" numMethods="1" />
              <MetadataToken>100663310</MetadataToken>
              <Name>System.String LibClass.Entrada::ToString()</Name>
              <FileRef uid="7" />
              <SequencePoints>
                <SequencePoint vc="0" uspid="232" ordinal="0" offset="0" sl="103" sc="9" el="103" ec="10" bec="0" bev="0" fileid="7" />
                <SequencePoint vc="0" uspid="233" ordinal="1" offset="1" sl="104" sc="13" el="104" ec="119" bec="0" bev="0" fileid="7" />
                <SequencePoint vc="0" uspid="234" ordinal="2" offset="56" sl="105" sc="9" el="105" ec="10" bec="0" bev="0" fileid="7" />
              </SequencePoints>
              <BranchPoints />
              <MethodPoint xsi:type="SequencePoint" vc="0" uspid="232" ordinal="0" offset="0" sl="103" sc="9" el="103" ec="10" bec="0" bev="0" fileid="7" />
            </Method>
          </Methods>
        </Class>
        <Class>
          <Summary numSequencePoints="24" visitedSequencePoints="14" numBranchPoints="9" visitedBranchPoints="3" sequenceCoverage="58.33" branchCoverage="33.33" maxCyclomaticComplexity="2" minCyclomaticComplexity="1" maxCrapScore="6" minCrapScore="1" visitedClasses="1" numClasses="1" visitedMethods="3" numMethods="7" />
          <FullName>LibClass.EntradaLog</FullName>
          <Methods>
            <Method visited="true" cyclomaticComplexity="1" nPathComplexity="0" sequenceCoverage="100" branchCoverage="100" crapScore="1" isConstructor="false" isStatic="false" isGetter="true" isSetter="false">
              <Summary numSequencePoints="1" visitedSequencePoints="1" numBranchPoints="1" visitedBranchPoints="1" sequenceCoverage="100" branchCoverage="100" maxCyclomaticComplexity="1" minCyclomaticComplexity="1" maxCrapScore="1" minCrapScore="1" visitedClasses="0" numClasses="0" visitedMethods="1" numMethods="1" />
              <MetadataToken>100663313</MetadataToken>
              <Name>System.Int16 LibClass.EntradaLog::get_Id()</Name>
              <FileRef uid="8" />
              <SequencePoints>
                <SequencePoint vc="17" uspid="235" ordinal="0" offset="0" sl="42" sc="20" el="42" ec="22" bec="0" bev="0" fileid="8" />
              </SequencePoints>
              <BranchPoints />
              <MethodPoint xsi:type="SequencePoint" vc="17" uspid="235" ordinal="0" offset="0" sl="42" sc="20" el="42" ec="22" bec="0" bev="0" fileid="8" />
            </Method>
            <Method visited="false" cyclomaticComplexity="1" nPathComplexity="0" sequenceCoverage="0" branchCoverage="0" crapScore="2" isConstructor="false" isStatic="false" isGetter="true" isSetter="false">
              <Summary numSequencePoints="1" visitedSequencePoints="0" numBranchPoints="1" visitedBranchPoints="0" sequenceCoverage="0" branchCoverage="0" maxCyclomaticComplexity="1" minCyclomaticComplexity="1" maxCrapScore="2" minCrapScore="2" visitedClasses="0" numClasses="0" visitedMethods="0" numMethods="1" />
              <MetadataToken>100663314</MetadataToken>
              <Name>System.DateTime LibClass.EntradaLog::get_Fecha()</Name>
              <FileRef uid="8" />
              <SequencePoints>
                <SequencePoint vc="0" uspid="236" ordinal="0" offset="0" sl="47" sc="20" el="47" ec="25" bec="0" bev="0" fileid="8" />
              </SequencePoints>
              <BranchPoints />
              <MethodPoint xsi:type="SequencePoint" vc="0" uspid="236" ordinal="0" offset="0" sl="47" sc="20" el="47" ec="25" bec="0" bev="0" fileid="8" />
            </Method>
            <Method visited="false" cyclomaticComplexity="1" nPathComplexity="0" sequenceCoverage="0" branchCoverage="0" crapScore="2" isConstructor="false" isStatic="false" isGetter="true" isSetter="false">
              <Summary numSequencePoints="1" visitedSequencePoints="0" numBranchPoints="1" visitedBranchPoints="0" sequenceCoverage="0" branchCoverage="0" maxCyclomaticComplexity="1" minCyclomaticComplexity="1" maxCrapScore="2" minCrapScore="2" visitedClasses="0" numClasses="0" visitedMethods="0" numMethods="1" />
              <MetadataToken>100663315</MetadataToken>
              <Name>LibClass.Usuario LibClass.EntradaLog::get_Usuario()</Name>
              <FileRef uid="8" />
              <SequencePoints>
                <SequencePoint vc="0" uspid="237" ordinal="0" offset="0" sl="52" sc="20" el="52" ec="27" bec="0" bev="0" fileid="8" />
              </SequencePoints>
              <BranchPoints />
[...]
              <MetadataToken>100663325</MetadataToken>
              <Name>System.Void LibClass.Usuario::set_Email(System.String)</Name>
              <FileRef uid="9" />
              <SequencePoints>
                <SequencePoint vc="0" uspid="267" ordinal="0" offset="0" sl="57" sc="20" el="57" ec="33" bec="0" bev="0" fileid="9" />
              </SequencePoints>
              <BranchPoints />
              <MethodPoint xsi:type="SequencePoint" vc="0" uspid="267" ordinal="0" offset="0" sl="57" sc="20" el="57" ec="33" bec="0" bev="0" fileid="9" />
            </Method>
            <Method visited="true" cyclomaticComplexity="1" nPathComplexity="0" sequenceCoverage="100" branchCoverage="100" crapScore="1" isConstructor="false" isStatic="false" isGetter="true" isSetter="false">
              <Summary numSequencePoints="1" visitedSequencePoints="1" numBranchPoints="1" visitedBranchPoints="1" sequenceCoverage="100" branchCoverage="100" maxCyclomaticComplexity="1" minCyclomaticComplexity="1" maxCrapScore="1" minCrapScore="1" visitedClasses="0" numClasses="0" visitedMethods="1" numMethods="1" />
              <MetadataToken>100663326</MetadataToken>
              <Name>System.Boolean LibClass.Usuario::get_EsGestor()</Name>
              <FileRef uid="9" />
              <SequencePoints>
                <SequencePoint vc="2" uspid="268" ordinal="0" offset="0" sl="62" sc="20" el="62" ec="28" bec="0" bev="0" fileid="9" />
              </SequencePoints>
              <BranchPoints />
              <MethodPoint xsi:type="SequencePoint" vc="2" uspid="268" ordinal="0" offset="0" sl="62" sc="20" el="62" ec="28" bec="0" bev="0" fileid="9" />
            </Method>
            <Method visited="false" cyclomaticComplexity="1" nPathComplexity="0" sequenceCoverage="0" branchCoverage="0" crapScore="2" isConstructor="false" isStatic="false" isGetter="false" isSetter="true">
              <Summary numSequencePoints="1" visitedSequencePoints="0" numBranchPoints="1" visitedBranchPoints="0" sequenceCoverage="0" branchCoverage="0" maxCyclomaticComplexity="1" minCyclomaticComplexity="1" maxCrapScore="2" minCrapScore="2" visitedClasses="0" numClasses="0" visitedMethods="0" numMethods="1" />
              <MetadataToken>100663327</MetadataToken>
              <Name>System.Void LibClass.Usuario::set_EsGestor(System.Boolean)</Name>
              <FileRef uid="9" />
              <SequencePoints>
                <SequencePoint vc="0" uspid="269" ordinal="0" offset="0" sl="63" sc="20" el="63" ec="36" bec="0" bev="0" fileid="9" />
              </SequencePoints>
              <BranchPoints />
              <MethodPoint xsi:type="SequencePoint" vc="0" uspid="269" ordinal="0" offset="0" sl="63" sc="20" el="63" ec="36" bec="0" bev="0" fileid="9" />
            </Method>
            <Method visited="true" cyclomaticComplexity="1" nPathComplexity="0" sequenceCoverage="100" branchCoverage="100" crapScore="1" isConstructor="false" isStatic="false" isGetter="true" isSetter="false">
              <Summary numSequencePoints="1" visitedSequencePoints="1" numBranchPoints="1" visitedBranchPoints="1" sequenceCoverage="100" branchCoverage="100" maxCyclomaticComplexity="1" minCyclomaticComplexity="1" maxCrapScore="1" minCrapScore="1" visitedClasses="0" numClasses="0" visitedMethods="1" numMethods="1" />
              <MetadataToken>100663328</MetadataToken>
              <Name>System.DateTime LibClass.Usuario::get_LastPassDate()</Name>
              <FileRef uid="9" />
              <SequencePoints>
                <SequencePoint vc="5" uspid="270" ordinal="0" offset="0" sl="68" sc="20" el="68" ec="32" bec="0" bev="0" fileid="9" />
              </SequencePoints>
              <BranchPoints />
              <MethodPoint xsi:type="SequencePoint" vc="5" uspid="270" ordinal="0" offset="0" sl="68" sc="20" el="68" ec="32" bec="0" bev="0" fileid="9" />
            </Method>
            <Method visited="true" cyclomaticComplexity="1" nPathComplexity="0" sequenceCoverage="100" branchCoverage="100" crapScore="1" isConstructor="false" isStatic="false" isGetter="false" isSetter="true">
              <Summary numSequencePoints="1" visitedSequencePoints="1" numBranchPoints="1" visitedBranchPoints="1" sequenceCoverage="100" branchCoverage="100" maxCyclomaticComplexity="1" minCyclomaticComplexity="1" maxCrapScore="1" minCrapScore="1" visitedClasses="0" numClasses="0" visitedMethods="1" numMethods="1" />
              <MetadataToken>100663329</MetadataToken>
              <Name>System.Void LibClass.Usuario::set_LastPassDate(System.DateTime)</Name>
              <FileRef uid="9" />
              <SequencePoints>
                <SequencePoint vc="5" uspid="271" ordinal="0" offset="0" sl="69" sc="20" el="69" ec="40" bec="0" bev="0" fileid="9" />
              </SequencePoints>
              <BranchPoints />
              <MethodPoint xsi:type="SequencePoint" vc="5" uspid="271" ordinal="0" offset="0" sl="69" sc="20" el="69" ec="40" bec="0" bev="0" fileid="9" />
            </Method>
            <Method visited="true" cyclomaticComplexity="1" nPathComplexity="0" sequenceCoverage="100" branchCoverage="100" crapScore="1" isConstructor="true" isStatic="false" isGetter="false" isSetter="false">
              <Summary numSequencePoints="10" visitedSequencePoints="10" numBranchPoints="1" visitedBranchPoints="1" sequenceCoverage="100" branchCoverage="100" maxCyclomaticComplexity="1" minCyclomaticComplexity="1" maxCrapScore="1" minCrapScore="1" visitedClasses="0" numClasses="0" visitedMethods="1" numMethods="1" />
              <MetadataToken>100663318</MetadataToken>
              <Name>System.Void LibClass.Usuario::.ctor(System.Int16,System.String,System.String,System.String,System.String,System.Boolean)</Name>
              <FileRef uid="9" />
              <SequencePoints>
                <SequencePoint vc="18" uspid="272" ordinal="0" offset="0" sl="24" sc="9" el="24" ec="111" bec="0" bev="0" fileid="9" />
                <SequencePoint vc="18" uspid="273" ordinal="1" offset="7" sl="25" sc="9" el="25" ec="10" bec="0" bev="0" fileid="9" />
                <SequencePoint vc="18" uspid="274" ordinal="2" offset="8" sl="26" sc="13" el="26" ec="26" bec="0" bev="0" fileid="9" />
                <SequencePoint vc="18" uspid="275" ordinal="3" offset="15" sl="27" sc="13" el="27" ec="34" bec="0" bev="0" fileid="9" />
                <SequencePoint vc="18" uspid="276" ordinal="4" offset="22" sl="28" sc="13" el="28" ec="39" bec="0" bev="0" fileid="9" />
                <SequencePoint vc="18" uspid="277" ordinal="5" offset="29" sl="29" sc="13" el="29" ec="32" bec="0" bev="0" fileid="9" />
                <SequencePoint vc="18" uspid="278" ordinal="6" offset="37" sl="30" sc="13" el="30" ec="55" bec="0" bev="0" fileid="9" />
                <SequencePoint vc="18" uspid="279" ordinal="7" offset="50" sl="31" sc="13" el="31" ec="38" bec="0" bev="0" fileid="9" />
                <SequencePoint vc="18" uspid="280" ordinal="8" offset="58" sl="32" sc="13" el="32" ec="48" bec="0" bev="0" fileid="9" />
                <SequencePoint vc="18" uspid="281" ordinal="9" offset="69" sl="33" sc="9" el="33" ec="10" bec="0" bev="0" fileid="9" />
              </SequencePoints>
              <BranchPoints />
              <MethodPoint xsi:type="SequencePoint" vc="18" uspid="272" ordinal="0" offset="0" sl="24" sc="9" el="24" ec="111" bec="0" bev="0" fileid="9" />
            </Method>
            <Method visited="true" cyclomaticComplexity="1" nPathComplexity="0" sequenceCoverage="100" branchCoverage="100" crapScore="1" isConstructor="false" isStatic="false" isGetter="false" isSetter="false">
              <Summary numSequencePoints="3" visitedSequencePoints="3" numBranchPoints="1" visitedBranchPoints="1" sequenceCoverage="100" branchCoverage="100" maxCyclomaticComplexity="1" minCyclomaticComplexity="1" maxCrapScore="1" minCrapScore="1" visitedClasses="0" numClasses="0" visitedMethods="1" numMethods="1" />
              <MetadataToken>100663330</MetadataToken>
              <Name>System.Boolean LibClass.Usuario::ComprobarContraseña(System.String)</Name>
              <FileRef uid="9" />
              <SequencePoints>
                <SequencePoint vc="2" uspid="282" ordinal="0" offset="0" sl="83" sc="9" el="83" ec="10" bec="0" bev="0" fileid="9" />
                <SequencePoint vc="2" uspid="283" ordinal="1" offset="1" sl="84" sc="13" el="84" ec="65" bec="0" bev="0" fileid="9" />
                <SequencePoint vc="2" uspid="284" ordinal="2" offset="21" sl="85" sc="9" el="85" ec="10" bec="0" bev="0" fileid="9" />
              </SequencePoints>
              <BranchPoints />
              <MethodPoint xsi:type="SequencePoint" vc="2" uspid="282" ordinal="0" offset="0" sl="83" sc="9" el="83" ec="10" bec="0" bev="0" fileid="9" />
            </Method>
            <Method visited="false" cyclomaticComplexity="2" nPathComplexity="2" sequenceCoverage="0" branchCoverage="0" crapScore="6" isConstructor="false" isStatic="false" isGetter="false" isSetter="false">
              <Summary numSequencePoints="6" visitedSequencePoints="0" numBranchPoints="3" visitedBranchPoints="0" sequenceCoverage="0" branchCoverage="0" maxCyclomaticComplexity="2" minCyclomaticComplexity="2" maxCrapScore="6" minCrapScore="6" visitedClasses="0" numClasses="0" visitedMethods="0" numMethods="1" />
              <MetadataToken>100663331</MetadataToken>
              <Name>System.Boolean LibClass.Usuario::CambiarContraseña(System.String,System.String)</Name>
              <FileRef uid="9" />
              <SequencePoints>
                <SequencePoint vc="0" uspid="285" ordinal="0" offset="0" sl="98" sc="9" el="98" ec="10" bec="0" bev="0" fileid="9" />
                <SequencePoint vc="0" uspid="286" ordinal="1" offset="1" sl="99" sc="13" el="99" ec="55" bec="2" bev="0" fileid="9" />
                <SequencePoint vc="0" uspid="287" ordinal="2" offset="22" sl="99" sc="56" el="99" ec="69" bec="0" bev="0" fileid="9" />
                <SequencePoint vc="0" uspid="288" ordinal="3" offset="26" sl="101" sc="13" el="101" ec="47" bec="0" bev="0" fileid="9" />
                <SequencePoint vc="0" uspid="289" ordinal="4" offset="38" sl="102" sc="13" el="102" ec="25" bec="0" bev="0" fileid="9" />
                <SequencePoint vc="0" uspid="290" ordinal="5" offset="42" sl="103" sc="9" el="103" ec="10" bec="0" bev="0" fileid="9" />
              </SequencePoints>
              <BranchPoints>
                <BranchPoint vc="0" uspid="291" ordinal="0" offset="20" sl="99" path="0" offsetend="22" fileid="9" />
                <BranchPoint vc="0" uspid="292" ordinal="1" offset="20" sl="99" path="1" offsetend="26" fileid="9" />
              </BranchPoints>
              <MethodPoint xsi:type="SequencePoint" vc="0" uspid="285" ordinal="0" offset="0" sl="98" sc="9" el="98" ec="10" bec="0" bev="0" fileid="9" />
            </Method>
            <Method visited="false" cyclomaticComplexity="1" nPathComplexity="0" sequenceCoverage="0" branchCoverage="0" crapScore="2" isConstructor="false" isStatic="false" isGetter="false" isSetter="false">
              <Summary numSequencePoints="4" visitedSequencePoints="0" numBranchPoints="1" visitedBranchPoints="0" sequenceCoverage="0" branchCoverage="0" maxCyclomaticComplexity="1" minCyclomaticComplexity="1" maxCrapScore="2" minCrapScore="2" visitedClasses="0" numClasses="0" visitedMethods="0" numMethods="1" />
              <MetadataToken>100663332</MetadataToken>
              <Name>System.Boolean LibClass.Usuario::ContraseñaCaducada()</Name>
              <FileRef uid="9" />
              <SequencePoints>
                <SequencePoint vc="0" uspid="293" ordinal="0" offset="0" sl="113" sc="9" el="113" ec="10" bec="0" bev="0" fileid="9" />
                <SequencePoint vc="0" uspid="294" ordinal="1" offset="1" sl="114" sc="13" el="114" ec="56" bec="0" bev="0" fileid="9" />
                <SequencePoint vc="0" uspid="295" ordinal="2" offset="22" sl="115" sc="13" el="115" ec="49" bec="0" bev="0" fileid="9" />
                <SequencePoint vc="0" uspid="296" ordinal="3" offset="36" sl="116" sc="9" el="116" ec="10" bec="0" bev="0" fileid="9" />
              </SequencePoints>
              <BranchPoints />
              <MethodPoint xsi:type="SequencePoint" vc="0" uspid="293" ordinal="0" offset="0" sl="113" sc="9" el="113" ec="10" bec="0" bev="0" fileid="9" />
            </Method>
            <Method visited="false" cyclomaticComplexity="1" nPathComplexity="0" sequenceCoverage="0" branchCoverage="0" crapScore="2" isConstructor="false" isStatic="false" isGetter="false" isSetter="false">
              <Summary numSequencePoints="3" visitedSequencePoints="0" numBranchPoints="1" visitedBranchPoints="0" sequenceCoverage="0" branchCoverage="0" maxCyclomaticComplexity="1" minCyclomaticComplexity="1" maxCrapScore="2" minCrapScore="2" visitedClasses="0" numClasses="0" visitedMethods="0" numMethods="1" />
              <MetadataToken>100663333</MetadataToken>
              <Name>System.String LibClass.Usuario::ToString()</Name>
              <FileRef uid="9" />
              <SequencePoints>
                <SequencePoint vc="0" uspid="297" ordinal="0" offset="0" sl="125" sc="9" el="125" ec="10" bec="0" bev="0" fileid="9" />
                <SequencePoint vc="0" uspid="298" ordinal="1" offset="1" sl="126" sc="13" el="126" ec="54" bec="0" bev="0" fileid="9" />
                <SequencePoint vc="0" uspid="299" ordinal="2" offset="66" sl="127" sc="9" el="127" ec="10" bec="0" bev="0" fileid="9" />
              </SequencePoints>
              <BranchPoints />
              <MethodPoint xsi:type="SequencePoint" vc="0" uspid="297" ordinal="0" offset="0" sl="125" sc="9" el="125" ec="10" bec="0" bev="0" fileid="9" />
            </Method>
          </Methods>
        </Class>
        <Class>
          <Summary numSequencePoints="15" visitedSequencePoints="15" numBranchPoints="7" visitedBranchPoints="6" sequenceCoverage="100" branchCoverage="85.71" maxCyclomaticComplexity="3" minCyclomaticComplexity="1" maxCrapScore="3" minCrapScore="1" visitedClasses="1" numClasses="1" visitedMethods="3" numMethods="3" />
          <FullName>LibClass.Utils</FullName>
          <Methods>
            <Method visited="true" cyclomaticComplexity="3" nPathComplexity="4" sequenceCoverage="100" branchCoverage="80" crapScore="3" isConstructor="false" isStatic="true" isGetter="false" isSetter="false">
              <Summary numSequencePoints="6" visitedSequencePoints="6" numBranchPoints="5" visitedBranchPoints="4" sequenceCoverage="100" branchCoverage="80" maxCyclomaticComplexity="3" minCyclomaticComplexity="3" maxCrapScore="3" minCrapScore="3" visitedClasses="0" numClasses="0" visitedMethods="1" numMethods="1" />
              <MetadataToken>100663334</MetadataToken>
              <Name>System.Boolean LibClass.Utils::PasswordCorrecto(System.String)</Name>
              <FileRef uid="10" />
              <SequencePoints>
                <SequencePoint vc="21" uspid="300" ordinal="0" offset="0" sl="15" sc="9" el="15" ec="10" bec="0" bev="0" fileid="10" />
                <SequencePoint vc="21" uspid="301" ordinal="1" offset="1" sl="16" sc="13" el="16" ec="53" bec="4" bev="3" fileid="10" />
                <SequencePoint vc="1" uspid="302" ordinal="2" offset="27" sl="17" sc="13" el="17" ec="14" bec="0" bev="0" fileid="10" />
                <SequencePoint vc="1" uspid="303" ordinal="3" offset="28" sl="18" sc="17" el="18" ec="30" bec="0" bev="0" fileid="10" />
                <SequencePoint vc="20" uspid="304" ordinal="4" offset="32" sl="20" sc="13" el="20" ec="25" bec="0" bev="0" fileid="10" />
                <SequencePoint vc="21" uspid="305" ordinal="5" offset="36" sl="21" sc="9" el="21" ec="10" bec="0" bev="0" fileid="10" />
              </SequencePoints>
              <BranchPoints>
                <BranchPoint vc="21" uspid="306" ordinal="0" offset="8" sl="16" path="0" offsetend="10" fileid="10" />
                <BranchPoint vc="0" uspid="307" ordinal="1" offset="8" sl="16" path="1" offsetend="22" fileid="10" />
                <BranchPoint vc="1" uspid="308" ordinal="2" offset="25" sl="16" path="0" offsetend="27" fileid="10" />
                <BranchPoint vc="20" uspid="309" ordinal="3" offset="25" sl="16" path="1" offsetend="32" fileid="10" />
              </BranchPoints>
              <MethodPoint xsi:type="SequencePoint" vc="21" uspid="300" ordinal="0" offset="0" sl="15" sc="9" el="15" ec="10" bec="0" bev="0" fileid="10" />
            </Method>
            <Method visited="true" cyclomaticComplexity="1" nPathComplexity="0" sequenceCoverage="100" branchCoverage="100" crapScore="1" isConstructor="false" isStatic="true" isGetter="false" isSetter="false">
              <Summary numSequencePoints="3" visitedSequencePoints="3" numBranchPoints="1" visitedBranchPoints="1" sequenceCoverage="100" branchCoverage="100" maxCyclomaticComplexity="1" minCyclomaticComplexity="1" maxCrapScore="1" minCrapScore="1" visitedClasses="0" numClasses="0" visitedMethods="1" numMethods="1" />
              <MetadataToken>100663335</MetadataToken>
              <Name>System.Boolean LibClass.Utils::EsEmail(System.String)</Name>
              <FileRef uid="10" />
              <SequencePoints>
                <SequencePoint vc="40" uspid="310" ordinal="0" offset="0" sl="29" sc="9" el="29" ec="10" bec="0" bev="0" fileid="10" />
                <SequencePoint vc="40" uspid="311" ordinal="1" offset="1" sl="30" sc="13" el="30" ec="63" bec="0" bev="0" fileid="10" />
                <SequencePoint vc="40" uspid="312" ordinal="2" offset="15" sl="31" sc="9" el="31" ec="10" bec="0" bev="0" fileid="10" />
              </SequencePoints>
              <BranchPoints />
              <MethodPoint xsi:type="SequencePoint" vc="40" uspid="310" ordinal="0" offset="0" sl="29" sc="9" el="29" ec="10" bec="0" bev="0" fileid="10" />
            </Method>
            <Method visited="true" cyclomaticComplexity="1" nPathComplexity="0" sequenceCoverage="100" branchCoverage="100" crapScore="1" isConstructor="false" isStatic="true" isGetter="false" isSetter="false">
              <Summary numSequencePoints="6" visitedSequencePoints="6" numBranchPoints="1" visitedBranchPoints="1" sequenceCoverage="100" branchCoverage="100" maxCyclomaticComplexity="1" minCyclomaticComplexity="1" maxCrapScore="1" minCrapScore="1" visitedClasses="0" numClasses="0" visitedMethods="1" numMethods="1" />
              <MetadataToken>100663336</MetadataToken>
              <Name>System.String LibClass.Utils::Encriptar(System.String)</Name>
              <FileRef uid="10" />
              <SequencePoints>
                <SequencePoint vc="20" uspid="313" ordinal="0" offset="0" sl="40" sc="9" el="40" ec="10" bec="0" bev="0" fileid="10" />
                <SequencePoint vc="20" uspid="314" ordinal="1" offset="1" sl="41" sc="13" el="41" ec="73" bec="0" bev="0" fileid="10" />
                <SequencePoint vc="20" uspid="315" ordinal="2" offset="13" sl="42" sc="13" el="42" ec="47" bec="0" bev="0" fileid="10" />
                <SequencePoint vc="20" uspid="316" ordinal="3" offset="19" sl="43" sc="13" el="43" ec="49" bec="0" bev="0" fileid="10" />
                <SequencePoint vc="20" uspid="317" ordinal="4" offset="27" sl="44" sc="13" el="44" ec="66" bec="0" bev="0" fileid="10" />
                <SequencePoint vc="20" uspid="318" ordinal="5" offset="41" sl="45" sc="9" el="45" ec="10" bec="0" bev="0" fileid="10" />
              </SequencePoints>
              <BranchPoints />
              <MethodPoint xsi:type="SequencePoint" vc="20" uspid="313" ordinal="0" offset="0" sl="40" sc="9" el="40" ec="10" bec="0" bev="0" fileid="10" />
            </Method>
          </Methods>
        </Class>
      </Classes>
    </Module>
  </Modules>
</CoverageSession>