<?xml version="1.0" encoding="utf-8"?>
<CoverageSession xmlns:xsd="http://www.w3.org/2001/XMLSchema" xmlns:xsi="http://www.w3.org/2001/XMLSchema-instance" Version="4.7.922.0">
  <Summary numSequencePoints="218" visitedSequencePoints="211" numBranchPoints="12" visitedBranchPoints="12" sequenceCoverage="96.79" branchCoverage="100" maxCyclomaticComplexity="2" minCyclomaticComplexity="1" maxCrapScore="2.04" minCrapScore="1" visitedClasses="1" numClasses="1" visitedMethods="12" numMethods="12" />
  <Modules>
    <Module hash="A0-8F-CE-77-A5-17-58-D8-A1-2D-E5-F4-64-0D-A1-1F-F9-36-84-0D">
      <Summary numSequencePoints="218" visitedSequencePoints="211" numBranchPoints="12" visitedBranchPoints="12" sequenceCoverage="96.79" branchCoverage="100" maxCyclomaticComplexity="2" minCyclomaticComplexity="1" maxCrapScore="2.04" minCrapScore="1" visitedClasses="1" numClasses="1" visitedMethods="12" numMethods="12" />
      <ModulePath>D:\VAL\UBUPassword\vyp\UBUPassword\wwwTest\bin\Debug\fine-code-coverage\build-output\wwwTest.dll</ModulePath>
      <ModuleTime>2022-11-09T18:30:09.8151085Z</ModuleTime>
      <ModuleName>wwwTest</ModuleName>
      <Files>
        <File uid="1" fullPath="D:\VAL\UBUPassword\vyp\UBUPassword\wwwTest\Sistema.cs" />
      </Files>
      <Classes>
        <Class>
          <Summary numSequencePoints="218" visitedSequencePoints="211" numBranchPoints="12" visitedBranchPoints="12" sequenceCoverage="96.79" branchCoverage="100" maxCyclomaticComplexity="2" minCyclomaticComplexity="1" maxCrapScore="2.04" minCrapScore="1" visitedClasses="1" numClasses="1" visitedMethods="12" numMethods="12" />
          <FullName>www.Tests.Sistema</FullName>
          <Methods>
            <Method visited="true" cyclomaticComplexity="1" nPathComplexity="0" sequenceCoverage="100" branchCoverage="100" crapScore="1" isConstructor="false" isStatic="true" isGetter="false" isSetter="false">
              <Summary numSequencePoints="3" visitedSequencePoints="3" numBranchPoints="1" visitedBranchPoints="1" sequenceCoverage="100" branchCoverage="100" maxCyclomaticComplexity="1" minCyclomaticComplexity="1" maxCrapScore="1" minCrapScore="1" visitedClasses="0" numClasses="0" visitedMethods="1" numMethods="1" />
              <MetadataToken>100663297</MetadataToken>
              <Name>System.Void www.Tests.Sistema::InitializeClass(Microsoft.VisualStudio.TestTools.UnitTesting.TestContext)</Name>
              <FileRef uid="1" />
              <SequencePoints>
                <SequencePoint vc="1" uspid="1" ordinal="0" offset="0" sl="18" sc="9" el="18" ec="10" bec="0" bev="0" fileid="1" />
                <SequencePoint vc="1" uspid="2" ordinal="1" offset="1" sl="19" sc="13" el="23" ec="19" bec="0" bev="0" fileid="1" />
                <SequencePoint vc="1" uspid="3" ordinal="2" offset="28" sl="24" sc="9" el="24" ec="10" bec="0" bev="0" fileid="1" />
              </SequencePoints>
              <BranchPoints />
              <MethodPoint xsi:type="SequencePoint" vc="1" uspid="1" ordinal="0" offset="0" sl="18" sc="9" el="18" ec="10" bec="0" bev="0" fileid="1" />
            </Method>
            <Method visited="true" cyclomaticComplexity="2" nPathComplexity="0" sequenceCoverage="78.57" branchCoverage="100" crapScore="2.04" isConstructor="false" isStatic="true" isGetter="false" isSetter="false">
              <Summary numSequencePoints="14" visitedSequencePoints="11" numBranchPoints="1" visitedBranchPoints="1" sequenceCoverage="78.57" branchCoverage="100" maxCyclomaticComplexity="2" minCyclomaticComplexity="2" maxCrapScore="2.04" minCrapScore="2.04" visitedClasses="0" numClasses="0" visitedMethods="1" numMethods="1" />
              <MetadataToken>100663298</MetadataToken>
              <Name>System.Void www.Tests.Sistema::CleanupClass()</Name>
              <FileRef uid="1" />
              <SequencePoints>
                <SequencePoint vc="1" uspid="4" ordinal="0" offset="0" sl="28" sc="9" el="28" ec="10" bec="0" bev="0" fileid="1" />
                <SequencePoint vc="1" uspid="5" ordinal="1" offset="1" sl="30" sc="13" el="30" ec="14" bec="0" bev="0" fileid="1" />
                <SequencePoint vc="1" uspid="6" ordinal="2" offset="2" sl="32" sc="17" el="32" ec="24" bec="0" bev="0" fileid="1" />
                <SequencePoint vc="1" uspid="7" ordinal="3" offset="3" sl="32" sc="40" el="32" ec="47" bec="0" bev="0" fileid="1" />
                <SequencePoint vc="2" uspid="8" ordinal="4" offset="13" sl="32" sc="26" el="32" ec="36" bec="0" bev="0" fileid="1" />
                <SequencePoint vc="2" uspid="9" ordinal="5" offset="17" sl="33" sc="17" el="33" ec="18" bec="0" bev="0" fileid="1" />
                <SequencePoint vc="2" uspid="10" ordinal="6" offset="18" sl="34" sc="21" el="34" ec="35" bec="0" bev="0" fileid="1" />
                <SequencePoint vc="2" uspid="11" ordinal="7" offset="25" sl="35" sc="17" el="35" ec="18" bec="0" bev="0" fileid="1" />
                <SequencePoint vc="3" uspid="12" ordinal="8" offset="30" sl="32" sc="37" el="32" ec="39" bec="0" bev="0" fileid="1" />
                <SequencePoint vc="1" uspid="13" ordinal="9" offset="36" sl="36" sc="13" el="36" ec="14" bec="0" bev="0" fileid="1" />
                <SequencePoint vc="0" uspid="14" ordinal="10" offset="39" sl="37" sc="13" el="37" ec="30" bec="0" bev="0" fileid="1" />
                <SequencePoint vc="0" uspid="15" ordinal="11" offset="40" sl="38" sc="13" el="38" ec="14" bec="0" bev="0" fileid="1" />
                <SequencePoint vc="0" uspid="16" ordinal="12" offset="41" sl="40" sc="13" el="40" ec="14" bec="0" bev="0" fileid="1" />
                <SequencePoint vc="1" uspid="17" ordinal="13" offset="44" sl="41" sc="9" el="41" ec="10" bec="0" bev="0" fileid="1" />
              </SequencePoints>
              <BranchPoints />
              <MethodPoint xsi:type="SequencePoint" vc="1" uspid="4" ordinal="0" offset="0" sl="28" sc="9" el="28" ec="10" bec="0" bev="0" fileid="1" />
            </Method>
            <Method visited="true" cyclomaticComplexity="2" nPathComplexity="0" sequenceCoverage="100" branchCoverage="100" crapScore="2" isConstructor="false" isStatic="false" isGetter="false" isSetter="false">
              <Summary numSequencePoints="20" visitedSequencePoints="20" numBranchPoints="1" visitedBranchPoints="1" sequenceCoverage="100" branchCoverage="100" maxCyclomaticComplexity="2" minCyclomaticComplexity="2" maxCrapScore="2" minCrapScore="2" visitedClasses="0" numClasses="0" visitedMethods="1" numMethods="1" />
              <MetadataToken>100663299</MetadataToken>
              <Name>System.Void www.Tests.Sistema::InicioDeSesionUsuarioTest()</Name>
              <FileRef uid="1" />
              <SequencePoints>
                <SequencePoint vc="1" uspid="20" ordinal="0" offset="0" sl="56" sc="9" el="56" ec="10" bec="0" bev="0" fileid="1" />
                <SequencePoint vc="1" uspid="21" ordinal="1" offset="1" sl="58" sc="13" el="58" ec="20" bec="0" bev="0" fileid="1" />
                <SequencePoint vc="1" uspid="22" ordinal="2" offset="2" sl="58" sc="36" el="58" ec="43" bec="0" bev="0" fileid="1" />
                <SequencePoint vc="2" uspid="23" ordinal="3" offset="15" sl="58" sc="22" el="58" ec="32" bec="0" bev="0" fileid="1" />
                <SequencePoint vc="2" uspid="24" ordinal="4" offset="19" sl="59" sc="13" el="59" ec="14" bec="0" bev="0" fileid="1" />
                <SequencePoint vc="2" uspid="25" ordinal="5" offset="20" sl="60" sc="17" el="60" ec="81" bec="0" bev="0" fileid="1" />
                <SequencePoint vc="2" uspid="26" ordinal="6" offset="37" sl="61" sc="17" el="61" ec="104" bec="0" bev="0" fileid="1" />
                <SequencePoint vc="2" uspid="27" ordinal="7" offset="69" sl="62" sc="17" el="62" ec="66" bec="0" bev="0" fileid="1" />
                <SequencePoint vc="2" uspid="28" ordinal="8" offset="91" sl="63" sc="17" el="63" ec="89" bec="0" bev="0" fileid="1" />
                <SequencePoint vc="2" uspid="29" ordinal="9" offset="118" sl="64" sc="17" el="64" ec="66" bec="0" bev="0" fileid="1" />
                <SequencePoint vc="2" uspid="30" ordinal="10" offset="140" sl="65" sc="17" el="65" ec="82" bec="0" bev="0" fileid="1" />
                <SequencePoint vc="2" uspid="31" ordinal="11" offset="167" sl="66" sc="17" el="66" ec="61" bec="0" bev="0" fileid="1" />
                <SequencePoint vc="2" uspid="32" ordinal="12" offset="189" sl="67" sc="17" el="67" ec="35" bec="0" bev="0" fileid="1" />
                <SequencePoint vc="2" uspid="33" ordinal="13" offset="197" sl="68" sc="17" el="68" ec="92" bec="0" bev="0" fileid="1" />
                <SequencePoint vc="2" uspid="34" ordinal="14" offset="229" sl="69" sc="17" el="69" ec="70" bec="0" bev="0" fileid="1" />
                <SequencePoint vc="2" uspid="35" ordinal="15" offset="251" sl="70" sc="17" el="70" ec="35" bec="0" bev="0" fileid="1" />
                <SequencePoint vc="2" uspid="36" ordinal="16" offset="259" sl="71" sc="17" el="71" ec="104" bec="0" bev="0" fileid="1" />
                <SequencePoint vc="2" uspid="37" ordinal="17" offset="291" sl="72" sc="13" el="72" ec="14" bec="0" bev="0" fileid="1" />
                <SequencePoint vc="3" uspid="38" ordinal="18" offset="296" sl="58" sc="33" el="58" ec="35" bec="0" bev="0" fileid="1" />
                <SequencePoint vc="1" uspid="39" ordinal="19" offset="305" sl="73" sc="9" el="73" ec="10" bec="0" bev="0" fileid="1" />
              </SequencePoints>
              <BranchPoints />
              <MethodPoint xsi:type="SequencePoint" vc="1" uspid="20" ordinal="0" offset="0" sl="56" sc="9" el="56" ec="10" bec="0" bev="0" fileid="1" />
            </Method>
            <Method visited="true" cyclomaticComplexity="2" nPathComplexity="0" sequenceCoverage="100" branchCoverage="100" crapScore="2" isConstructor="false" isStatic="false" isGetter="false" isSetter="false">
              <Summary numSequencePoints="17" visitedSequencePoints="17" numBranchPoints="1" visitedBranchPoints="1" sequenceCoverage="100" branchCoverage="100" maxCyclomaticComplexity="2" minCyclomaticComplexity="2" maxCrapScore="2" minCrapScore="2" visitedClasses="0" numClasses="0" visitedMethods="1" numMethods="1" />
              <MetadataToken>100663300</MetadataToken>
              <Name>System.Void www.Tests.Sistema::InicioDeSesionContraseñaCaducadaTest()</Name>
              <FileRef uid="1" />
              <SequencePoints>
                <SequencePoint vc="1" uspid="42" ordinal="0" offset="0" sl="77" sc="9" el="77" ec="10" bec="0" bev="0" fileid="1" />
                <SequencePoint vc="1" uspid="43" ordinal="1" offset="1" sl="78" sc="13" el="78" ec="20" bec="0" bev="0" fileid="1" />
                <SequencePoint vc="1" uspid="44" ordinal="2" offset="2" sl="78" sc="36" el="78" ec="43" bec="0" bev="0" fileid="1" />
                <SequencePoint vc="2" uspid="45" ordinal="3" offset="15" sl="78" sc="22" el="78" ec="32" bec="0" bev="0" fileid="1" />
                <SequencePoint vc="2" uspid="46" ordinal="4" offset="19" sl="79" sc="13" el="79" ec="14" bec="0" bev="0" fileid="1" />
                <SequencePoint vc="2" uspid="47" ordinal="5" offset="20" sl="80" sc="17" el="80" ec="81" bec="0" bev="0" fileid="1" />
                <SequencePoint vc="2" uspid="48" ordinal="6" offset="37" sl="81" sc="17" el="81" ec="104" bec="0" bev="0" fileid="1" />
                <SequencePoint vc="2" uspid="49" ordinal="7" offset="69" sl="82" sc="17" el="82" ec="66" bec="0" bev="0" fileid="1" />
                <SequencePoint vc="2" uspid="50" ordinal="8" offset="91" sl="83" sc="17" el="83" ec="89" bec="0" bev="0" fileid="1" />
                <SequencePoint vc="2" uspid="51" ordinal="9" offset="118" sl="84" sc="17" el="84" ec="66" bec="0" bev="0" fileid="1" />
                <SequencePoint vc="2" uspid="52" ordinal="10" offset="140" sl="85" sc="17" el="85" ec="82" bec="0" bev="0" fileid="1" />
                <SequencePoint vc="2" uspid="53" ordinal="11" offset="167" sl="86" sc="17" el="86" ec="61" bec="0" bev="0" fileid="1" />
                <SequencePoint vc="2" uspid="54" ordinal="12" offset="189" sl="87" sc="17" el="87" ec="35" bec="0" bev="0" fileid="1" />
                <SequencePoint vc="2" uspid="55" ordinal="13" offset="197" sl="88" sc="17" el="88" ec="134" bec="0" bev="0" fileid="1" />
                <SequencePoint vc="2" uspid="56" ordinal="14" offset="229" sl="89" sc="13" el="89" ec="14" bec="0" bev="0" fileid="1" />
                <SequencePoint vc="3" uspid="57" ordinal="15" offset="234" sl="78" sc="33" el="78" ec="35" bec="0" bev="0" fileid="1" />
                <SequencePoint vc="1" uspid="58" ordinal="16" offset="243" sl="90" sc="9" el="90" ec="10" bec="0" bev="0" fileid="1" />
              </SequencePoints>
              <BranchPoints />
              <MethodPoint xsi:type="SequencePoint" vc="1" uspid="42" ordinal="0" offset="0" sl="77" sc="9" el="77" ec="10" bec="0" bev="0" fileid="1" />
            </Method>
            <Method visited="true" cyclomaticComplexity="2" nPathComplexity="0" sequenceCoverage="100" branchCoverage="100" crapScore="2" isConstructor="false" isStatic="false" isGetter="false" isSetter="false">
              <Summary numSequencePoints="20" visitedSequencePoints="20" numBranchPoints="1" visitedBranchPoints="1" sequenceCoverage="100" branchCoverage="100" maxCyclomaticComplexity="2" minCyclomaticComplexity="2" maxCrapScore="2" minCrapScore="2" visitedClasses="0" numClasses="0" visitedMethods="1" numMethods="1" />
              <MetadataToken>100663301</MetadataToken>
              <Name>System.Void www.Tests.Sistema::InicioDeSesionGestorTest()</Name>
              <FileRef uid="1" />
              <SequencePoints>
                <SequencePoint vc="1" uspid="61" ordinal="0" offset="0" sl="106" sc="9" el="106" ec="10" bec="0" bev="0" fileid="1" />
                <SequencePoint vc="1" uspid="62" ordinal="1" offset="1" sl="107" sc="13" el="107" ec="20" bec="0" bev="0" fileid="1" />
                <SequencePoint vc="1" uspid="63" ordinal="2" offset="2" sl="107" sc="36" el="107" ec="43" bec="0" bev="0" fileid="1" />
                <SequencePoint vc="2" uspid="64" ordinal="3" offset="15" sl="107" sc="22" el="107" ec="32" bec="0" bev="0" fileid="1" />
                <SequencePoint vc="2" uspid="65" ordinal="4" offset="19" sl="108" sc="13" el="108" ec="14" bec="0" bev="0" fileid="1" />
                <SequencePoint vc="2" uspid="66" ordinal="5" offset="20" sl="109" sc="17" el="109" ec="81" bec="0" bev="0" fileid="1" />
                <SequencePoint vc="2" uspid="67" ordinal="6" offset="37" sl="110" sc="17" el="110" ec="104" bec="0" bev="0" fileid="1" />
                <SequencePoint vc="2" uspid="68" ordinal="7" offset="69" sl="111" sc="17" el="111" ec="66" bec="0" bev="0" fileid="1" />
                <SequencePoint vc="2" uspid="69" ordinal="8" offset="91" sl="112" sc="17" el="112" ec="84" bec="0" bev="0" fileid="1" />
                <SequencePoint vc="2" uspid="70" ordinal="9" offset="118" sl="113" sc="17" el="113" ec="66" bec="0" bev="0" fileid="1" />
                <SequencePoint vc="2" uspid="71" ordinal="10" offset="140" sl="114" sc="17" el="114" ec="80" bec="0" bev="0" fileid="1" />
                <SequencePoint vc="2" uspid="72" ordinal="11" offset="167" sl="115" sc="17" el="115" ec="61" bec="0" bev="0" fileid="1" />
                <SequencePoint vc="2" uspid="73" ordinal="12" offset="189" sl="116" sc="17" el="116" ec="35" bec="0" bev="0" fileid="1" />
                <SequencePoint vc="2" uspid="74" ordinal="13" offset="197" sl="117" sc="17" el="117" ec="95" bec="0" bev="0" fileid="1" />
                <SequencePoint vc="2" uspid="75" ordinal="14" offset="229" sl="118" sc="17" el="118" ec="70" bec="0" bev="0" fileid="1" />
                <SequencePoint vc="2" uspid="76" ordinal="15" offset="251" sl="119" sc="17" el="119" ec="35" bec="0" bev="0" fileid="1" />
                <SequencePoint vc="2" uspid="77" ordinal="16" offset="259" sl="120" sc="17" el="120" ec="104" bec="0" bev="0" fileid="1" />
                <SequencePoint vc="2" uspid="78" ordinal="17" offset="291" sl="121" sc="13" el="121" ec="14" bec="0" bev="0" fileid="1" />
                <SequencePoint vc="3" uspid="79" ordinal="18" offset="296" sl="107" sc="33" el="107" ec="35" bec="0" bev="0" fileid="1" />
                <SequencePoint vc="1" uspid="80" ordinal="19" offset="305" sl="122" sc="9" el="122" ec="10" bec="0" bev="0" fileid="1" />
              </SequencePoints>
              <BranchPoints />
              <MethodPoint xsi:type="SequencePoint" vc="1" uspid="61" ordinal="0" offset="0" sl="106" sc="9" el="106" ec="10" bec="0" bev="0" fileid="1" />
            </Method>
            <Method visited="true" cyclomaticComplexity="2" nPathComplexity="0" sequenceCoverage="100" branchCoverage="100" crapScore="2" isConstructor="false" isStatic="false" isGetter="false" isSetter="false">
              <Summary numSequencePoints="15" visitedSequencePoints="15" numBranchPoints="1" visitedBranchPoints="1" sequenceCoverage="100" branchCoverage="100" maxCyclomaticComplexity="2" minCyclomaticComplexity="2" maxCrapScore="2" minCrapScore="2" visitedClasses="0" numClasses="0" visitedMethods="1" numMethods="1" />
              <MetadataToken>100663302</MetadataToken>
              <Name>System.Void www.Tests.Sistema::InicioDeSesionBlancoTest()</Name>
              <FileRef uid="1" />
              <SequencePoints>
                <SequencePoint vc="1" uspid="83" ordinal="0" offset="0" sl="135" sc="9" el="135" ec="10" bec="0" bev="0" fileid="1" />
                <SequencePoint vc="1" uspid="84" ordinal="1" offset="1" sl="136" sc="13" el="136" ec="20" bec="0" bev="0" fileid="1" />
                <SequencePoint vc="1" uspid="85" ordinal="2" offset="2" sl="136" sc="36" el="136" ec="43" bec="0" bev="0" fileid="1" />
                <SequencePoint vc="2" uspid="86" ordinal="3" offset="15" sl="136" sc="22" el="136" ec="32" bec="0" bev="0" fileid="1" />
                <SequencePoint vc="2" uspid="87" ordinal="4" offset="19" sl="137" sc="13" el="137" ec="14" bec="0" bev="0" fileid="1" />
                <SequencePoint vc="2" uspid="88" ordinal="5" offset="20" sl="138" sc="17" el="138" ec="81" bec="0" bev="0" fileid="1" />
                <SequencePoint vc="2" uspid="89" ordinal="6" offset="37" sl="139" sc="17" el="139" ec="104" bec="0" bev="0" fileid="1" />
                <SequencePoint vc="2" uspid="90" ordinal="7" offset="69" sl="140" sc="17" el="140" ec="66" bec="0" bev="0" fileid="1" />
                <SequencePoint vc="2" uspid="91" ordinal="8" offset="91" sl="141" sc="17" el="141" ec="66" bec="0" bev="0" fileid="1" />
                <SequencePoint vc="2" uspid="92" ordinal="9" offset="113" sl="142" sc="17" el="142" ec="61" bec="0" bev="0" fileid="1" />
                <SequencePoint vc="2" uspid="93" ordinal="10" offset="135" sl="143" sc="17" el="143" ec="35" bec="0" bev="0" fileid="1" />
                <SequencePoint vc="2" uspid="94" ordinal="11" offset="143" sl="144" sc="17" el="144" ec="97" bec="0" bev="0" fileid="1" />
                <SequencePoint vc="2" uspid="95" ordinal="12" offset="175" sl="145" sc="13" el="145" ec="14" bec="0" bev="0" fileid="1" />
                <SequencePoint vc="3" uspid="96" ordinal="13" offset="180" sl="136" sc="33" el="136" ec="35" bec="0" bev="0" fileid="1" />
                <SequencePoint vc="1" uspid="97" ordinal="14" offset="189" sl="146" sc="9" el="146" ec="10" bec="0" bev="0" fileid="1" />
              </SequencePoints>
              <BranchPoints />
              <MethodPoint xsi:type="SequencePoint" vc="1" uspid="83" ordinal="0" offset="0" sl="135" sc="9" el="135" ec="10" bec="0" bev="0" fileid="1" />
            </Method>
            <Method visited="true" cyclomaticComplexity="2" nPathComplexity="0" sequenceCoverage="100" branchCoverage="100" crapScore="2" isConstructor="false" isStatic="false" isGetter="false" isSetter="false">
              <Summary numSequencePoints="17" visitedSequencePoints="17" numBranchPoints="1" visitedBranchPoints="1" sequenceCoverage="100" branchCoverage="100" maxCyclomaticComplexity="2" minCyclomaticComplexity="2" maxCrapScore="2" minCrapScore="2" visitedClasses="0" numClasses="0" visitedMethods="1" numMethods="1" />
              <MetadataToken>100663303</MetadataToken>
              <Name>System.Void www.Tests.Sistema::InicioDeSesionUsuarioInexistenteTest()</Name>
              <FileRef uid="1" />
              <SequencePoints>
                <SequencePoint vc="1" uspid="100" ordinal="0" offset="0" sl="150" sc="9" el="150" ec="10" bec="0" bev="0" fileid="1" />
                <SequencePoint vc="1" uspid="101" ordinal="1" offset="1" sl="151" sc="13" el="151" ec="20" bec="0" bev="0" fileid="1" />
                <SequencePoint vc="1" uspid="102" ordinal="2" offset="2" sl="151" sc="36" el="151" ec="43" bec="0" bev="0" fileid="1" />
                <SequencePoint vc="2" uspid="103" ordinal="3" offset="15" sl="151" sc="22" el="151" ec="32" bec="0" bev="0" fileid="1" />
                <SequencePoint vc="2" uspid="104" ordinal="4" offset="19" sl="152" sc="13" el="152" ec="14" bec="0" bev="0" fileid="1" />
                <SequencePoint vc="2" uspid="105" ordinal="5" offset="20" sl="153" sc="17" el="153" ec="81" bec="0" bev="0" fileid="1" />
                <SequencePoint vc="2" uspid="106" ordinal="6" offset="37" sl="154" sc="17" el="154" ec="104" bec="0" bev="0" fileid="1" />
                <SequencePoint vc="2" uspid="107" ordinal="7" offset="69" sl="155" sc="17" el="155" ec="66" bec="0" bev="0" fileid="1" />
                <SequencePoint vc="2" uspid="108" ordinal="8" offset="91" sl="156" sc="17" el="156" ec="86" bec="0" bev="0" fileid="1" />
                <SequencePoint vc="2" uspid="109" ordinal="9" offset="118" sl="157" sc="17" el="157" ec="66" bec="0" bev="0" fileid="1" />
                <SequencePoint vc="2" uspid="110" ordinal="10" offset="140" sl="158" sc="17" el="158" ec="80" bec="0" bev="0" fileid="1" />
                <SequencePoint vc="2" uspid="111" ordinal="11" offset="167" sl="159" sc="17" el="159" ec="61" bec="0" bev="0" fileid="1" />
                <SequencePoint vc="2" uspid="112" ordinal="12" offset="189" sl="160" sc="17" el="160" ec="35" bec="0" bev="0" fileid="1" />
                <SequencePoint vc="2" uspid="113" ordinal="13" offset="197" sl="161" sc="17" el="161" ec="97" bec="0" bev="0" fileid="1" />
                <SequencePoint vc="2" uspid="114" ordinal="14" offset="229" sl="162" sc="13" el="162" ec="14" bec="0" bev="0" fileid="1" />
                <SequencePoint vc="3" uspid="115" ordinal="15" offset="234" sl="151" sc="33" el="151" ec="35" bec="0" bev="0" fileid="1" />
                <SequencePoint vc="1" uspid="116" ordinal="16" offset="243" sl="163" sc="9" el="163" ec="10" bec="0" bev="0" fileid="1" />
              </SequencePoints>
              <BranchPoints />
              <MethodPoint xsi:type="SequencePoint" vc="1" uspid="100" ordinal="0" offset="0" sl="150" sc="9" el="150" ec="10" bec="0" bev="0" fileid="1" />
            </Method>
            <Method visited="true" cyclomaticComplexity="2" nPathComplexity="0" sequenceCoverage="100" branchCoverage="100" crapScore="2" isConstructor="false" isStatic="false" isGetter="false" isSetter="false">
              <Summary numSequencePoints="17" visitedSequencePoints="17" numBranchPoints="1" visitedBranchPoints="1" sequenceCoverage="100" branchCoverage="100" maxCyclomaticComplexity="2" minCyclomaticComplexity="2" maxCrapScore="2" minCrapScore="2" visitedClasses="0" numClasses="0" visitedMethods="1" numMethods="1" />
              <MetadataToken>100663304</MetadataToken>
              <Name>System.Void www.Tests.Sistema::InicioDeSesionUsuarioPassErroneaTest()</Name>
              <FileRef uid="1" />
              <SequencePoints>
                <SequencePoint vc="1" uspid="119" ordinal="0" offset="0" sl="176" sc="9" el="176" ec="10" bec="0" bev="0" fileid="1" />
                <SequencePoint vc="1" uspid="120" ordinal="1" offset="1" sl="177" sc="13" el="177" ec="20" bec="0" bev="0" fileid="1" />
                <SequencePoint vc="1" uspid="121" ordinal="2" offset="2" sl="177" sc="36" el="177" ec="43" bec="0" bev="0" fileid="1" />
                <SequencePoint vc="2" uspid="122" ordinal="3" offset="15" sl="177" sc="22" el="177" ec="32" bec="0" bev="0" fileid="1" />
                <SequencePoint vc="2" uspid="123" ordinal="4" offset="19" sl="178" sc="13" el="178" ec="14" bec="0" bev="0" fileid="1" />
                <SequencePoint vc="2" uspid="124" ordinal="5" offset="20" sl="179" sc="17" el="179" ec="81" bec="0" bev="0" fileid="1" />
                <SequencePoint vc="2" uspid="125" ordinal="6" offset="37" sl="180" sc="17" el="180" ec="104" bec="0" bev="0" fileid="1" />
                <SequencePoint vc="2" uspid="126" ordinal="7" offset="69" sl="181" sc="17" el="181" ec="66" bec="0" bev="0" fileid="1" />
                <SequencePoint vc="2" uspid="127" ordinal="8" offset="91" sl="182" sc="17" el="182" ec="84" bec="0" bev="0" fileid="1" />
                <SequencePoint vc="2" uspid="128" ordinal="9" offset="118" sl="183" sc="17" el="183" ec="66" bec="0" bev="0" fileid="1" />
                <SequencePoint vc="2" uspid="129" ordinal="10" offset="140" sl="184" sc="17" el="184" ec="81" bec="0" bev="0" fileid="1" />
                <SequencePoint vc="2" uspid="130" ordinal="11" offset="167" sl="185" sc="17" el="185" ec="61" bec="0" bev="0" fileid="1" />
                <SequencePoint vc="2" uspid="131" ordinal="12" offset="189" sl="186" sc="17" el="186" ec="35" bec="0" bev="0" fileid="1" />
                <SequencePoint vc="2" uspid="132" ordinal="13" offset="197" sl="187" sc="17" el="187" ec="102" bec="0" bev="0" fileid="1" />
                <SequencePoint vc="2" uspid="133" ordinal="14" offset="229" sl="188" sc="13" el="188" ec="14" bec="0" bev="0" fileid="1" />
                <SequencePoint vc="3" uspid="134" ordinal="15" offset="234" sl="177" sc="33" el="177" ec="35" bec="0" bev="0" fileid="1" />
                <SequencePoint vc="1" uspid="135" ordinal="16" offset="243" sl="189" sc="9" el="189" ec="10" bec="0" bev="0" fileid="1" />
              </SequencePoints>
              <BranchPoints />
              <MethodPoint xsi:type="SequencePoint" vc="1" uspid="119" ordinal="0" offset="0" sl="176" sc="9" el="176" ec="10" bec="0" bev="0" fileid="1" />
            </Method>
            <Method visited="true" cyclomaticComplexity="2" nPathComplexity="0" sequenceCoverage="95.65" branchCoverage="100" crapScore="2.00" isConstructor="false" isStatic="false" isGetter="false" isSetter="false">
              <Summary numSequencePoints="23" visitedSequencePoints="22" numBranchPoints="1" visitedBranchPoints="1" sequenceCoverage="95.65" branchCoverage="100" maxCyclomaticComplexity="2" minCyclomaticComplexity="2" maxCrapScore="2.00" minCrapScore="2.00" visitedClasses="0" numClasses="0" visitedMethods="1" numMethods="1" />
              <MetadataToken>100663305</MetadataToken>
              <Name>System.Void www.Tests.Sistema::GestorGestionDeUsuariosTest()</Name>
              <FileRef uid="1" />
              <SequencePoints>
                <SequencePoint vc="1" uspid="138" ordinal="0" offset="0" sl="193" sc="9" el="193" ec="10" bec="0" bev="0" fileid="1" />
                <SequencePoint vc="1" uspid="139" ordinal="1" offset="1" sl="194" sc="13" el="194" ec="20" bec="0" bev="0" fileid="1" />
                <SequencePoint vc="1" uspid="140" ordinal="2" offset="2" sl="194" sc="36" el="194" ec="43" bec="0" bev="0" fileid="1" />
                <SequencePoint vc="2" uspid="141" ordinal="3" offset="15" sl="194" sc="22" el="194" ec="32" bec="0" bev="0" fileid="1" />
                <SequencePoint vc="2" uspid="142" ordinal="4" offset="19" sl="195" sc="13" el="195" ec="14" bec="0" bev="0" fileid="1" />
                <SequencePoint vc="2" uspid="143" ordinal="5" offset="20" sl="196" sc="17" el="196" ec="81" bec="0" bev="0" fileid="1" />
                <SequencePoint vc="2" uspid="144" ordinal="6" offset="37" sl="197" sc="17" el="197" ec="66" bec="0" bev="0" fileid="1" />
                <SequencePoint vc="2" uspid="145" ordinal="7" offset="59" sl="198" sc="17" el="198" ec="84" bec="0" bev="0" fileid="1" />
                <SequencePoint vc="2" uspid="146" ordinal="8" offset="86" sl="199" sc="17" el="199" ec="66" bec="0" bev="0" fileid="1" />
                <SequencePoint vc="2" uspid="147" ordinal="9" offset="108" sl="200" sc="17" el="200" ec="80" bec="0" bev="0" fileid="1" />
                <SequencePoint vc="2" uspid="148" ordinal="10" offset="135" sl="201" sc="17" el="201" ec="61" bec="0" bev="0" fileid="1" />
                <SequencePoint vc="2" uspid="149" ordinal="11" offset="157" sl="202" sc="17" el="202" ec="35" bec="0" bev="0" fileid="1" />
                <SequencePoint vc="2" uspid="150" ordinal="12" offset="165" sl="203" sc="17" el="203" ec="95" bec="0" bev="0" fileid="1" />
                <SequencePoint vc="2" uspid="151" ordinal="13" offset="197" sl="204" sc="17" el="204" ec="74" bec="0" bev="0" fileid="1" />
                <SequencePoint vc="2" uspid="152" ordinal="14" offset="219" sl="205" sc="17" el="205" ec="35" bec="0" bev="0" fileid="1" />
                <SequencePoint vc="2" uspid="153" ordinal="15" offset="227" sl="206" sc="17" el="206" ec="118" bec="0" bev="0" fileid="1" />
                <SequencePoint vc="2" uspid="154" ordinal="16" offset="260" sl="207" sc="17" el="207" ec="35" bec="0" bev="0" fileid="1" />
                <SequencePoint vc="2" uspid="155" ordinal="17" offset="268" sl="208" sc="17" el="208" ec="131" bec="0" bev="0" fileid="1" />
                <SequencePoint vc="1" uspid="156" ordinal="18" offset="300" sl="209" sc="17" el="209" ec="144" bec="0" bev="0" fileid="1" />
                <SequencePoint vc="1" uspid="157" ordinal="19" offset="332" sl="210" sc="17" el="210" ec="70" bec="0" bev="0" fileid="1" />
                <SequencePoint vc="1" uspid="158" ordinal="20" offset="354" sl="211" sc="13" el="211" ec="14" bec="0" bev="0" fileid="1" />
                <SequencePoint vc="2" uspid="159" ordinal="21" offset="359" sl="194" sc="33" el="194" ec="35" bec="0" bev="0" fileid="1" />
                <SequencePoint vc="0" uspid="160" ordinal="22" offset="368" sl="212" sc="9" el="212" ec="10" bec="0" bev="0" fileid="1" />
              </SequencePoints>
              <BranchPoints />
              <MethodPoint xsi:type="SequencePoint" vc="1" uspid="138" ordinal="0" offset="0" sl="193" sc="9" el="193" ec="10" bec="0" bev="0" fileid="1" />
            </Method>
            <Method visited="true" cyclomaticComplexity="2" nPathComplexity="0" sequenceCoverage="95.83" branchCoverage="100" crapScore="2.00" isConstructor="false" isStatic="false" isGetter="false" isSetter="false">
              <Summary numSequencePoints="24" visitedSequencePoints="23" numBranchPoints="1" visitedBranchPoints="1" sequenceCoverage="95.83" branchCoverage="100" maxCyclomaticComplexity="2" minCyclomaticComplexity="2" maxCrapScore="2.00" minCrapScore="2.00" visitedClasses="0" numClasses="0" visitedMethods="1" numMethods="1" />
              <MetadataToken>100663306</MetadataToken>
              <Name>System.Void www.Tests.Sistema::GestorLogTest()</Name>
              <FileRef uid="1" />
              <SequencePoints>
                <SequencePoint vc="1" uspid="163" ordinal="0" offset="0" sl="216" sc="9" el="216" ec="10" bec="0" bev="0" fileid="1" />
                <SequencePoint vc="1" uspid="164" ordinal="1" offset="1" sl="217" sc="13" el="217" ec="20" bec="0" bev="0" fileid="1" />
                <SequencePoint vc="1" uspid="165" ordinal="2" offset="2" sl="217" sc="36" el="217" ec="43" bec="0" bev="0" fileid="1" />
                <SequencePoint vc="2" uspid="166" ordinal="3" offset="15" sl="217" sc="22" el="217" ec="32" bec="0" bev="0" fileid="1" />
                <SequencePoint vc="2" uspid="167" ordinal="4" offset="19" sl="218" sc="13" el="218" ec="14" bec="0" bev="0" fileid="1" />
                <SequencePoint vc="2" uspid="168" ordinal="5" offset="20" sl="219" sc="17" el="219" ec="81" bec="0" bev="0" fileid="1" />
                <SequencePoint vc="2" uspid="169" ordinal="6" offset="37" sl="220" sc="17" el="220" ec="66" bec="0" bev="0" fileid="1" />
                <SequencePoint vc="1" uspid="170" ordinal="7" offset="59" sl="221" sc="17" el="221" ec="84" bec="0" bev="0" fileid="1" />
                <SequencePoint vc="1" uspid="171" ordinal="8" offset="86" sl="222" sc="17" el="222" ec="66" bec="0" bev="0" fileid="1" />
                <SequencePoint vc="1" uspid="172" ordinal="9" offset="108" sl="223" sc="17" el="223" ec="80" bec="0" bev="0" fileid="1" />
                <SequencePoint vc="1" uspid="173" ordinal="10" offset="135" sl="224" sc="17" el="224" ec="61" bec="0" bev="0" fileid="1" />
                <SequencePoint vc="1" uspid="174" ordinal="11" offset="157" sl="225" sc="17" el="225" ec="35" bec="0" bev="0" fileid="1" />
                <SequencePoint vc="1" uspid="175" ordinal="12" offset="165" sl="226" sc="17" el="226" ec="95" bec="0" bev="0" fileid="1" />
                <SequencePoint vc="1" uspid="176" ordinal="13" offset="197" sl="227" sc="17" el="227" ec="74" bec="0" bev="0" fileid="1" />
                <SequencePoint vc="1" uspid="177" ordinal="14" offset="219" sl="228" sc="17" el="228" ec="35" bec="0" bev="0" fileid="1" />
                <SequencePoint vc="1" uspid="178" ordinal="15" offset="227" sl="229" sc="17" el="229" ec="105" bec="0" bev="0" fileid="1" />
                <SequencePoint vc="1" uspid="179" ordinal="16" offset="260" sl="230" sc="17" el="230" ec="35" bec="0" bev="0" fileid="1" />
                <SequencePoint vc="1" uspid="180" ordinal="17" offset="268" sl="231" sc="17" el="231" ec="125" bec="0" bev="0" fileid="1" />
                <SequencePoint vc="1" uspid="181" ordinal="18" offset="300" sl="232" sc="17" el="232" ec="153" bec="0" bev="0" fileid="1" />
                <SequencePoint vc="1" uspid="182" ordinal="19" offset="332" sl="233" sc="17" el="233" ec="130" bec="0" bev="0" fileid="1" />
                <SequencePoint vc="1" uspid="183" ordinal="20" offset="364" sl="234" sc="17" el="234" ec="70" bec="0" bev="0" fileid="1" />
                <SequencePoint vc="1" uspid="184" ordinal="21" offset="386" sl="235" sc="13" el="235" ec="14" bec="0" bev="0" fileid="1" />
                <SequencePoint vc="2" uspid="185" ordinal="22" offset="391" sl="217" sc="33" el="217" ec="35" bec="0" bev="0" fileid="1" />
                <SequencePoint vc="0" uspid="186" ordinal="23" offset="400" sl="236" sc="9" el="236" ec="10" bec="0" bev="0" fileid="1" />
              </SequencePoints>
              <BranchPoints />
              <MethodPoint xsi:type="SequencePoint" vc="1" uspid="163" ordinal="0" offset="0" sl="216" sc="9" el="216" ec="10" bec="0" bev="0" fileid="1" />
            </Method>
            <Method visited="true" cyclomaticComplexity="2" nPathComplexity="0" sequenceCoverage="96.30" branchCoverage="100" crapScore="2.00" isConstructor="false" isStatic="false" isGetter="false" isSetter="false">
              <Summary numSequencePoints="27" visitedSequencePoints="26" numBranchPoints="1" visitedBranchPoints="1" sequenceCoverage="96.30" branchCoverage="100" maxCyclomaticComplexity="2" minCyclomaticComplexity="2" maxCrapScore="2.00" minCrapScore="2.00" visitedClasses="0" numClasses="0" visitedMethods="1" numMethods="1" />
              <MetadataToken>100663307</MetadataToken>
              <Name>System.Void www.Tests.Sistema::GestorIrEntradasTest()</Name>
              <FileRef uid="1" />
              <SequencePoints>
                <SequencePoint vc="1" uspid="189" ordinal="0" offset="0" sl="240" sc="9" el="240" ec="10" bec="0" bev="0" fileid="1" />
                <SequencePoint vc="1" uspid="190" ordinal="1" offset="1" sl="241" sc="13" el="241" ec="20" bec="0" bev="0" fileid="1" />
                <SequencePoint vc="1" uspid="191" ordinal="2" offset="2" sl="241" sc="36" el="241" ec="43" bec="0" bev="0" fileid="1" />
                <SequencePoint vc="2" uspid="192" ordinal="3" offset="15" sl="241" sc="22" el="241" ec="32" bec="0" bev="0" fileid="1" />
                <SequencePoint vc="2" uspid="193" ordinal="4" offset="19" sl="242" sc="13" el="242" ec="14" bec="0" bev="0" fileid="1" />
                <SequencePoint vc="2" uspid="194" ordinal="5" offset="20" sl="243" sc="17" el="243" ec="81" bec="0" bev="0" fileid="1" />
                <SequencePoint vc="2" uspid="195" ordinal="6" offset="37" sl="244" sc="17" el="244" ec="66" bec="0" bev="0" fileid="1" />
                <SequencePoint vc="1" uspid="196" ordinal="7" offset="59" sl="245" sc="17" el="245" ec="84" bec="0" bev="0" fileid="1" />
                <SequencePoint vc="1" uspid="197" ordinal="8" offset="86" sl="246" sc="17" el="246" ec="66" bec="0" bev="0" fileid="1" />
                <SequencePoint vc="1" uspid="198" ordinal="9" offset="108" sl="247" sc="17" el="247" ec="80" bec="0" bev="0" fileid="1" />
                <SequencePoint vc="1" uspid="199" ordinal="10" offset="135" sl="248" sc="17" el="248" ec="61" bec="0" bev="0" fileid="1" />
                <SequencePoint vc="1" uspid="200" ordinal="11" offset="157" sl="249" sc="17" el="249" ec="35" bec="0" bev="0" fileid="1" />
                <SequencePoint vc="1" uspid="201" ordinal="12" offset="165" sl="250" sc="17" el="250" ec="95" bec="0" bev="0" fileid="1" />
                <SequencePoint vc="1" uspid="202" ordinal="13" offset="197" sl="251" sc="17" el="251" ec="68" bec="0" bev="0" fileid="1" />
                <SequencePoint vc="1" uspid="203" ordinal="14" offset="219" sl="252" sc="17" el="252" ec="35" bec="0" bev="0" fileid="1" />
                <SequencePoint vc="1" uspid="204" ordinal="15" offset="227" sl="253" sc="17" el="253" ec="92" bec="0" bev="0" fileid="1" />
                <SequencePoint vc="1" uspid="205" ordinal="16" offset="259" sl="254" sc="17" el="254" ec="127" bec="0" bev="0" fileid="1" />
                <SequencePoint vc="1" uspid="206" ordinal="17" offset="291" sl="255" sc="17" el="255" ec="90" bec="0" bev="0" fileid="1" />
                <SequencePoint vc="1" uspid="207" ordinal="18" offset="313" sl="256" sc="17" el="256" ec="35" bec="0" bev="0" fileid="1" />
                <SequencePoint vc="1" uspid="208" ordinal="19" offset="321" sl="257" sc="17" el="257" ec="152" bec="0" bev="0" fileid="1" />
                <SequencePoint vc="1" uspid="209" ordinal="20" offset="353" sl="258" sc="17" el="258" ec="67" bec="0" bev="0" fileid="1" />
                <SequencePoint vc="1" uspid="210" ordinal="21" offset="375" sl="259" sc="17" el="259" ec="35" bec="0" bev="0" fileid="1" />
                <SequencePoint vc="1" uspid="211" ordinal="22" offset="383" sl="260" sc="17" el="260" ec="95" bec="0" bev="0" fileid="1" />
                <SequencePoint vc="1" uspid="212" ordinal="23" offset="415" sl="261" sc="17" el="261" ec="70" bec="0" bev="0" fileid="1" />
                <SequencePoint vc="1" uspid="213" ordinal="24" offset="437" sl="262" sc="13" el="262" ec="14" bec="0" bev="0" fileid="1" />
                <SequencePoint vc="2" uspid="214" ordinal="25" offset="442" sl="241" sc="33" el="241" ec="35" bec="0" bev="0" fileid="1" />
                <SequencePoint vc="0" uspid="215" ordinal="26" offset="451" sl="263" sc="9" el="263" ec="10" bec="0" bev="0" fileid="1" />
              </SequencePoints>
              <BranchPoints />
              <MethodPoint xsi:type="SequencePoint" vc="1" uspid="189" ordinal="0" offset="0" sl="240" sc="9" el="240" ec="10" bec="0" bev="0" fileid="1" />
            </Method>
            <Method visited="true" cyclomaticComplexity="2" nPathComplexity="0" sequenceCoverage="95.24" branchCoverage="100" crapScore="2.00" isConstructor="false" isStatic="false" isGetter="false" isSetter="false">
              <Summary numSequencePoints="21" visitedSequencePoints="20" numBranchPoints="1" visitedBranchPoints="1" sequenceCoverage="95.24" branchCoverage="100" maxCyclomaticComplexity="2" minCyclomaticComplexity="2" maxCrapScore="2.00" minCrapScore="2.00" visitedClasses="0" numClasses="0" visitedMethods="1" numMethods="1" />
              <MetadataToken>100663308</MetadataToken>
              <Name>System.Void www.Tests.Sistema::UsuarioAccedeEntradasTest()</Name>
              <FileRef uid="1" />
              <SequencePoints>
                <SequencePoint vc="1" uspid="218" ordinal="0" offset="0" sl="267" sc="9" el="267" ec="10" bec="0" bev="0" fileid="1" />
                <SequencePoint vc="1" uspid="219" ordinal="1" offset="1" sl="268" sc="13" el="268" ec="20" bec="0" bev="0" fileid="1" />
                <SequencePoint vc="1" uspid="220" ordinal="2" offset="2" sl="268" sc="36" el="268" ec="43" bec="0" bev="0" fileid="1" />
                <SequencePoint vc="2" uspid="221" ordinal="3" offset="15" sl="268" sc="22" el="268" ec="32" bec="0" bev="0" fileid="1" />
                <SequencePoint vc="2" uspid="222" ordinal="4" offset="19" sl="269" sc="13" el="269" ec="14" bec="0" bev="0" fileid="1" />
                <SequencePoint vc="2" uspid="223" ordinal="5" offset="20" sl="270" sc="17" el="270" ec="81" bec="0" bev="0" fileid="1" />
                <SequencePoint vc="2" uspid="224" ordinal="6" offset="37" sl="271" sc="17" el="271" ec="66" bec="0" bev="0" fileid="1" />
                <SequencePoint vc="1" uspid="225" ordinal="7" offset="59" sl="272" sc="17" el="272" ec="89" bec="0" bev="0" fileid="1" />
                <SequencePoint vc="1" uspid="226" ordinal="8" offset="86" sl="273" sc="17" el="273" ec="66" bec="0" bev="0" fileid="1" />
                <SequencePoint vc="1" uspid="227" ordinal="9" offset="108" sl="274" sc="17" el="274" ec="82" bec="0" bev="0" fileid="1" />
                <SequencePoint vc="1" uspid="228" ordinal="10" offset="135" sl="275" sc="17" el="275" ec="61" bec="0" bev="0" fileid="1" />
                <SequencePoint vc="1" uspid="229" ordinal="11" offset="157" sl="276" sc="17" el="276" ec="35" bec="0" bev="0" fileid="1" />
                <SequencePoint vc="1" uspid="230" ordinal="12" offset="165" sl="277" sc="17" el="277" ec="92" bec="0" bev="0" fileid="1" />
                <SequencePoint vc="1" uspid="231" ordinal="13" offset="197" sl="278" sc="17" el="278" ec="127" bec="0" bev="0" fileid="1" />
                <SequencePoint vc="1" uspid="232" ordinal="14" offset="229" sl="279" sc="17" el="279" ec="90" bec="0" bev="0" fileid="1" />
                <SequencePoint vc="1" uspid="233" ordinal="15" offset="251" sl="280" sc="17" el="280" ec="35" bec="0" bev="0" fileid="1" />
                <SequencePoint vc="1" uspid="234" ordinal="16" offset="259" sl="281" sc="17" el="281" ec="152" bec="0" bev="0" fileid="1" />
                <SequencePoint vc="1" uspid="235" ordinal="17" offset="291" sl="282" sc="17" el="282" ec="70" bec="0" bev="0" fileid="1" />
                <SequencePoint vc="1" uspid="236" ordinal="18" offset="313" sl="283" sc="13" el="283" ec="14" bec="0" bev="0" fileid="1" />
                <SequencePoint vc="2" uspid="237" ordinal="19" offset="318" sl="268" sc="33" el="268" ec="35" bec="0" bev="0" fileid="1" />
                <SequencePoint vc="0" uspid="238" ordinal="20" offset="327" sl="284" sc="9" el="284" ec="10" bec="0" bev="0" fileid="1" />
              </SequencePoints>
              <BranchPoints />
              <MethodPoint xsi:type="SequencePoint" vc="1" uspid="218" ordinal="0" offset="0" sl="267" sc="9" el="267" ec="10" bec="0" bev="0" fileid="1" />
            </Method>
            <Method visited="false" cyclomaticComplexity="1" nPathComplexity="0" sequenceCoverage="0" branchCoverage="0" crapScore="2" isConstructor="true" isStatic="false" isGetter="false" isSetter="false">
              <Summary numSequencePoints="0" visitedSequencePoints="0" numBranchPoints="0" visitedBranchPoints="0" sequenceCoverage="0" branchCoverage="0" maxCyclomaticComplexity="1" minCyclomaticComplexity="1" maxCrapScore="2" minCrapScore="2" visitedClasses="0" numClasses="0" visitedMethods="0" numMethods="0" />
              <MetadataToken>100663309</MetadataToken>
              <Name>System.Void www.Tests.Sistema::.ctor()</Name>
              <SequencePoints />
              <BranchPoints />
              <MethodPoint vc="0" uspid="241" ordinal="0" offset="0" />
            </Method>
          </Methods>
        </Class>
      </Classes>
    </Module>
  </Modules>
</CoverageSession>